#
# A fatal error has been detected by the Java Runtime Environment:
#
#  EXCEPTION_ACCESS_VIOLATION (0xc0000005) at pc=0x00007ff852246407, pid=16040, tid=11992
#
# JRE version: Java(TM) SE Runtime Environment (17.0.1+12) (build 17.0.1+12-LTS-39)
# Java VM: Java HotSpot(TM) 64-Bit Server VM (17.0.1+12-LTS-39, mixed mode, sharing, tiered, compressed oops, compressed class ptrs, g1 gc, windows-amd64)
# Problematic frame:
# C  [glass.dll+0x26407]
#
# No core dump will be written. Minidumps are not enabled by default on client versions of Windows
#
# If you would like to submit a bug report, please visit:
#   https://bugreport.java.com/bugreport/crash.jsp
#

---------------  S U M M A R Y ------------

Command Line: -Dfile.encoding=Cp1252 --module-path=C:\Users\coolnet\Desktop\Java\P2_Ai\bin;C:\Program Files\Java\openjfx-19.0.2.1_windows-x64_bin-sdk\javafx-sdk-19.0.2.1\lib\javafx-swt.jar;C:\Program Files\Java\openjfx-19.0.2.1_windows-x64_bin-sdk\javafx-sdk-19.0.2.1\lib\javafx.base.jar;C:\Program Files\Java\openjfx-19.0.2.1_windows-x64_bin-sdk\javafx-sdk-19.0.2.1\lib\javafx.controls.jar;C:\Program Files\Java\openjfx-19.0.2.1_windows-x64_bin-sdk\javafx-sdk-19.0.2.1\lib\javafx.fxml.jar;C:\Program Files\Java\openjfx-19.0.2.1_windows-x64_bin-sdk\javafx-sdk-19.0.2.1\lib\javafx.graphics.jar;C:\Program Files\Java\openjfx-19.0.2.1_windows-x64_bin-sdk\javafx-sdk-19.0.2.1\lib\javafx.media.jar;C:\Program Files\Java\openjfx-19.0.2.1_windows-x64_bin-sdk\javafx-sdk-19.0.2.1\lib\javafx.swing.jar;C:\Program Files\Java\openjfx-19.0.2.1_windows-x64_bin-sdk\javafx-sdk-19.0.2.1\lib\javafx.web.jar;C:\Program Files\Java\openjfx-19.0.2.1_windows-x64_bin-sdk\javafx-sdk-19.0.2.1\lib\weka-src.jar;C:\Program Files\Java\openjfx-19.0.2.1_windows-x64_bin-sdk\javafx-sdk-19.0.2.1\lib\weka.jar;C:\Users\coolnet\.p2\pool\plugins\org.eclipse.fx.ide.css.jfx8_3.7.0.202010120832.jar -XX:+ShowCodeDetailsInExceptionMessages -Djdk.module.main=P2_Ai P2_Ai/application.Main

Host: Intel(R) Core(TM) i7-8550U CPU @ 1.80GHz, 8 cores, 7G,  Windows 10 , 64 bit Build 22621 (10.0.22621.2506)
Time: Thu Jan 25 06:13:57 2024 Jerusalem Standard Time elapsed time: 25.050126 seconds (0d 0h 0m 25s)

---------------  T H R E A D  ---------------

Current thread (0x0000029bf68a3c30):  VMThread "VM Thread" [stack: 0x000000afc9500000,0x000000afc9600000] [id=11992]

Stack: [0x000000afc9500000,0x000000afc9600000],  sp=0x000000afc95ff1a0,  free space=1020k
Native frames: (J=compiled Java code, j=interpreted, Vv=VM code, C=native code)
C  [glass.dll+0x26407]


siginfo: EXCEPTION_ACCESS_VIOLATION (0xc0000005), reading address 0x0000000000000000


Register to memory mapping:

RIP=0x00007ff852246407 glass.dll
RAX=0x0 is NULL
RBX=0x0000029bf68b7958 is a global jni handle
RCX=0x0000029bf68a3c30 points into unknown readable memory: 0x00007ff82b8fc5e0 | e0 c5 8f 2b f8 7f 00 00
RDX=0x000000afc95ff1a0 points into unknown readable memory: 0x0000000000000000 | 00 00 00 00 00 00 00 00
RSP=0x000000afc95ff1a0 points into unknown readable memory: 0x0000000000000000 | 00 00 00 00 00 00 00 00
RBP=0x0000029bf7c22918 points into unknown readable memory: 0x00004bc79bd22865 | 65 28 d2 9b c7 4b 00 00
RSI=0x000000afc95ff2a8 points into unknown readable memory: 0x000000afc95ff290 | 90 f2 5f c9 af 00 00 00
RDI=0x0000029bf7c228f0 points into unknown readable memory: 0x448740c79bddd76f | 6f d7 dd 9b c7 40 87 44
R8 =0x0000000000010002 is an unknown value
R9 =0x0000029bf7c228f0 points into unknown readable memory: 0x448740c79bddd76f | 6f d7 dd 9b c7 40 87 44
R10=0x85f13e9656da4870 is an unknown value
R11=0x000000afc95ff130 points into unknown readable memory: 0x0000029bf7c228f0 | f0 28 c2 f7 9b 02 00 00
R12=0x00007ff852243d40 glass.dll
R13=0x00007ff82baa2940 jvm.dll
R14=0x00004bc79bd22865 is an unknown value
R15=0x0000029bf7c228f0 points into unknown readable memory: 0x448740c79bddd76f | 6f d7 dd 9b c7 40 87 44


Registers:
RAX=0x0000000000000000, RBX=0x0000029bf68b7958, RCX=0x0000029bf68a3c30, RDX=0x000000afc95ff1a0
RSP=0x000000afc95ff1a0, RBP=0x0000029bf7c22918, RSI=0x000000afc95ff2a8, RDI=0x0000029bf7c228f0
R8 =0x0000000000010002, R9 =0x0000029bf7c228f0, R10=0x85f13e9656da4870, R11=0x000000afc95ff130
R12=0x00007ff852243d40, R13=0x00007ff82baa2940, R14=0x00004bc79bd22865, R15=0x0000029bf7c228f0
RIP=0x00007ff852246407, EFLAGS=0x0000000000010202

Top of Stack: (sp=0x000000afc95ff1a0)
0x000000afc95ff1a0:   0000000000000000 000000afc95ff2a8
0x000000afc95ff1b0:   00007ff82baa2940 00007ff852243d40
0x000000afc95ff1c0:   0000029bf7c228f8 00007ff888da3a83
0x000000afc95ff1d0:   0000029bf7c228f0 0000029b00000000
0x000000afc95ff1e0:   0000029bf7c22918 000000afc95ff2a8
0x000000afc95ff1f0:   fffffffffffffffe 0000000000000000
0x000000afc95ff200:   0000000000000001 00007ff852220000
0x000000afc95ff210:   000000afc95ff298 00007ff888d7006e
0x000000afc95ff220:   0000000000000000 000000afc95ff2a8
0x000000afc95ff230:   000000afc95ff590 0000000000000001
0x000000afc95ff240:   0000000000000001 00007ff888d6da1d
0x000000afc95ff250:   0000000000000000 00007ff852243539
0x000000afc95ff260:   0000000000000000 000000afc95ff298
0x000000afc95ff270:   fffffffffffffffe 000000afc95ff500
0x000000afc95ff280:   0000000000000000 00007ff852243bcd
0x000000afc95ff290:   00007ff852259f88 00007ff800000002 

Instructions: (pc=0x00007ff852246407)
0x00007ff852246307:   8b 4d 58 e8 7d cf ff ff 48 8b 4d 60 e8 74 cf ff
0x00007ff852246317:   ff 48 8b 95 80 00 00 00 48 8b 8d 18 01 00 00 e8
0x00007ff852246327:   66 c4 ff ff 33 d2 33 c9 e8 bc e1 ff ff 90 48 89
0x00007ff852246337:   54 24 10 55 48 83 ec 20 48 8b ea 48 b8 00 00 00
0x00007ff852246347:   00 00 00 00 00 48 83 c4 20 5d c3 cc 40 55 48 8b
0x00007ff852246357:   ea 48 8b 01 33 c9 81 38 05 00 00 c0 0f 94 c1 8b
0x00007ff852246367:   c1 5d c3 cc 40 55 48 83 ec 20 48 8b ea 8a 4d 40
0x00007ff852246377:   48 83 c4 20 5d e9 63 d3 ff ff cc 40 55 48 83 ec
0x00007ff852246387:   20 48 8b ea 8a 4d 20 e8 51 d3 ff ff 90 48 83 c4
0x00007ff852246397:   20 5d c3 cc 40 55 48 83 ec 20 48 8b ea 48 83 c4
0x00007ff8522463a7:   20 5d e9 b2 d1 ff ff cc 40 55 48 83 ec 30 48 8b
0x00007ff8522463b7:   ea 48 8b 01 8b 10 48 89 4c 24 28 89 54 24 20 4c
0x00007ff8522463c7:   8d 0d 53 d6 ff ff 4c 8b 45 70 8b 55 68 48 8b 4d
0x00007ff8522463d7:   60 e8 f3 d0 ff ff 90 48 83 c4 30 5d c3 cc cc cc
0x00007ff8522463e7:   cc cc cc cc cc cc cc cc cc 40 53 48 83 ec 20 48
0x00007ff8522463f7:   8b 1d 8b 35 01 00 48 85 db 74 16 e8 79 8b ff ff
0x00007ff852246407:   4c 8b 00 48 8b d3 48 8b c8 41 ff 90 b0 00 00 00
0x00007ff852246417:   90 48 83 c4 20 5b c3 cc cc 40 53 48 83 ec 20 48
0x00007ff852246427:   8b 1d fb 36 01 00 48 85 db 74 57 b8 ff ff ff ff
0x00007ff852246437:   f0 0f c1 43 10 83 f8 01 75 3d 48 85 db 74 38 48
0x00007ff852246447:   8b 0b 48 85 c9 74 0d ff 15 54 0e 00 00 48 c7 03
0x00007ff852246457:   00 00 00 00 48 8b 4b 08 48 85 c9 74 0d e8 23 ce
0x00007ff852246467:   ff ff 48 c7 43 08 00 00 00 00 ba 18 00 00 00 48
0x00007ff852246477:   8b cb e8 0e ce ff ff 48 c7 05 9f 36 01 00 00 00
0x00007ff852246487:   00 00 48 83 c4 20 5b c3 cc 40 53 48 83 ec 20 48
0x00007ff852246497:   8b 1d 6b 36 01 00 48 85 db 74 57 b8 ff ff ff ff
0x00007ff8522464a7:   f0 0f c1 43 10 83 f8 01 75 3d 48 85 db 74 38 48
0x00007ff8522464b7:   8b 0b 48 85 c9 74 0d ff 15 e4 0d 00 00 48 c7 03
0x00007ff8522464c7:   00 00 00 00 48 8b 4b 08 48 85 c9 74 0d e8 b3 cd
0x00007ff8522464d7:   ff ff 48 c7 43 08 00 00 00 00 ba 18 00 00 00 48
0x00007ff8522464e7:   8b cb e8 9e cd ff ff 48 c7 05 0f 36 01 00 00 00
0x00007ff8522464f7:   00 00 48 83 c4 20 5b c3 cc 40 53 48 83 ec 20 48 


Stack slot to memory mapping:
stack at sp + 0 slots: 0x0 is NULL
stack at sp + 1 slots: 0x000000afc95ff2a8 points into unknown readable memory: 0x000000afc95ff290 | 90 f2 5f c9 af 00 00 00
stack at sp + 2 slots: 0x00007ff82baa2940 jvm.dll
stack at sp + 3 slots: 0x00007ff852243d40 glass.dll
stack at sp + 4 slots: 0x0000029bf7c228f8 points into unknown readable memory: 0x00004bc79bd22865 | 65 28 d2 9b c7 4b 00 00
stack at sp + 5 slots: 0x00007ff888da3a83 ucrtbase.dll
stack at sp + 6 slots: 0x0000029bf7c228f0 points into unknown readable memory: 0x448740c79bddd76f | 6f d7 dd 9b c7 40 87 44
stack at sp + 7 slots: 0x0000029b00000000 is an unknown value

VM_Operation (0x000000afca6fa010): Exit, mode: safepoint, requested by thread 0x0000029bf80bbce0


---------------  P R O C E S S  ---------------

Threads class SMR info:
_java_thread_list=0x0000029bf7fea1c0, length=19, elements={
0x0000029bd8822310, 0x0000029bf68a7c20, 0x0000029bf68a8a90, 0x0000029bf68bfc10,
0x0000029bf68c07c0, 0x0000029bf68c1370, 0x0000029bf68cf640, 0x0000029bf68d2350,
0x0000029bf68d3920, 0x0000029bf68e7e30, 0x0000029bf749c880, 0x0000029bf7b5efa0,
0x0000029bf7e44830, 0x0000029bf7be9fd0, 0x0000029bf80bbce0, 0x0000029bf808ace0,
0x0000029bf805c850, 0x0000029bf7507080, 0x0000029b8109fc10
}

Java Threads: ( => current thread )
  0x0000029bd8822310 JavaThread "main" [_thread_blocked, id=7952, stack(0x000000afc8f00000,0x000000afc9000000)]
  0x0000029bf68a7c20 JavaThread "Reference Handler" daemon [_thread_blocked, id=9092, stack(0x000000afc9600000,0x000000afc9700000)]
  0x0000029bf68a8a90 JavaThread "Finalizer" daemon [_thread_blocked, id=9372, stack(0x000000afc9700000,0x000000afc9800000)]
  0x0000029bf68bfc10 JavaThread "Signal Dispatcher" daemon [_thread_blocked, id=9476, stack(0x000000afc9800000,0x000000afc9900000)]
  0x0000029bf68c07c0 JavaThread "Attach Listener" daemon [_thread_blocked, id=12816, stack(0x000000afc9900000,0x000000afc9a00000)]
  0x0000029bf68c1370 JavaThread "Service Thread" daemon [_thread_blocked, id=11052, stack(0x000000afc9a00000,0x000000afc9b00000)]
  0x0000029bf68cf640 JavaThread "Monitor Deflation Thread" daemon [_thread_blocked, id=12780, stack(0x000000afc9b00000,0x000000afc9c00000)]
  0x0000029bf68d2350 JavaThread "C2 CompilerThread0" daemon [_thread_blocked, id=11620, stack(0x000000afc9c00000,0x000000afc9d00000)]
  0x0000029bf68d3920 JavaThread "C1 CompilerThread0" daemon [_thread_blocked, id=12520, stack(0x000000afc9d00000,0x000000afc9e00000)]
  0x0000029bf68e7e30 JavaThread "Sweeper thread" daemon [_thread_blocked, id=15920, stack(0x000000afc9e00000,0x000000afc9f00000)]
  0x0000029bf749c880 JavaThread "Common-Cleaner" daemon [_thread_blocked, id=5560, stack(0x000000afc9f00000,0x000000afca000000)]
  0x0000029bf7b5efa0 JavaThread "Notification Thread" daemon [_thread_blocked, id=13924, stack(0x000000afca200000,0x000000afca300000)]
  0x0000029bf7e44830 JavaThread "QuantumRenderer-0" daemon [_thread_blocked, id=11384, stack(0x000000afca400000,0x000000afca500000)]
  0x0000029bf7be9fd0 JavaThread "InvokeLaterDispatcher" daemon [_thread_blocked, id=13824, stack(0x000000afca500000,0x000000afca600000)]
  0x0000029bf80bbce0 JavaThread "JavaFX Application Thread" [_thread_blocked, id=8508, stack(0x000000afca600000,0x000000afca700000)]
  0x0000029bf808ace0 JavaThread "Thread-1" daemon [_thread_in_native, id=1824, stack(0x000000afcaa00000,0x000000afcab00000)]
  0x0000029bf805c850 JavaThread "JavaFX-Launcher" [_thread_blocked, id=13796, stack(0x000000afcab00000,0x000000afcac00000)]
  0x0000029bf7507080 JavaThread "Prism Font Disposer" daemon [_thread_blocked, id=4048, stack(0x000000afca100000,0x000000afca200000)]
  0x0000029b8109fc10 JavaThread "Cleaner-0" daemon [_thread_blocked, id=15540, stack(0x000000afcb400000,0x000000afcb500000)]

Other Threads:
=>0x0000029bf68a3c30 VMThread "VM Thread" [stack: 0x000000afc9500000,0x000000afc9600000] [id=11992]
  0x0000029bd885fd00 GCTaskThread "GC Thread#0" [stack: 0x000000afc9000000,0x000000afc9100000] [id=11664]
  0x0000029bf808cb60 GCTaskThread "GC Thread#1" [stack: 0x000000afcac00000,0x000000afcad00000] [id=12196]
  0x0000029bf807f930 GCTaskThread "GC Thread#2" [stack: 0x000000afcad00000,0x000000afcae00000] [id=14388]
  0x0000029bf8066090 GCTaskThread "GC Thread#3" [stack: 0x000000afcae00000,0x000000afcaf00000] [id=14428]
  0x0000029bf7f5c2b0 GCTaskThread "GC Thread#4" [stack: 0x000000afcaf00000,0x000000afcb000000] [id=11872]
  0x0000029bf8004310 GCTaskThread "GC Thread#5" [stack: 0x000000afcb000000,0x000000afcb100000] [id=12640]
  0x0000029bd88af410 ConcurrentGCThread "G1 Main Marker" terminated
  0x0000029bd88afe20 ConcurrentGCThread "G1 Conc#0" [stack: 0x000000afc9200000,0x000000afc9300000] [id=14316]
  0x0000029bd88ee520 ConcurrentGCThread "G1 Refine#0" terminated
  0x0000029bf675f140 ConcurrentGCThread "G1 Service" terminated

Threads with active compile tasks:
C1 CompilerThread0  
[error occurred during error reporting (printing all threads), id 0xc0000005, EXCEPTION_ACCESS_VIOLATION (0xc0000005) at pc=0x00007ff82b70cfa3]

VM state: at safepoint (shutting down)

VM Mutex/Monitor currently owned by a thread:  ([mutex/lock_event])
[0x0000029bd881db30] Threads_lock - owner thread: 0x0000029bf68a3c30
[0x0000029bd881e310] Heap_lock - owner thread: 0x0000029bf80bbce0

Heap address: 0x0000000081a00000, size: 2022 MB, Compressed Oops mode: 32-bit

CDS archive(s) mapped at: [0x0000000800000000-0x0000000800bc0000-0x0000000800bc0000), size 12320768, SharedBaseAddress: 0x0000000800000000, ArchiveRelocationMode: 0.
Compressed class space mapped at: 0x0000000800c00000-0x0000000840c00000, reserved size: 1073741824
Narrow klass base: 0x0000000800000000, Narrow klass shift: 0, Narrow klass range: 0x100000000

GC Precious Log:
 CPUs: 8 total, 8 available
 Memory: 8083M
 Large Page Support: Disabled
 NUMA Support: Disabled
 Compressed Oops: Enabled (32-bit)
 Heap Region Size: 1M
 Heap Min Capacity: 8M
 Heap Initial Capacity: 128M
 Heap Max Capacity: 2022M
 Pre-touch: Disabled
 Parallel Workers: 8
 Concurrent Workers: 2
 Concurrent Refinement Workers: 8
 Periodic GC: Disabled

Heap:
 garbage-first heap   total 131072K, used 36457K [0x0000000081a00000, 0x0000000100000000)
  region size 1024K, 34 young (34816K), 3 survivors (3072K)
 Metaspace       used 12816K, committed 13056K, reserved 1064960K
  class space    used 1786K, committed 1920K, reserved 1048576K

Heap Regions: E=young(eden), S=young(survivor), O=old, HS=humongous(starts), HC=humongous(continues), CS=collection set, F=free, OA=open archive, CA=closed archive, TAMS=top-at-mark-start (previous, next)
|   0|0x0000000081a00000, 0x0000000081b00000, 0x0000000081b00000|100%|HS|  |TAMS 0x0000000081a00000, 0x0000000081a00000| Complete 
|   1|0x0000000081b00000, 0x0000000081c00000, 0x0000000081c00000|100%|HS|  |TAMS 0x0000000081b00000, 0x0000000081b00000| Complete 
|   2|0x0000000081c00000, 0x0000000081d00000, 0x0000000081d00000|100%|HC|  |TAMS 0x0000000081c00000, 0x0000000081c00000| Complete 
|   3|0x0000000081d00000, 0x0000000081d00000, 0x0000000081e00000|  0%| F|  |TAMS 0x0000000081d00000, 0x0000000081d00000| Untracked 
|   4|0x0000000081e00000, 0x0000000081e00000, 0x0000000081f00000|  0%| F|  |TAMS 0x0000000081e00000, 0x0000000081e00000| Untracked 
|   5|0x0000000081f00000, 0x0000000081f00000, 0x0000000082000000|  0%| F|  |TAMS 0x0000000081f00000, 0x0000000081f00000| Untracked 
|   6|0x0000000082000000, 0x0000000082000000, 0x0000000082100000|  0%| F|  |TAMS 0x0000000082000000, 0x0000000082000000| Untracked 
|   7|0x0000000082100000, 0x0000000082100000, 0x0000000082200000|  0%| F|  |TAMS 0x0000000082100000, 0x0000000082100000| Untracked 
|   8|0x0000000082200000, 0x0000000082200000, 0x0000000082300000|  0%| F|  |TAMS 0x0000000082200000, 0x0000000082200000| Untracked 
|   9|0x0000000082300000, 0x0000000082300000, 0x0000000082400000|  0%| F|  |TAMS 0x0000000082300000, 0x0000000082300000| Untracked 
|  10|0x0000000082400000, 0x0000000082400000, 0x0000000082500000|  0%| F|  |TAMS 0x0000000082400000, 0x0000000082400000| Untracked 
|  11|0x0000000082500000, 0x0000000082500000, 0x0000000082600000|  0%| F|  |TAMS 0x0000000082500000, 0x0000000082500000| Untracked 
|  12|0x0000000082600000, 0x0000000082600000, 0x0000000082700000|  0%| F|  |TAMS 0x0000000082600000, 0x0000000082600000| Untracked 
|  13|0x0000000082700000, 0x0000000082700000, 0x0000000082800000|  0%| F|  |TAMS 0x0000000082700000, 0x0000000082700000| Untracked 
|  14|0x0000000082800000, 0x0000000082800000, 0x0000000082900000|  0%| F|  |TAMS 0x0000000082800000, 0x0000000082800000| Untracked 
|  15|0x0000000082900000, 0x0000000082900000, 0x0000000082a00000|  0%| F|  |TAMS 0x0000000082900000, 0x0000000082900000| Untracked 
|  16|0x0000000082a00000, 0x0000000082a00000, 0x0000000082b00000|  0%| F|  |TAMS 0x0000000082a00000, 0x0000000082a00000| Untracked 
|  17|0x0000000082b00000, 0x0000000082b00000, 0x0000000082c00000|  0%| F|  |TAMS 0x0000000082b00000, 0x0000000082b00000| Untracked 
|  18|0x0000000082c00000, 0x0000000082c00000, 0x0000000082d00000|  0%| F|  |TAMS 0x0000000082c00000, 0x0000000082c00000| Untracked 
|  19|0x0000000082d00000, 0x0000000082d00000, 0x0000000082e00000|  0%| F|  |TAMS 0x0000000082d00000, 0x0000000082d00000| Untracked 
|  20|0x0000000082e00000, 0x0000000082e00000, 0x0000000082f00000|  0%| F|  |TAMS 0x0000000082e00000, 0x0000000082e00000| Untracked 
|  21|0x0000000082f00000, 0x0000000082f00000, 0x0000000083000000|  0%| F|  |TAMS 0x0000000082f00000, 0x0000000082f00000| Untracked 
|  22|0x0000000083000000, 0x0000000083000000, 0x0000000083100000|  0%| F|  |TAMS 0x0000000083000000, 0x0000000083000000| Untracked 
|  23|0x0000000083100000, 0x0000000083100000, 0x0000000083200000|  0%| F|  |TAMS 0x0000000083100000, 0x0000000083100000| Untracked 
|  24|0x0000000083200000, 0x0000000083200000, 0x0000000083300000|  0%| F|  |TAMS 0x0000000083200000, 0x0000000083200000| Untracked 
|  25|0x0000000083300000, 0x0000000083300000, 0x0000000083400000|  0%| F|  |TAMS 0x0000000083300000, 0x0000000083300000| Untracked 
|  26|0x0000000083400000, 0x0000000083400000, 0x0000000083500000|  0%| F|  |TAMS 0x0000000083400000, 0x0000000083400000| Untracked 
|  27|0x0000000083500000, 0x0000000083500000, 0x0000000083600000|  0%| F|  |TAMS 0x0000000083500000, 0x0000000083500000| Untracked 
|  28|0x0000000083600000, 0x0000000083600000, 0x0000000083700000|  0%| F|  |TAMS 0x0000000083600000, 0x0000000083600000| Untracked 
|  29|0x0000000083700000, 0x0000000083700000, 0x0000000083800000|  0%| F|  |TAMS 0x0000000083700000, 0x0000000083700000| Untracked 
|  30|0x0000000083800000, 0x0000000083800000, 0x0000000083900000|  0%| F|  |TAMS 0x0000000083800000, 0x0000000083800000| Untracked 
|  31|0x0000000083900000, 0x0000000083900000, 0x0000000083a00000|  0%| F|  |TAMS 0x0000000083900000, 0x0000000083900000| Untracked 
|  32|0x0000000083a00000, 0x0000000083a00000, 0x0000000083b00000|  0%| F|  |TAMS 0x0000000083a00000, 0x0000000083a00000| Untracked 
|  33|0x0000000083b00000, 0x0000000083b00000, 0x0000000083c00000|  0%| F|  |TAMS 0x0000000083b00000, 0x0000000083b00000| Untracked 
|  34|0x0000000083c00000, 0x0000000083c00000, 0x0000000083d00000|  0%| F|  |TAMS 0x0000000083c00000, 0x0000000083c00000| Untracked 
|  35|0x0000000083d00000, 0x0000000083d00000, 0x0000000083e00000|  0%| F|  |TAMS 0x0000000083d00000, 0x0000000083d00000| Untracked 
|  36|0x0000000083e00000, 0x0000000083e00000, 0x0000000083f00000|  0%| F|  |TAMS 0x0000000083e00000, 0x0000000083e00000| Untracked 
|  37|0x0000000083f00000, 0x0000000083f00000, 0x0000000084000000|  0%| F|  |TAMS 0x0000000083f00000, 0x0000000083f00000| Untracked 
|  38|0x0000000084000000, 0x0000000084000000, 0x0000000084100000|  0%| F|  |TAMS 0x0000000084000000, 0x0000000084000000| Untracked 
|  39|0x0000000084100000, 0x0000000084100000, 0x0000000084200000|  0%| F|  |TAMS 0x0000000084100000, 0x0000000084100000| Untracked 
|  40|0x0000000084200000, 0x0000000084200000, 0x0000000084300000|  0%| F|  |TAMS 0x0000000084200000, 0x0000000084200000| Untracked 
|  41|0x0000000084300000, 0x0000000084300000, 0x0000000084400000|  0%| F|  |TAMS 0x0000000084300000, 0x0000000084300000| Untracked 
|  42|0x0000000084400000, 0x0000000084400000, 0x0000000084500000|  0%| F|  |TAMS 0x0000000084400000, 0x0000000084400000| Untracked 
|  43|0x0000000084500000, 0x0000000084500000, 0x0000000084600000|  0%| F|  |TAMS 0x0000000084500000, 0x0000000084500000| Untracked 
|  44|0x0000000084600000, 0x0000000084600000, 0x0000000084700000|  0%| F|  |TAMS 0x0000000084600000, 0x0000000084600000| Untracked 
|  45|0x0000000084700000, 0x0000000084700000, 0x0000000084800000|  0%| F|  |TAMS 0x0000000084700000, 0x0000000084700000| Untracked 
|  46|0x0000000084800000, 0x0000000084800000, 0x0000000084900000|  0%| F|  |TAMS 0x0000000084800000, 0x0000000084800000| Untracked 
|  47|0x0000000084900000, 0x0000000084900000, 0x0000000084a00000|  0%| F|  |TAMS 0x0000000084900000, 0x0000000084900000| Untracked 
|  48|0x0000000084a00000, 0x0000000084a00000, 0x0000000084b00000|  0%| F|  |TAMS 0x0000000084a00000, 0x0000000084a00000| Untracked 
|  49|0x0000000084b00000, 0x0000000084b00000, 0x0000000084c00000|  0%| F|  |TAMS 0x0000000084b00000, 0x0000000084b00000| Untracked 
|  50|0x0000000084c00000, 0x0000000084c00000, 0x0000000084d00000|  0%| F|  |TAMS 0x0000000084c00000, 0x0000000084c00000| Untracked 
|  51|0x0000000084d00000, 0x0000000084d00000, 0x0000000084e00000|  0%| F|  |TAMS 0x0000000084d00000, 0x0000000084d00000| Untracked 
|  52|0x0000000084e00000, 0x0000000084e00000, 0x0000000084f00000|  0%| F|  |TAMS 0x0000000084e00000, 0x0000000084e00000| Untracked 
|  53|0x0000000084f00000, 0x0000000084f00000, 0x0000000085000000|  0%| F|  |TAMS 0x0000000084f00000, 0x0000000084f00000| Untracked 
|  54|0x0000000085000000, 0x0000000085000000, 0x0000000085100000|  0%| F|  |TAMS 0x0000000085000000, 0x0000000085000000| Untracked 
|  55|0x0000000085100000, 0x0000000085100000, 0x0000000085200000|  0%| F|  |TAMS 0x0000000085100000, 0x0000000085100000| Untracked 
|  56|0x0000000085200000, 0x0000000085200000, 0x0000000085300000|  0%| F|  |TAMS 0x0000000085200000, 0x0000000085200000| Untracked 
|  57|0x0000000085300000, 0x0000000085300000, 0x0000000085400000|  0%| F|  |TAMS 0x0000000085300000, 0x0000000085300000| Untracked 
|  58|0x0000000085400000, 0x0000000085400000, 0x0000000085500000|  0%| F|  |TAMS 0x0000000085400000, 0x0000000085400000| Untracked 
|  59|0x0000000085500000, 0x0000000085500000, 0x0000000085600000|  0%| F|  |TAMS 0x0000000085500000, 0x0000000085500000| Untracked 
|  60|0x0000000085600000, 0x0000000085600000, 0x0000000085700000|  0%| F|  |TAMS 0x0000000085600000, 0x0000000085600000| Untracked 
|  61|0x0000000085700000, 0x0000000085700000, 0x0000000085800000|  0%| F|  |TAMS 0x0000000085700000, 0x0000000085700000| Untracked 
|  62|0x0000000085800000, 0x0000000085800000, 0x0000000085900000|  0%| F|  |TAMS 0x0000000085800000, 0x0000000085800000| Untracked 
|  63|0x0000000085900000, 0x0000000085900000, 0x0000000085a00000|  0%| F|  |TAMS 0x0000000085900000, 0x0000000085900000| Untracked 
|  64|0x0000000085a00000, 0x0000000085a00000, 0x0000000085b00000|  0%| F|  |TAMS 0x0000000085a00000, 0x0000000085a00000| Untracked 
|  65|0x0000000085b00000, 0x0000000085b00000, 0x0000000085c00000|  0%| F|  |TAMS 0x0000000085b00000, 0x0000000085b00000| Untracked 
|  66|0x0000000085c00000, 0x0000000085c00000, 0x0000000085d00000|  0%| F|  |TAMS 0x0000000085c00000, 0x0000000085c00000| Untracked 
|  67|0x0000000085d00000, 0x0000000085d00000, 0x0000000085e00000|  0%| F|  |TAMS 0x0000000085d00000, 0x0000000085d00000| Untracked 
|  68|0x0000000085e00000, 0x0000000085e00000, 0x0000000085f00000|  0%| F|  |TAMS 0x0000000085e00000, 0x0000000085e00000| Untracked 
|  69|0x0000000085f00000, 0x0000000085f00000, 0x0000000086000000|  0%| F|  |TAMS 0x0000000085f00000, 0x0000000085f00000| Untracked 
|  70|0x0000000086000000, 0x0000000086000000, 0x0000000086100000|  0%| F|  |TAMS 0x0000000086000000, 0x0000000086000000| Untracked 
|  71|0x0000000086100000, 0x0000000086100000, 0x0000000086200000|  0%| F|  |TAMS 0x0000000086100000, 0x0000000086100000| Untracked 
|  72|0x0000000086200000, 0x0000000086200000, 0x0000000086300000|  0%| F|  |TAMS 0x0000000086200000, 0x0000000086200000| Untracked 
|  73|0x0000000086300000, 0x0000000086300000, 0x0000000086400000|  0%| F|  |TAMS 0x0000000086300000, 0x0000000086300000| Untracked 
|  74|0x0000000086400000, 0x0000000086400000, 0x0000000086500000|  0%| F|  |TAMS 0x0000000086400000, 0x0000000086400000| Untracked 
|  75|0x0000000086500000, 0x0000000086500000, 0x0000000086600000|  0%| F|  |TAMS 0x0000000086500000, 0x0000000086500000| Untracked 
|  76|0x0000000086600000, 0x0000000086600000, 0x0000000086700000|  0%| F|  |TAMS 0x0000000086600000, 0x0000000086600000| Untracked 
|  77|0x0000000086700000, 0x0000000086700000, 0x0000000086800000|  0%| F|  |TAMS 0x0000000086700000, 0x0000000086700000| Untracked 
|  78|0x0000000086800000, 0x0000000086800000, 0x0000000086900000|  0%| F|  |TAMS 0x0000000086800000, 0x0000000086800000| Untracked 
|  79|0x0000000086900000, 0x0000000086900000, 0x0000000086a00000|  0%| F|  |TAMS 0x0000000086900000, 0x0000000086900000| Untracked 
|  80|0x0000000086a00000, 0x0000000086a00000, 0x0000000086b00000|  0%| F|  |TAMS 0x0000000086a00000, 0x0000000086a00000| Untracked 
|  81|0x0000000086b00000, 0x0000000086b00000, 0x0000000086c00000|  0%| F|  |TAMS 0x0000000086b00000, 0x0000000086b00000| Untracked 
|  82|0x0000000086c00000, 0x0000000086c00000, 0x0000000086d00000|  0%| F|  |TAMS 0x0000000086c00000, 0x0000000086c00000| Untracked 
|  83|0x0000000086d00000, 0x0000000086d00000, 0x0000000086e00000|  0%| F|  |TAMS 0x0000000086d00000, 0x0000000086d00000| Untracked 
|  84|0x0000000086e00000, 0x0000000086e00000, 0x0000000086f00000|  0%| F|  |TAMS 0x0000000086e00000, 0x0000000086e00000| Untracked 
|  85|0x0000000086f00000, 0x0000000086f00000, 0x0000000087000000|  0%| F|  |TAMS 0x0000000086f00000, 0x0000000086f00000| Untracked 
|  86|0x0000000087000000, 0x0000000087000000, 0x0000000087100000|  0%| F|  |TAMS 0x0000000087000000, 0x0000000087000000| Untracked 
|  87|0x0000000087100000, 0x0000000087100000, 0x0000000087200000|  0%| F|  |TAMS 0x0000000087100000, 0x0000000087100000| Untracked 
|  88|0x0000000087200000, 0x0000000087200000, 0x0000000087300000|  0%| F|  |TAMS 0x0000000087200000, 0x0000000087200000| Untracked 
|  89|0x0000000087300000, 0x0000000087300000, 0x0000000087400000|  0%| F|  |TAMS 0x0000000087300000, 0x0000000087300000| Untracked 
|  90|0x0000000087400000, 0x0000000087400000, 0x0000000087500000|  0%| F|  |TAMS 0x0000000087400000, 0x0000000087400000| Untracked 
|  91|0x0000000087500000, 0x0000000087500000, 0x0000000087600000|  0%| F|  |TAMS 0x0000000087500000, 0x0000000087500000| Untracked 
|  92|0x0000000087600000, 0x0000000087600000, 0x0000000087700000|  0%| F|  |TAMS 0x0000000087600000, 0x0000000087600000| Untracked 
|  93|0x0000000087700000, 0x0000000087700000, 0x0000000087800000|  0%| F|  |TAMS 0x0000000087700000, 0x0000000087700000| Untracked 
|  94|0x0000000087800000, 0x00000000878ff580, 0x0000000087900000| 99%| E|  |TAMS 0x0000000087800000, 0x0000000087800000| Complete 
|  95|0x0000000087900000, 0x0000000087a00000, 0x0000000087a00000|100%| E|CS|TAMS 0x0000000087900000, 0x0000000087900000| Complete 
|  96|0x0000000087a00000, 0x0000000087b00000, 0x0000000087b00000|100%| E|CS|TAMS 0x0000000087a00000, 0x0000000087a00000| Complete 
|  97|0x0000000087b00000, 0x0000000087c00000, 0x0000000087c00000|100%| E|CS|TAMS 0x0000000087b00000, 0x0000000087b00000| Complete 
|  98|0x0000000087c00000, 0x0000000087d00000, 0x0000000087d00000|100%| E|CS|TAMS 0x0000000087c00000, 0x0000000087c00000| Complete 
|  99|0x0000000087d00000, 0x0000000087e00000, 0x0000000087e00000|100%| E|CS|TAMS 0x0000000087d00000, 0x0000000087d00000| Complete 
| 100|0x0000000087e00000, 0x0000000087f00000, 0x0000000087f00000|100%| E|CS|TAMS 0x0000000087e00000, 0x0000000087e00000| Complete 
| 101|0x0000000087f00000, 0x0000000088000000, 0x0000000088000000|100%| E|CS|TAMS 0x0000000087f00000, 0x0000000087f00000| Complete 
| 102|0x0000000088000000, 0x000000008809a748, 0x0000000088100000| 60%| S|CS|TAMS 0x0000000088000000, 0x0000000088000000| Complete 
| 103|0x0000000088100000, 0x0000000088200000, 0x0000000088200000|100%| S|CS|TAMS 0x0000000088100000, 0x0000000088100000| Complete 
| 104|0x0000000088200000, 0x0000000088300000, 0x0000000088300000|100%| S|CS|TAMS 0x0000000088200000, 0x0000000088200000| Complete 
| 105|0x0000000088300000, 0x0000000088400000, 0x0000000088400000|100%| E|CS|TAMS 0x0000000088300000, 0x0000000088300000| Complete 
| 106|0x0000000088400000, 0x0000000088500000, 0x0000000088500000|100%| E|CS|TAMS 0x0000000088400000, 0x0000000088400000| Complete 
| 107|0x0000000088500000, 0x0000000088600000, 0x0000000088600000|100%| E|CS|TAMS 0x0000000088500000, 0x0000000088500000| Complete 
| 108|0x0000000088600000, 0x0000000088700000, 0x0000000088700000|100%| E|CS|TAMS 0x0000000088600000, 0x0000000088600000| Complete 
| 109|0x0000000088700000, 0x0000000088800000, 0x0000000088800000|100%| E|CS|TAMS 0x0000000088700000, 0x0000000088700000| Complete 
| 110|0x0000000088800000, 0x0000000088900000, 0x0000000088900000|100%| E|CS|TAMS 0x0000000088800000, 0x0000000088800000| Complete 
| 111|0x0000000088900000, 0x0000000088a00000, 0x0000000088a00000|100%| E|CS|TAMS 0x0000000088900000, 0x0000000088900000| Complete 
| 112|0x0000000088a00000, 0x0000000088b00000, 0x0000000088b00000|100%| E|CS|TAMS 0x0000000088a00000, 0x0000000088a00000| Complete 
| 113|0x0000000088b00000, 0x0000000088c00000, 0x0000000088c00000|100%| E|CS|TAMS 0x0000000088b00000, 0x0000000088b00000| Complete 
| 114|0x0000000088c00000, 0x0000000088d00000, 0x0000000088d00000|100%| E|CS|TAMS 0x0000000088c00000, 0x0000000088c00000| Complete 
| 115|0x0000000088d00000, 0x0000000088e00000, 0x0000000088e00000|100%| E|CS|TAMS 0x0000000088d00000, 0x0000000088d00000| Complete 
| 116|0x0000000088e00000, 0x0000000088f00000, 0x0000000088f00000|100%| E|CS|TAMS 0x0000000088e00000, 0x0000000088e00000| Complete 
| 117|0x0000000088f00000, 0x0000000089000000, 0x0000000089000000|100%| E|CS|TAMS 0x0000000088f00000, 0x0000000088f00000| Complete 
| 118|0x0000000089000000, 0x0000000089100000, 0x0000000089100000|100%| E|CS|TAMS 0x0000000089000000, 0x0000000089000000| Complete 
| 119|0x0000000089100000, 0x0000000089200000, 0x0000000089200000|100%| E|CS|TAMS 0x0000000089100000, 0x0000000089100000| Complete 
| 120|0x0000000089200000, 0x0000000089300000, 0x0000000089300000|100%| E|CS|TAMS 0x0000000089200000, 0x0000000089200000| Complete 
| 121|0x0000000089300000, 0x0000000089400000, 0x0000000089400000|100%| E|CS|TAMS 0x0000000089300000, 0x0000000089300000| Complete 
| 122|0x0000000089400000, 0x0000000089500000, 0x0000000089500000|100%| E|CS|TAMS 0x0000000089400000, 0x0000000089400000| Complete 
| 123|0x0000000089500000, 0x0000000089600000, 0x0000000089600000|100%| E|CS|TAMS 0x0000000089500000, 0x0000000089500000| Complete 
| 124|0x0000000089600000, 0x0000000089700000, 0x0000000089700000|100%| E|CS|TAMS 0x0000000089600000, 0x0000000089600000| Complete 
| 125|0x0000000089700000, 0x0000000089800000, 0x0000000089800000|100%| E|CS|TAMS 0x0000000089700000, 0x0000000089700000| Complete 
| 126|0x0000000089800000, 0x0000000089900000, 0x0000000089900000|100%| E|CS|TAMS 0x0000000089800000, 0x0000000089800000| Complete 
| 127|0x0000000089900000, 0x0000000089a00000, 0x0000000089a00000|100%| E|CS|TAMS 0x0000000089900000, 0x0000000089900000| Complete 

Card table byte_map: [0x0000029bef750000,0x0000029befb50000] _byte_map_base: 0x0000029bef343000

Marking Bits (Prev, Next): (CMBitMap*) 0x0000029bd8860310, (CMBitMap*) 0x0000029bd8860350
 Prev Bits: [0x0000029beff50000, 0x0000029bf1ee8000)
 Next Bits: [0x0000029bf1ef0000, 0x0000029bf3e88000)

Polling page: 0x0000029bd6670000

Metaspace:

Usage:
  Non-class:     10.77 MB used.
      Class:      1.75 MB used.
       Both:     12.52 MB used.

Virtual space:
  Non-class space:       16.00 MB reserved,      10.88 MB ( 68%) committed,  2 nodes.
      Class space:        1.00 GB reserved,       1.88 MB ( <1%) committed,  1 nodes.
             Both:        1.02 GB reserved,      12.75 MB (  1%) committed. 

Chunk freelists:
   Non-Class:  3.88 MB
       Class:  2.08 MB
        Both:  5.95 MB

MaxMetaspaceSize: unlimited
CompressedClassSpaceSize: 1.00 GB
Initial GC threshold: 21.00 MB
Current GC threshold: 21.00 MB
CDS: on
MetaspaceReclaimPolicy: balanced
 - commit_granule_bytes: 65536.
 - commit_granule_words: 8192.
 - virtual_space_node_default_size: 1048576.
 - enlarge_chunks_in_place: 1.
 - new_chunks_are_fully_committed: 0.
 - uncommit_free_chunks: 1.
 - use_allocation_guard: 0.
 - handle_deallocations: 1.


Internal statistics:

num_allocs_failed_limit: 0.
num_arena_births: 162.
num_arena_deaths: 0.
num_vsnodes_births: 3.
num_vsnodes_deaths: 0.
num_space_committed: 204.
num_space_uncommitted: 0.
num_chunks_returned_to_freelist: 0.
num_chunks_taken_from_freelist: 574.
num_chunk_merges: 0.
num_chunk_splits: 413.
num_chunks_enlarged: 344.
num_purges: 0.
num_inconsistent_stats: 0.

CodeHeap 'non-profiled nmethods': size=120000Kb used=925Kb max_used=925Kb free=119074Kb
 bounds [0x0000029be7af0000, 0x0000029be7d60000, 0x0000029bef020000]
CodeHeap 'profiled nmethods': size=120000Kb used=4527Kb max_used=4527Kb free=115472Kb
 bounds [0x0000029be05c0000, 0x0000029be0a30000, 0x0000029be7af0000]
CodeHeap 'non-nmethods': size=5760Kb used=1411Kb max_used=1465Kb free=4348Kb
 bounds [0x0000029be0020000, 0x0000029be0290000, 0x0000029be05c0000]
 total_blobs=3289 nmethods=2523 adapters=678
 compilation: enabled
              stopped_count=0, restarted_count=0
 full_count=0

Compilation events (20 events):
Event: 21.644 Thread 0x0000029bf68d3920 nmethod 2515 0x0000029be0a24310 code [0x0000029be0a24500, 0x0000029be0a24ac8]
Event: 21.644 Thread 0x0000029bf68d3920 2517       3       com.sun.javafx.geom.RectBounds::intersectWith (33 bytes)
Event: 21.644 Thread 0x0000029bf68d3920 nmethod 2517 0x0000029be0a24c10 code [0x0000029be0a24dc0, 0x0000029be0a24f28]
Event: 21.660 Thread 0x0000029bf68d3920 2520       1       com.sun.javafx.scene.SceneEventDispatcher::getLastDispatcher (5 bytes)
Event: 21.660 Thread 0x0000029bf68d3920 nmethod 2520 0x0000029be7bd7190 code [0x0000029be7bd7320, 0x0000029be7bd73f8]
Event: 22.883 Thread 0x0000029bf68d2350 2521       4       com.sun.glass.ui.Application::checkEventThread (35 bytes)
Event: 22.883 Thread 0x0000029bf68d2350 nmethod 2521 0x0000029be7bd7490 code [0x0000029be7bd7600, 0x0000029be7bd7698]
Event: 22.943 Thread 0x0000029bf68d3920 2522       3       com.sun.javafx.scene.EnteredExitedHandler::dispatchBubblingEvent (204 bytes)
Event: 22.944 Thread 0x0000029bf68d3920 nmethod 2522 0x0000029be0a25010 code [0x0000029be0a25420, 0x0000029be0a27a38]
Event: 24.671 Thread 0x0000029bf68d3920 2523       3       javafx.scene.Node::focusSetDirty (25 bytes)
Event: 24.672 Thread 0x0000029bf68d3920 nmethod 2523 0x0000029be0a28290 code [0x0000029be0a28500, 0x0000029be0a293e8]
Event: 24.672 Thread 0x0000029bf68d3920 2524       3       javafx.beans.property.ReadOnlyObjectWrapper$ReadOnlyPropertyImpl::get (8 bytes)
Event: 24.672 Thread 0x0000029bf68d3920 nmethod 2524 0x0000029be0a29890 code [0x0000029be0a29a40, 0x0000029be0a29d68]
Event: 24.673 Thread 0x0000029bf68d3920 2525       3       javafx.scene.Node::updateCanReceiveFocus (31 bytes)
Event: 24.673 Thread 0x0000029bf68d3920 nmethod 2525 0x0000029be0a29e90 code [0x0000029be0a2a0c0, 0x0000029be0a2acb8]
Event: 24.673 Thread 0x0000029bf68d3920 2528       3       java.lang.invoke.MethodHandles$Lookup$ClassOption::optionsToFlag (40 bytes)
Event: 24.673 Thread 0x0000029bf68d3920 nmethod 2528 0x0000029be0a2b010 code [0x0000029be0a2b1e0, 0x0000029be0a2b6e8]
Event: 24.673 Thread 0x0000029bf68d3920 2526       3       java.lang.invoke.MethodHandles$Lookup$ClassFile::<init> (20 bytes)
Event: 24.674 Thread 0x0000029bf68d3920 nmethod 2526 0x0000029be0a2b890 code [0x0000029be0a2ba40, 0x0000029be0a2bc78]
Event: 24.674 Thread 0x0000029bf68d3920 2527       3       java.lang.invoke.MethodHandles$Lookup::makeHiddenClassDefiner (42 bytes)

GC Heap History (2 events):
Event: 0.573 GC heap before
{Heap before GC invocations=0 (full 0):
 garbage-first heap   total 131072K, used 23552K [0x0000000081a00000, 0x0000000100000000)
  region size 1024K, 23 young (23552K), 0 survivors (0K)
 Metaspace       used 4301K, committed 4480K, reserved 1056768K
  class space    used 527K, committed 640K, reserved 1048576K
}
Event: 0.576 GC heap after
{Heap after GC invocations=1 (full 0):
 garbage-first heap   total 131072K, used 2665K [0x0000000081a00000, 0x0000000100000000)
  region size 1024K, 3 young (3072K), 3 survivors (3072K)
 Metaspace       used 4301K, committed 4480K, reserved 1056768K
  class space    used 527K, committed 640K, reserved 1048576K
}

Deoptimization events (20 events):
Event: 6.376 Thread 0x0000029bf80bbce0 Uncommon trap: trap_request=0xffffffc6 fr.pc=0x0000029be7b47164 relative=0x0000000000000584
Event: 6.376 Thread 0x0000029bf80bbce0 Uncommon trap: reason=bimorphic_or_optimized_type_check action=maybe_recompile pc=0x0000029be7b47164 method=java.util.concurrent.ConcurrentHashMap.get(Ljava/lang/Object;)Ljava/lang/Object; @ 149 c2
Event: 6.376 Thread 0x0000029bf80bbce0 DEOPT PACKING pc=0x0000029be7b47164 sp=0x000000afca6fc460
Event: 6.376 Thread 0x0000029bf80bbce0 DEOPT UNPACKING pc=0x0000029be00723a3 sp=0x000000afca6fc400 mode 2
Event: 6.376 Thread 0x0000029bf80bbce0 Uncommon trap: trap_request=0xffffffc6 fr.pc=0x0000029be7b47164 relative=0x0000000000000584
Event: 6.376 Thread 0x0000029bf80bbce0 Uncommon trap: reason=bimorphic_or_optimized_type_check action=maybe_recompile pc=0x0000029be7b47164 method=java.util.concurrent.ConcurrentHashMap.get(Ljava/lang/Object;)Ljava/lang/Object; @ 149 c2
Event: 6.377 Thread 0x0000029bf80bbce0 DEOPT PACKING pc=0x0000029be7b47164 sp=0x000000afca6fc530
Event: 6.377 Thread 0x0000029bf80bbce0 DEOPT UNPACKING pc=0x0000029be00723a3 sp=0x000000afca6fc4d0 mode 2
Event: 6.382 Thread 0x0000029bf80bbce0 Uncommon trap: trap_request=0xffffffc6 fr.pc=0x0000029be7b47164 relative=0x0000000000000584
Event: 6.382 Thread 0x0000029bf80bbce0 Uncommon trap: reason=bimorphic_or_optimized_type_check action=maybe_recompile pc=0x0000029be7b47164 method=java.util.concurrent.ConcurrentHashMap.get(Ljava/lang/Object;)Ljava/lang/Object; @ 149 c2
Event: 6.382 Thread 0x0000029bf80bbce0 DEOPT PACKING pc=0x0000029be7b47164 sp=0x000000afca6fbf80
Event: 6.382 Thread 0x0000029bf80bbce0 DEOPT UNPACKING pc=0x0000029be00723a3 sp=0x000000afca6fbf20 mode 2
Event: 6.382 Thread 0x0000029bf80bbce0 Uncommon trap: trap_request=0xffffffc6 fr.pc=0x0000029be7b47164 relative=0x0000000000000584
Event: 6.382 Thread 0x0000029bf80bbce0 Uncommon trap: reason=bimorphic_or_optimized_type_check action=maybe_recompile pc=0x0000029be7b47164 method=java.util.concurrent.ConcurrentHashMap.get(Ljava/lang/Object;)Ljava/lang/Object; @ 149 c2
Event: 6.382 Thread 0x0000029bf80bbce0 DEOPT PACKING pc=0x0000029be7b47164 sp=0x000000afca6fc050
Event: 6.382 Thread 0x0000029bf80bbce0 DEOPT UNPACKING pc=0x0000029be00723a3 sp=0x000000afca6fbff0 mode 2
Event: 6.447 Thread 0x0000029bf80bbce0 Uncommon trap: trap_request=0xffffff45 fr.pc=0x0000029be7aff99c relative=0x00000000000000fc
Event: 6.447 Thread 0x0000029bf80bbce0 Uncommon trap: reason=unstable_if action=reinterpret pc=0x0000029be7aff99c method=java.lang.StringLatin1.lastIndexOf([BI[BII)I @ 86 c2
Event: 6.447 Thread 0x0000029bf80bbce0 DEOPT PACKING pc=0x0000029be7aff99c sp=0x000000afca6faec0
Event: 6.447 Thread 0x0000029bf80bbce0 DEOPT UNPACKING pc=0x0000029be00723a3 sp=0x000000afca6fae18 mode 2

Classes unloaded (0 events):
No events

Classes redefined (0 events):
No events

Internal exceptions (20 events):
Event: 0.634 Thread 0x0000029bf80bbce0 Exception <a 'java/lang/ClassNotFoundException'{0x0000000089561d78}: com/sun/glass/ui/win/themes> (0x0000000089561d78) 
thrown [t:\workspace\open\src\hotspot\share\prims\jni.cpp, line 535]
Event: 0.635 Thread 0x0000029bf80bbce0 Exception <a 'java/lang/ClassNotFoundException'{0x000000008956e0f0}: com/sun/glass/ui/win/themes_en> (0x000000008956e0f0) 
thrown [t:\workspace\open\src\hotspot\share\prims\jni.cpp, line 535]
Event: 0.635 Thread 0x0000029bf80bbce0 Exception <a 'java/lang/ClassNotFoundException'{0x0000000089575e80}: com/sun/glass/ui/win/themes_en_US> (0x0000000089575e80) 
thrown [t:\workspace\open\src\hotspot\share\prims\jni.cpp, line 535]
Event: 0.703 Thread 0x0000029bf80bbce0 Exception <a 'java/lang/NoSuchMethodError'{0x0000000089083720}: 'void java.lang.invoke.DirectMethodHandle$Holder.invokeStaticInit(java.lang.Object, java.lang.Object)'> (0x0000000089083720) 
thrown [t:\workspace\open\src\hotspot\share\interpreter\linkResolver.cpp, line 766]
Event: 0.715 Thread 0x0000029bf80bbce0 Exception <a 'java/lang/NoSuchMethodError'{0x00000000890f5018}: 'java.lang.Object java.lang.invoke.DirectMethodHandle$Holder.newInvokeSpecial(java.lang.Object, java.lang.Object, int, int)'> (0x00000000890f5018) 
thrown [t:\workspace\open\src\hotspot\share\interpreter\linkResolver.cpp, line 766]
Event: 0.740 Thread 0x0000029bf80bbce0 Exception <a 'sun/nio/fs/WindowsException'{0x0000000088e85400}> (0x0000000088e85400) 
thrown [t:\workspace\open\src\hotspot\share\prims\jni.cpp, line 516]
Event: 0.752 Thread 0x0000029bf80bbce0 Implicit null exception at 0x0000029be7b23560 to 0x0000029be7b23810
Event: 0.787 Thread 0x0000029bf80bbce0 Implicit null exception at 0x0000029be7b42a0d to 0x0000029be7b43058
Event: 0.909 Thread 0x0000029bf80bbce0 Exception <a 'java/lang/NoSuchMethodError'{0x000000008879e278}: 'void java.lang.invoke.DirectMethodHandle$Holder.invokeSpecial(java.lang.Object, java.lang.Object, java.lang.Object, java.lang.Object, java.lang.Object)'> (0x000000008879e278) 
thrown [t:\workspace\open\src\hotspot\share\interpreter\linkResolver.cpp, line 766]
Event: 0.911 Thread 0x0000029bf80bbce0 Exception <a 'java/lang/NoSuchMethodError'{0x00000000887ae848}: 'java.lang.Object java.lang.invoke.DirectMethodHandle$Holder.invokeInterface(java.lang.Object, java.lang.Object, java.lang.Object)'> (0x00000000887ae848) 
thrown [t:\workspace\open\src\hotspot\share\interpreter\linkResolver.cpp, line 766]
Event: 0.911 Thread 0x0000029bf80bbce0 Exception <a 'java/lang/IncompatibleClassChangeError'{0x00000000887b21d0}: Found class java.lang.Object, but interface was expected> (0x00000000887b21d0) 
thrown [t:\workspace\open\src\hotspot\share\interpreter\linkResolver.cpp, line 833]
Event: 0.951 Thread 0x0000029bf80bbce0 Exception <a 'java/lang/NoSuchMethodError'{0x000000008858af88}: 'java.lang.Object java.lang.invoke.DirectMethodHandle$Holder.newInvokeSpecial(java.lang.Object, java.lang.Object, int)'> (0x000000008858af88) 
thrown [t:\workspace\open\src\hotspot\share\interpreter\linkResolver.cpp, line 766]
Event: 1.065 Thread 0x0000029bf7e44830 Exception <a 'java/lang/NoSuchMethodError'{0x0000000088480158}: 'int java.lang.invoke.DirectMethodHandle$Holder.invokeStaticInit(java.lang.Object, java.lang.Object)'> (0x0000000088480158) 
thrown [t:\workspace\open\src\hotspot\share\interpreter\linkResolver.cpp, line 766]
Event: 3.483 Thread 0x0000029bf80bbce0 Exception <a 'java/lang/NoSuchMethodError'{0x0000000087d5cfc8}: 'long java.lang.invoke.DirectMethodHandle$Holder.invokeStatic(java.lang.Object, java.lang.Object, java.lang.Object)'> (0x0000000087d5cfc8) 
thrown [t:\workspace\open\src\hotspot\share\interpreter\linkResolver.cpp, line 766]
Event: 3.483 Thread 0x0000029bf80bbce0 Exception <a 'java/lang/NoSuchMethodError'{0x0000000087d609c8}: 'long java.lang.invoke.DirectMethodHandle$Holder.invokeStaticInit(java.lang.Object, java.lang.Object, java.lang.Object)'> (0x0000000087d609c8) 
thrown [t:\workspace\open\src\hotspot\share\interpreter\linkResolver.cpp, line 766]
Event: 3.485 Thread 0x0000029bf80bbce0 Exception <a 'java/lang/NoSuchMethodError'{0x0000000087d785d0}: 'java.lang.Object java.lang.invoke.DirectMethodHandle$Holder.newInvokeSpecial(java.lang.Object, java.lang.Object, long)'> (0x0000000087d785d0) 
thrown [t:\workspace\open\src\hotspot\share\interpreter\linkResolver.cpp, line 766]
Event: 3.485 Thread 0x0000029bf80bbce0 Exception <a 'java/lang/NoSuchMethodError'{0x0000000087d7c140}: 'java.lang.Object java.lang.invoke.Invokers$Holder.linkToTargetMethod(java.lang.Object, long, java.lang.Object)'> (0x0000000087d7c140) 
thrown [t:\workspace\open\src\hotspot\share\interpreter\linkResolver.cpp, line 766]
Event: 6.375 Thread 0x0000029bf80bbce0 Exception <a 'java/lang/ClassNotFoundException'{0x0000000087ca7d78}: com/sun/javafx/scene/control/skin/resources/controls> (0x0000000087ca7d78) 
thrown [t:\workspace\open\src\hotspot\share\prims\jni.cpp, line 535]
Event: 6.376 Thread 0x0000029bf80bbce0 Exception <a 'java/lang/ClassNotFoundException'{0x0000000087cb5fe0}: com/sun/javafx/scene/control/skin/resources/controls_en> (0x0000000087cb5fe0) 
thrown [t:\workspace\open\src\hotspot\share\prims\jni.cpp, line 535]
Event: 6.376 Thread 0x0000029bf80bbce0 Exception <a 'java/lang/ClassNotFoundException'{0x0000000087cb7240}: com/sun/javafx/scene/control/skin/resources/controls_en_US> (0x0000000087cb7240) 
thrown [t:\workspace\open\src\hotspot\share\prims\jni.cpp, line 535]

VM Operations (20 events):
Event: 7.393 Executing VM operation: Cleanup done
Event: 14.396 Executing VM operation: Cleanup
Event: 14.396 Executing VM operation: Cleanup done
Event: 15.397 Executing VM operation: Cleanup
Event: 15.398 Executing VM operation: Cleanup done
Event: 16.398 Executing VM operation: Cleanup
Event: 16.398 Executing VM operation: Cleanup done
Event: 17.399 Executing VM operation: Cleanup
Event: 17.399 Executing VM operation: Cleanup done
Event: 19.400 Executing VM operation: Cleanup
Event: 19.400 Executing VM operation: Cleanup done
Event: 20.400 Executing VM operation: Cleanup
Event: 20.400 Executing VM operation: Cleanup done
Event: 21.401 Executing VM operation: Cleanup
Event: 21.401 Executing VM operation: Cleanup done
Event: 22.401 Executing VM operation: Cleanup
Event: 22.402 Executing VM operation: Cleanup done
Event: 24.402 Executing VM operation: Cleanup
Event: 24.402 Executing VM operation: Cleanup done
Event: 24.674 Executing VM operation: Exit

Events (20 events):
Event: 6.447 loading class sun/text/resources/BreakIteratorResources_en
Event: 6.447 loading class sun/text/resources/BreakIteratorResources_en done
Event: 6.447 loading class sun/text/resources/BreakIteratorResources_en_US
Event: 6.447 loading class sun/text/resources/BreakIteratorResources_en_US done
Event: 6.448 loading class sun/text/RuleBasedBreakIterator
Event: 6.449 loading class sun/text/RuleBasedBreakIterator done
Event: 6.450 loading class jdk/internal/misc/ScopedMemoryAccess$Scope
Event: 6.450 loading class jdk/internal/misc/ScopedMemoryAccess$Scope done
Event: 6.450 loading class sun/text/CompactByteArray
Event: 6.451 loading class sun/text/CompactByteArray done
Event: 6.451 loading class sun/text/SupplementaryCharacterData
Event: 6.451 loading class sun/text/SupplementaryCharacterData done
Event: 6.451 loading class java/text/BreakIterator$BreakIteratorCache
Event: 6.451 loading class java/text/BreakIterator$BreakIteratorCache done
Event: 24.672 Thread 0x0000029bf879bb40 Thread added: 0x0000029bf879bb40
Event: 24.672 Thread 0x0000029bf879b670 Thread added: 0x0000029bf879b670
Event: 24.672 Thread 0x0000029bf879bb40 Thread exited: 0x0000029bf879bb40
Event: 24.674 Thread 0x0000029bf879b670 Thread exited: 0x0000029bf879b670
Event: 24.674 loading class java/util/LinkedList$ListItr
Event: 24.674 loading class java/util/LinkedList$ListItr done


Dynamic libraries:
0x00007ff7147d0000 - 0x00007ff7147e0000 	C:\Program Files\Java\jdk-17.0.1\bin\javaw.exe
0x00007ff88b470000 - 0x00007ff88b687000 	C:\WINDOWS\SYSTEM32\ntdll.dll
0x00007ff88aeb0000 - 0x00007ff88af74000 	C:\WINDOWS\System32\KERNEL32.DLL
0x00007ff8887b0000 - 0x00007ff888b56000 	C:\WINDOWS\System32\KERNELBASE.dll
0x00007ff888d50000 - 0x00007ff888e61000 	C:\WINDOWS\System32\ucrtbase.dll
0x00007ff856060000 - 0x00007ff856078000 	C:\Program Files\Java\jdk-17.0.1\bin\jli.dll
0x00007ff8697d0000 - 0x00007ff8697ea000 	C:\Program Files\Java\jdk-17.0.1\bin\VCRUNTIME140.dll
0x00007ff88ac00000 - 0x00007ff88acb3000 	C:\WINDOWS\System32\ADVAPI32.dll
0x00007ff88af80000 - 0x00007ff88b027000 	C:\WINDOWS\System32\msvcrt.dll
0x00007ff88b050000 - 0x00007ff88b0f8000 	C:\WINDOWS\System32\sechost.dll
0x00007ff8890d0000 - 0x00007ff8890f8000 	C:\WINDOWS\System32\bcrypt.dll
0x00007ff88b310000 - 0x00007ff88b427000 	C:\WINDOWS\System32\RPCRT4.dll
0x00007ff88b140000 - 0x00007ff88b2ee000 	C:\WINDOWS\System32\USER32.dll
0x00007ff888d20000 - 0x00007ff888d46000 	C:\WINDOWS\System32\win32u.dll
0x00007ff88ad50000 - 0x00007ff88ad79000 	C:\WINDOWS\System32\GDI32.dll
0x00007ff888b60000 - 0x00007ff888c78000 	C:\WINDOWS\System32\gdi32full.dll
0x00007ff888c80000 - 0x00007ff888d1a000 	C:\WINDOWS\System32\msvcp_win.dll
0x00007ff868430000 - 0x00007ff8686c3000 	C:\WINDOWS\WinSxS\amd64_microsoft.windows.common-controls_6595b64144ccf1df_6.0.22621.2506_none_270c5ae97388e100\COMCTL32.dll
0x00007ff87cc60000 - 0x00007ff87cc6a000 	C:\WINDOWS\SYSTEM32\VERSION.dll
0x00007ff88b100000 - 0x00007ff88b131000 	C:\WINDOWS\System32\IMM32.DLL
0x00007ff874360000 - 0x00007ff87436c000 	C:\Program Files\Java\jdk-17.0.1\bin\vcruntime140_1.dll
0x00007ff8531b0000 - 0x00007ff85323d000 	C:\Program Files\Java\jdk-17.0.1\bin\msvcp140.dll
0x00007ff82af80000 - 0x00007ff82bb3e000 	C:\Program Files\Java\jdk-17.0.1\bin\server\jvm.dll
0x00007ff88acc0000 - 0x00007ff88acc8000 	C:\WINDOWS\System32\PSAPI.DLL
0x00007ff87da20000 - 0x00007ff87da54000 	C:\WINDOWS\SYSTEM32\WINMM.dll
0x00007ff8783a0000 - 0x00007ff8783a9000 	C:\WINDOWS\SYSTEM32\WSOCK32.dll
0x00007ff8891c0000 - 0x00007ff889231000 	C:\WINDOWS\System32\WS2_32.dll
0x00007ff8877a0000 - 0x00007ff8877b8000 	C:\WINDOWS\SYSTEM32\kernel.appcore.dll
0x00007ff878390000 - 0x00007ff87839a000 	C:\Program Files\Java\jdk-17.0.1\bin\jimage.dll
0x00007ff8860f0000 - 0x00007ff886323000 	C:\WINDOWS\SYSTEM32\DBGHELP.DLL
0x00007ff889db0000 - 0x00007ff88a139000 	C:\WINDOWS\System32\combase.dll
0x00007ff88ad80000 - 0x00007ff88ae57000 	C:\WINDOWS\System32\OLEAUT32.dll
0x00007ff869380000 - 0x00007ff8693b2000 	C:\WINDOWS\SYSTEM32\dbgcore.DLL
0x00007ff888e70000 - 0x00007ff888eea000 	C:\WINDOWS\System32\bcryptPrimitives.dll
0x00007ff86dad0000 - 0x00007ff86daf5000 	C:\Program Files\Java\jdk-17.0.1\bin\java.dll
0x00007ff85df60000 - 0x00007ff85e036000 	C:\Program Files\Java\jdk-17.0.1\bin\svml.dll
0x00007ff8892c0000 - 0x00007ff889b1a000 	C:\WINDOWS\System32\SHELL32.dll
0x00007ff8866b0000 - 0x00007ff886fa6000 	C:\WINDOWS\SYSTEM32\windows.storage.dll
0x00007ff886570000 - 0x00007ff8866ae000 	C:\WINDOWS\SYSTEM32\wintypes.dll
0x00007ff88a4d0000 - 0x00007ff88a5c3000 	C:\WINDOWS\System32\SHCORE.dll
0x00007ff88a290000 - 0x00007ff88a2ee000 	C:\WINDOWS\System32\shlwapi.dll
0x00007ff8886e0000 - 0x00007ff888706000 	C:\WINDOWS\SYSTEM32\profapi.dll
0x00007ff86dab0000 - 0x00007ff86dac9000 	C:\Program Files\Java\jdk-17.0.1\bin\net.dll
0x00007ff87dcc0000 - 0x00007ff87ddf7000 	C:\WINDOWS\SYSTEM32\WINHTTP.dll
0x00007ff887cb0000 - 0x00007ff887d19000 	C:\WINDOWS\system32\mswsock.dll
0x00007ff86da90000 - 0x00007ff86daa5000 	C:\Program Files\Java\jdk-17.0.1\bin\nio.dll
0x00007ff86c850000 - 0x00007ff86c868000 	C:\Program Files\Java\jdk-17.0.1\bin\zip.dll
0x0000029bd87e0000 - 0x0000029bd87e3000 	C:\Program Files\Java\openjfx-19.0.2.1_windows-x64_bin-sdk\javafx-sdk-19.0.2.1\bin\api-ms-win-core-console-l1-1-0.dll
0x0000029bf6a30000 - 0x0000029bf6a33000 	C:\Program Files\Java\openjfx-19.0.2.1_windows-x64_bin-sdk\javafx-sdk-19.0.2.1\bin\api-ms-win-core-console-l1-2-0.dll
0x0000029bf6a40000 - 0x0000029bf6a43000 	C:\Program Files\Java\openjfx-19.0.2.1_windows-x64_bin-sdk\javafx-sdk-19.0.2.1\bin\api-ms-win-core-datetime-l1-1-0.dll
0x0000029bf6a50000 - 0x0000029bf6a53000 	C:\Program Files\Java\openjfx-19.0.2.1_windows-x64_bin-sdk\javafx-sdk-19.0.2.1\bin\api-ms-win-core-debug-l1-1-0.dll
0x0000029bf6a60000 - 0x0000029bf6a63000 	C:\Program Files\Java\openjfx-19.0.2.1_windows-x64_bin-sdk\javafx-sdk-19.0.2.1\bin\api-ms-win-core-errorhandling-l1-1-0.dll
0x0000029bf6a70000 - 0x0000029bf6a74000 	C:\Program Files\Java\openjfx-19.0.2.1_windows-x64_bin-sdk\javafx-sdk-19.0.2.1\bin\api-ms-win-core-file-l1-1-0.dll
0x0000029bf6a80000 - 0x0000029bf6a83000 	C:\Program Files\Java\openjfx-19.0.2.1_windows-x64_bin-sdk\javafx-sdk-19.0.2.1\bin\api-ms-win-core-file-l1-2-0.dll
0x0000029bf6a90000 - 0x0000029bf6a93000 	C:\Program Files\Java\openjfx-19.0.2.1_windows-x64_bin-sdk\javafx-sdk-19.0.2.1\bin\api-ms-win-core-file-l2-1-0.dll
0x0000029bf6aa0000 - 0x0000029bf6aa3000 	C:\Program Files\Java\openjfx-19.0.2.1_windows-x64_bin-sdk\javafx-sdk-19.0.2.1\bin\api-ms-win-core-handle-l1-1-0.dll
0x0000029bf6ab0000 - 0x0000029bf6ab3000 	C:\Program Files\Java\openjfx-19.0.2.1_windows-x64_bin-sdk\javafx-sdk-19.0.2.1\bin\api-ms-win-core-heap-l1-1-0.dll
0x0000029bf6ac0000 - 0x0000029bf6ac3000 	C:\Program Files\Java\openjfx-19.0.2.1_windows-x64_bin-sdk\javafx-sdk-19.0.2.1\bin\api-ms-win-core-interlocked-l1-1-0.dll
0x0000029bf6ad0000 - 0x0000029bf6ad3000 	C:\Program Files\Java\openjfx-19.0.2.1_windows-x64_bin-sdk\javafx-sdk-19.0.2.1\bin\api-ms-win-core-libraryloader-l1-1-0.dll
0x0000029bf6ae0000 - 0x0000029bf6ae3000 	C:\Program Files\Java\openjfx-19.0.2.1_windows-x64_bin-sdk\javafx-sdk-19.0.2.1\bin\api-ms-win-core-localization-l1-2-0.dll
0x0000029bf6af0000 - 0x0000029bf6af3000 	C:\Program Files\Java\openjfx-19.0.2.1_windows-x64_bin-sdk\javafx-sdk-19.0.2.1\bin\api-ms-win-core-memory-l1-1-0.dll
0x0000029bf6b00000 - 0x0000029bf6b03000 	C:\Program Files\Java\openjfx-19.0.2.1_windows-x64_bin-sdk\javafx-sdk-19.0.2.1\bin\api-ms-win-core-namedpipe-l1-1-0.dll
0x0000029bf6b10000 - 0x0000029bf6b13000 	C:\Program Files\Java\openjfx-19.0.2.1_windows-x64_bin-sdk\javafx-sdk-19.0.2.1\bin\api-ms-win-core-processenvironment-l1-1-0.dll
0x0000029bf6b20000 - 0x0000029bf6b23000 	C:\Program Files\Java\openjfx-19.0.2.1_windows-x64_bin-sdk\javafx-sdk-19.0.2.1\bin\api-ms-win-core-processthreads-l1-1-0.dll
0x0000029bf6b30000 - 0x0000029bf6b33000 	C:\Program Files\Java\openjfx-19.0.2.1_windows-x64_bin-sdk\javafx-sdk-19.0.2.1\bin\api-ms-win-core-processthreads-l1-1-1.dll
0x0000029bf6b40000 - 0x0000029bf6b43000 	C:\Program Files\Java\openjfx-19.0.2.1_windows-x64_bin-sdk\javafx-sdk-19.0.2.1\bin\api-ms-win-core-profile-l1-1-0.dll
0x0000029bf6b50000 - 0x0000029bf6b53000 	C:\Program Files\Java\openjfx-19.0.2.1_windows-x64_bin-sdk\javafx-sdk-19.0.2.1\bin\api-ms-win-core-rtlsupport-l1-1-0.dll
0x0000029bf6b60000 - 0x0000029bf6b63000 	C:\Program Files\Java\openjfx-19.0.2.1_windows-x64_bin-sdk\javafx-sdk-19.0.2.1\bin\api-ms-win-core-string-l1-1-0.dll
0x0000029bf6b70000 - 0x0000029bf6b73000 	C:\Program Files\Java\openjfx-19.0.2.1_windows-x64_bin-sdk\javafx-sdk-19.0.2.1\bin\api-ms-win-core-synch-l1-1-0.dll
0x0000029bf6b80000 - 0x0000029bf6b83000 	C:\Program Files\Java\openjfx-19.0.2.1_windows-x64_bin-sdk\javafx-sdk-19.0.2.1\bin\api-ms-win-core-synch-l1-2-0.dll
0x0000029bf6b90000 - 0x0000029bf6b93000 	C:\Program Files\Java\openjfx-19.0.2.1_windows-x64_bin-sdk\javafx-sdk-19.0.2.1\bin\api-ms-win-core-sysinfo-l1-1-0.dll
0x0000029bf6ba0000 - 0x0000029bf6ba3000 	C:\Program Files\Java\openjfx-19.0.2.1_windows-x64_bin-sdk\javafx-sdk-19.0.2.1\bin\api-ms-win-core-timezone-l1-1-0.dll
0x0000029bf6bb0000 - 0x0000029bf6bb3000 	C:\Program Files\Java\openjfx-19.0.2.1_windows-x64_bin-sdk\javafx-sdk-19.0.2.1\bin\api-ms-win-core-util-l1-1-0.dll
0x0000029bf6bc0000 - 0x0000029bf6bc3000 	C:\Program Files\Java\openjfx-19.0.2.1_windows-x64_bin-sdk\javafx-sdk-19.0.2.1\bin\api-ms-win-crt-conio-l1-1-0.dll
0x0000029bf6bd0000 - 0x0000029bf6bd4000 	C:\Program Files\Java\openjfx-19.0.2.1_windows-x64_bin-sdk\javafx-sdk-19.0.2.1\bin\api-ms-win-crt-convert-l1-1-0.dll
0x0000029bf6be0000 - 0x0000029bf6be3000 	C:\Program Files\Java\openjfx-19.0.2.1_windows-x64_bin-sdk\javafx-sdk-19.0.2.1\bin\api-ms-win-crt-environment-l1-1-0.dll
0x0000029bf6bf0000 - 0x0000029bf6bf3000 	C:\Program Files\Java\openjfx-19.0.2.1_windows-x64_bin-sdk\javafx-sdk-19.0.2.1\bin\api-ms-win-crt-filesystem-l1-1-0.dll
0x0000029bf8fd0000 - 0x0000029bf8fd3000 	C:\Program Files\Java\openjfx-19.0.2.1_windows-x64_bin-sdk\javafx-sdk-19.0.2.1\bin\api-ms-win-crt-heap-l1-1-0.dll
0x0000029bf8fe0000 - 0x0000029bf8fe3000 	C:\Program Files\Java\openjfx-19.0.2.1_windows-x64_bin-sdk\javafx-sdk-19.0.2.1\bin\api-ms-win-crt-locale-l1-1-0.dll
0x0000029bf8ff0000 - 0x0000029bf8ff5000 	C:\Program Files\Java\openjfx-19.0.2.1_windows-x64_bin-sdk\javafx-sdk-19.0.2.1\bin\api-ms-win-crt-math-l1-1-0.dll
0x0000029bf9000000 - 0x0000029bf9005000 	C:\Program Files\Java\openjfx-19.0.2.1_windows-x64_bin-sdk\javafx-sdk-19.0.2.1\bin\api-ms-win-crt-multibyte-l1-1-0.dll
0x0000029bf9010000 - 0x0000029bf9020000 	C:\Program Files\Java\openjfx-19.0.2.1_windows-x64_bin-sdk\javafx-sdk-19.0.2.1\bin\api-ms-win-crt-private-l1-1-0.dll
0x0000029bf9020000 - 0x0000029bf9023000 	C:\Program Files\Java\openjfx-19.0.2.1_windows-x64_bin-sdk\javafx-sdk-19.0.2.1\bin\api-ms-win-crt-process-l1-1-0.dll
0x0000029bf9030000 - 0x0000029bf9034000 	C:\Program Files\Java\openjfx-19.0.2.1_windows-x64_bin-sdk\javafx-sdk-19.0.2.1\bin\api-ms-win-crt-runtime-l1-1-0.dll
0x0000029bf9040000 - 0x0000029bf9044000 	C:\Program Files\Java\openjfx-19.0.2.1_windows-x64_bin-sdk\javafx-sdk-19.0.2.1\bin\api-ms-win-crt-stdio-l1-1-0.dll
0x0000029bf9050000 - 0x0000029bf9054000 	C:\Program Files\Java\openjfx-19.0.2.1_windows-x64_bin-sdk\javafx-sdk-19.0.2.1\bin\api-ms-win-crt-string-l1-1-0.dll
0x0000029bf9060000 - 0x0000029bf9063000 	C:\Program Files\Java\openjfx-19.0.2.1_windows-x64_bin-sdk\javafx-sdk-19.0.2.1\bin\api-ms-win-crt-time-l1-1-0.dll
0x0000029bf9070000 - 0x0000029bf9073000 	C:\Program Files\Java\openjfx-19.0.2.1_windows-x64_bin-sdk\javafx-sdk-19.0.2.1\bin\api-ms-win-crt-utility-l1-1-0.dll
0x00007ff8530b0000 - 0x00007ff8531ac000 	C:\Program Files\Java\openjfx-19.0.2.1_windows-x64_bin-sdk\javafx-sdk-19.0.2.1\bin\ucrtbase.dll
0x00007ff869a50000 - 0x00007ff869a6b000 	C:\Program Files\Java\openjfx-19.0.2.1_windows-x64_bin-sdk\javafx-sdk-19.0.2.1\bin\vcruntime140.dll
0x00007ff873440000 - 0x00007ff87344c000 	C:\Program Files\Java\openjfx-19.0.2.1_windows-x64_bin-sdk\javafx-sdk-19.0.2.1\bin\vcruntime140_1.dll
0x00007ff8699c0000 - 0x00007ff869a4e000 	C:\Program Files\Java\openjfx-19.0.2.1_windows-x64_bin-sdk\javafx-sdk-19.0.2.1\bin\msvcp140.dll
0x00007ff86e2d0000 - 0x00007ff86e2d9000 	C:\Program Files\Java\openjfx-19.0.2.1_windows-x64_bin-sdk\javafx-sdk-19.0.2.1\bin\msvcp140_1.dll
0x00007ff869990000 - 0x00007ff8699c0000 	C:\Program Files\Java\openjfx-19.0.2.1_windows-x64_bin-sdk\javafx-sdk-19.0.2.1\bin\msvcp140_2.dll
0x00007ff853080000 - 0x00007ff8530ac000 	C:\Program Files\Java\openjfx-19.0.2.1_windows-x64_bin-sdk\javafx-sdk-19.0.2.1\bin\prism_d3d.dll
0x00007ff875bd0000 - 0x00007ff875d79000 	C:\WINDOWS\system32\d3d9.dll
0x00007ff885d30000 - 0x00007ff885d5b000 	C:\WINDOWS\SYSTEM32\dwmapi.dll
0x00007ff885a00000 - 0x00007ff885a36000 	C:\WINDOWS\SYSTEM32\dxcore.dll
0x00007ff885920000 - 0x00007ff8859cb000 	C:\WINDOWS\system32\uxtheme.dll
0x00007ff823b00000 - 0x00007ff823caf000 	C:\WINDOWS\System32\DriverStore\FileRepository\iigd_dch.inf_amd64_51f685305808e3a5\igdumdim64.dll
0x00007ff889c10000 - 0x00007ff889db0000 	C:\WINDOWS\System32\ole32.dll
0x00007ff81fef0000 - 0x00007ff822f93000 	C:\WINDOWS\System32\DriverStore\FileRepository\iigd_dch.inf_amd64_51f685305808e3a5\igd9dxva64.dll
0x00007ff88a780000 - 0x00007ff88abf4000 	C:\WINDOWS\System32\SETUPAPI.dll
0x00007ff8884a0000 - 0x00007ff8884ee000 	C:\WINDOWS\SYSTEM32\cfgmgr32.dll
0x00007ff875050000 - 0x00007ff875459000 	C:\WINDOWS\System32\DriverStore\FileRepository\iigd_dch.inf_amd64_51f685305808e3a5\igdgmm64.dll
0x00007ff87cfb0000 - 0x00007ff87cffa000 	C:\WINDOWS\SYSTEM32\directxdatabasehelper.dll
0x00007ff852220000 - 0x00007ff852262000 	C:\Program Files\Java\openjfx-19.0.2.1_windows-x64_bin-sdk\javafx-sdk-19.0.2.1\bin\glass.dll
0x00007ff88a680000 - 0x00007ff88a779000 	C:\WINDOWS\System32\COMDLG32.dll
0x00007ff88a140000 - 0x00007ff88a290000 	C:\WINDOWS\System32\MSCTF.dll
0x00007ff87f4f0000 - 0x00007ff87f517000 	C:\WINDOWS\System32\DriverStore\FileRepository\iigd_dch.inf_amd64_51f685305808e3a5\igdinfo64.dll
0x00007ff86fb60000 - 0x00007ff8732f4000 	C:\WINDOWS\System32\DriverStore\FileRepository\iigd_dch.inf_amd64_51f685305808e3a5\igc64.dll
0x00007ff853050000 - 0x00007ff85307d000 	C:\Program Files\Java\openjfx-19.0.2.1_windows-x64_bin-sdk\javafx-sdk-19.0.2.1\bin\javafx_iio.dll
0x00007ff856040000 - 0x00007ff856054000 	C:\Program Files\Java\openjfx-19.0.2.1_windows-x64_bin-sdk\javafx-sdk-19.0.2.1\bin\javafx_font.dll
0x00007ff884150000 - 0x00007ff8843c3000 	C:\WINDOWS\SYSTEM32\dwrite.dll
0x00007ff88a5d0000 - 0x00007ff88a680000 	C:\WINDOWS\System32\clbcatq.dll
0x00007ff883b10000 - 0x00007ff883cc0000 	C:\WINDOWS\SYSTEM32\WindowsCodecs.dll
0x00007ff85a170000 - 0x00007ff85a1ce000 	C:\WINDOWS\system32\dataexchange.dll
0x00007ff878470000 - 0x00007ff8786f5000 	C:\WINDOWS\system32\twinapi.appcore.dll
0x00007ff8521e0000 - 0x00007ff852212000 	C:\Program Files\Common Files\Microsoft Shared\Ink\rtscom.dll
0x00007ff864930000 - 0x00007ff864a7a000 	C:\WINDOWS\SYSTEM32\textinputframework.dll
0x00007ff885340000 - 0x00007ff885474000 	C:\WINDOWS\SYSTEM32\CoreMessaging.dll
0x00007ff87b8a0000 - 0x00007ff87bc0c000 	C:\WINDOWS\SYSTEM32\CoreUIComponents.dll
0x00007ff888030000 - 0x00007ff88803c000 	C:\WINDOWS\SYSTEM32\CRYPTBASE.DLL

dbghelp: loaded successfully - version: 4.0.5 - missing functions: none
symbol engine: initialized successfully - sym options: 0x614 - pdb path: .;C:\Program Files\Java\jdk-17.0.1\bin;C:\WINDOWS\SYSTEM32;C:\WINDOWS\WinSxS\amd64_microsoft.windows.common-controls_6595b64144ccf1df_6.0.22621.2506_none_270c5ae97388e100;C:\Program Files\Java\jdk-17.0.1\bin\server;C:\Program Files\Java\openjfx-19.0.2.1_windows-x64_bin-sdk\javafx-sdk-19.0.2.1\bin;C:\WINDOWS\System32\DriverStore\FileRepository\iigd_dch.inf_amd64_51f685305808e3a5;C:\Program Files\Common Files\Microsoft Shared\Ink

VM Arguments:
jvm_args: -Dfile.encoding=Cp1252 --module-path=C:\Users\coolnet\Desktop\Java\P2_Ai\bin;C:\Program Files\Java\openjfx-19.0.2.1_windows-x64_bin-sdk\javafx-sdk-19.0.2.1\lib\javafx-swt.jar;C:\Program Files\Java\openjfx-19.0.2.1_windows-x64_bin-sdk\javafx-sdk-19.0.2.1\lib\javafx.base.jar;C:\Program Files\Java\openjfx-19.0.2.1_windows-x64_bin-sdk\javafx-sdk-19.0.2.1\lib\javafx.controls.jar;C:\Program Files\Java\openjfx-19.0.2.1_windows-x64_bin-sdk\javafx-sdk-19.0.2.1\lib\javafx.fxml.jar;C:\Program Files\Java\openjfx-19.0.2.1_windows-x64_bin-sdk\javafx-sdk-19.0.2.1\lib\javafx.graphics.jar;C:\Program Files\Java\openjfx-19.0.2.1_windows-x64_bin-sdk\javafx-sdk-19.0.2.1\lib\javafx.media.jar;C:\Program Files\Java\openjfx-19.0.2.1_windows-x64_bin-sdk\javafx-sdk-19.0.2.1\lib\javafx.swing.jar;C:\Program Files\Java\openjfx-19.0.2.1_windows-x64_bin-sdk\javafx-sdk-19.0.2.1\lib\javafx.web.jar;C:\Program Files\Java\openjfx-19.0.2.1_windows-x64_bin-sdk\javafx-sdk-19.0.2.1\lib\weka-src.jar;C:\Program Files\Java\openjfx-19.0.2.1_windows-x64_bin-sdk\javafx-sdk-19.0.2.1\lib\weka.jar;C:\Users\coolnet\.p2\pool\plugins\org.eclipse.fx.ide.css.jfx8_3.7.0.202010120832.jar -XX:+ShowCodeDetailsInExceptionMessages -Djdk.module.main=P2_Ai 
java_command: P2_Ai/application.Main
java_class_path (initial): <not set>
Launcher Type: SUN_STANDARD

[Global flags]
     intx CICompilerCount                          = 4                                         {product} {ergonomic}
     uint ConcGCThreads                            = 2                                         {product} {ergonomic}
     uint G1ConcRefinementThreads                  = 8                                         {product} {ergonomic}
   size_t G1HeapRegionSize                         = 1048576                                   {product} {ergonomic}
    uintx GCDrainStackTargetSize                   = 64                                        {product} {ergonomic}
   size_t InitialHeapSize                          = 134217728                                 {product} {ergonomic}
   size_t MarkStackSize                            = 4194304                                   {product} {ergonomic}
   size_t MaxHeapSize                              = 2120220672                                {product} {ergonomic}
   size_t MaxNewSize                               = 1271922688                                {product} {ergonomic}
   size_t MinHeapDeltaBytes                        = 1048576                                   {product} {ergonomic}
   size_t MinHeapSize                              = 8388608                                   {product} {ergonomic}
    uintx NonNMethodCodeHeapSize                   = 5839372                                {pd product} {ergonomic}
    uintx NonProfiledCodeHeapSize                  = 122909434                              {pd product} {ergonomic}
    uintx ProfiledCodeHeapSize                     = 122909434                              {pd product} {ergonomic}
    uintx ReservedCodeCacheSize                    = 251658240                              {pd product} {ergonomic}
     bool SegmentedCodeCache                       = true                                      {product} {ergonomic}
     bool ShowCodeDetailsInExceptionMessages       = true                                   {manageable} {command line}
   size_t SoftMaxHeapSize                          = 2120220672                             {manageable} {ergonomic}
     bool UseCompressedClassPointers               = true                           {product lp64_product} {ergonomic}
     bool UseCompressedOops                        = true                           {product lp64_product} {ergonomic}
     bool UseG1GC                                  = true                                      {product} {ergonomic}
     bool UseLargePagesIndividualAllocation        = false                                  {pd product} {ergonomic}

Logging:
Log output configuration:
 #0: stdout all=off uptime,level,tags
 #1: stderr all=off uptime,level,tags

Environment Variables:
JAVA_HOME=C:\Program Files\Java\jdk-17.0.1
PATH=C:/Program Files/Java/jdk-17.0.1/bin/server;C:/Program Files/Java/jdk-17.0.1/bin;C:\Users\coolnet\OneDrive\ \Scripts\;C:\Users;coolnet\OneDrive\ \;C:\Progr;m Files\Common Files\Oracle\Java\javapath;C:\WINDOWS\system32;C:\WINDOWS;C:\WINDOWS\System32\Wbem;C:\WINDOWS\System32\WindowsPowerShell\v1.0\;C:\WINDOWS\System32\OpenSSH\;c:\users\coolnet\desktop\quartoiz\quartus\bin;C:\Program Files\Git\cmd;C:\Users\coolnet\AppData\Local\Microsoft\WindowsApps;C:\Program Files\Java\jdk-17.0.1\bin;E:\IntelliJ IDEA Community Edition 2021.3\bin;C:\Users\coolnet\OneDrive\ \PyCharm Community Edition 2022.2.1\bin;C:\Users\coolnet\AppData\Local\Programs\Microsoft VS Code\bin;C:\Users\coolnet\AppData\Local\gitkraken\bin;%USERPROFILE%\AppData\Local\Microsoft\WindowsApps;;C:\Users\coolnet\OneDrive\ ;
USERNAME=coolnet
OS=Windows_NT
PROCESSOR_IDENTIFIER=Intel64 Family 6 Model 142 Stepping 10, GenuineIntel



---------------  S Y S T E M  ---------------

OS:
 Windows 10 , 64 bit Build 22621 (10.0.22621.2506)
OS uptime: 0 days 6:25 hours
Hyper-V role detected

CPU: total 8 (initial active 8) (4 cores per cpu, 2 threads per core) family 6 model 142 stepping 10 microcode 0xf0, cx8, cmov, fxsr, ht, mmx, 3dnowpref, sse, sse2, sse3, ssse3, sse4.1, sse4.2, popcnt, lzcnt, tsc, tscinvbit, avx, avx2, aes, erms, clmul, bmi1, bmi2, adx, fma, vzeroupper, clflush, clflushopt, hv

Memory: 4k page, system-wide physical 8083M (2461M free)
TotalPageFile size 13459M (AvailPageFile size 6152M)
current process WorkingSet (physical memory assigned to process): 146M, peak: 155M
current process commit charge ("private bytes"): 277M, peak: 293M

vm_info: Java HotSpot(TM) 64-Bit Server VM (17.0.1+12-LTS-39) for windows-amd64 JRE (17.0.1+12-LTS-39), built on Sep 27 2021 18:41:35 by "mach5one" with MS VC++ 16.8 (VS2019)

END.
