#
# A fatal error has been detected by the Java Runtime Environment:
#
#  EXCEPTION_ACCESS_VIOLATION (0xc0000005) at pc=0x00007ff9204a6407, pid=6696, tid=18032
#
# JRE version: Java(TM) SE Runtime Environment (17.0.1+12) (build 17.0.1+12-LTS-39)
# Java VM: Java HotSpot(TM) 64-Bit Server VM (17.0.1+12-LTS-39, mixed mode, sharing, tiered, compressed oops, compressed class ptrs, g1 gc, windows-amd64)
# Problematic frame:
# C  [glass.dll+0x26407]
#
# No core dump will be written. Minidumps are not enabled by default on client versions of Windows
#
# If you would like to submit a bug report, please visit:
#   https://bugreport.java.com/bugreport/crash.jsp
#

---------------  S U M M A R Y ------------

Command Line: -Dfile.encoding=Cp1252 --module-path=C:\Users\coolnet\Desktop\Java\P2_Ai\bin;C:\Program Files\Java\openjfx-19.0.2.1_windows-x64_bin-sdk\javafx-sdk-19.0.2.1\lib\javafx-swt.jar;C:\Program Files\Java\openjfx-19.0.2.1_windows-x64_bin-sdk\javafx-sdk-19.0.2.1\lib\javafx.base.jar;C:\Program Files\Java\openjfx-19.0.2.1_windows-x64_bin-sdk\javafx-sdk-19.0.2.1\lib\javafx.controls.jar;C:\Program Files\Java\openjfx-19.0.2.1_windows-x64_bin-sdk\javafx-sdk-19.0.2.1\lib\javafx.fxml.jar;C:\Program Files\Java\openjfx-19.0.2.1_windows-x64_bin-sdk\javafx-sdk-19.0.2.1\lib\javafx.graphics.jar;C:\Program Files\Java\openjfx-19.0.2.1_windows-x64_bin-sdk\javafx-sdk-19.0.2.1\lib\javafx.media.jar;C:\Program Files\Java\openjfx-19.0.2.1_windows-x64_bin-sdk\javafx-sdk-19.0.2.1\lib\javafx.swing.jar;C:\Program Files\Java\openjfx-19.0.2.1_windows-x64_bin-sdk\javafx-sdk-19.0.2.1\lib\javafx.web.jar;C:\Program Files\Java\openjfx-19.0.2.1_windows-x64_bin-sdk\javafx-sdk-19.0.2.1\lib\weka-src.jar;C:\Program Files\Java\openjfx-19.0.2.1_windows-x64_bin-sdk\javafx-sdk-19.0.2.1\lib\weka.jar;C:\Users\coolnet\.p2\pool\plugins\org.eclipse.fx.ide.css.jfx8_3.7.0.202010120832.jar -XX:+ShowCodeDetailsInExceptionMessages -Djdk.module.main=P2_Ai P2_Ai/application.Main

Host: Intel(R) Core(TM) i7-8550U CPU @ 1.80GHz, 8 cores, 7G,  Windows 10 , 64 bit Build 22621 (10.0.22621.2506)
Time: Sat Feb  3 21:37:37 2024 Jerusalem Standard Time elapsed time: 28.802749 seconds (0d 0h 0m 28s)

---------------  T H R E A D  ---------------

Current thread (0x000001635eb36ad0):  VMThread "VM Thread" [stack: 0x0000000100c00000,0x0000000100d00000] [id=18032]

Stack: [0x0000000100c00000,0x0000000100d00000],  sp=0x0000000100cff270,  free space=1020k
Native frames: (J=compiled Java code, j=interpreted, Vv=VM code, C=native code)
C  [glass.dll+0x26407]


siginfo: EXCEPTION_ACCESS_VIOLATION (0xc0000005), reading address 0x0000000000000000


Register to memory mapping:

RIP=0x00007ff9204a6407 glass.dll
RAX=0x0 is NULL
RBX=0x000001635eb4b020 is a global jni handle
RCX=0x000001635eb36ad0 points into unknown readable memory: 0x00007ff8cf92c5e0 | e0 c5 92 cf f8 7f 00 00
RDX=0x0000000100cff270 points into unknown readable memory: 0x0000000000000000 | 00 00 00 00 00 00 00 00
RSP=0x0000000100cff270 points into unknown readable memory: 0x0000000000000000 | 00 00 00 00 00 00 00 00
RBP=0x000001635fbd46f8 points into unknown readable memory: 0x0000c84e0cc3c791 | 91 c7 c3 0c 4e c8 00 00
RSI=0x0000000100cff378 points into unknown readable memory: 0x0000000100cff360 | 60 f3 cf 00 01 00 00 00
RDI=0x000001635fbd46d0 points into unknown readable memory: 0xfff288da7c73c791 | 91 c7 73 7c da 88 f2 ff
R8 =0x0000000000010002 is an unknown value
R9 =0x000001635fbd46d0 points into unknown readable memory: 0xfff288da7c73c791 | 91 c7 73 7c da 88 f2 ff
R10=0x85f13e9656da4870 is an unknown value
R11=0x0000000100cff200 points into unknown readable memory: 0x000001635fbd46d0 | d0 46 bd 5f 63 01 00 00
R12=0x00007ff9204a3d40 glass.dll
R13=0x00007ff8cfad2940 jvm.dll
R14=0x0000c84e0cc3c791 is an unknown value
R15=0x000001635fbd46d0 points into unknown readable memory: 0xfff288da7c73c791 | 91 c7 73 7c da 88 f2 ff


Registers:
RAX=0x0000000000000000, RBX=0x000001635eb4b020, RCX=0x000001635eb36ad0, RDX=0x0000000100cff270
RSP=0x0000000100cff270, RBP=0x000001635fbd46f8, RSI=0x0000000100cff378, RDI=0x000001635fbd46d0
R8 =0x0000000000010002, R9 =0x000001635fbd46d0, R10=0x85f13e9656da4870, R11=0x0000000100cff200
R12=0x00007ff9204a3d40, R13=0x00007ff8cfad2940, R14=0x0000c84e0cc3c791, R15=0x000001635fbd46d0
RIP=0x00007ff9204a6407, EFLAGS=0x0000000000010202

Top of Stack: (sp=0x0000000100cff270)
0x0000000100cff270:   0000000000000000 0000000100cff378
0x0000000100cff280:   00007ff8cfad2940 00007ff9204a3d40
0x0000000100cff290:   000001635fbd46d8 00007ff94e4f3a83
0x0000000100cff2a0:   000001635fbd46d0 0000016300000000
0x0000000100cff2b0:   000001635fbd46f8 0000000100cff378
0x0000000100cff2c0:   fffffffffffffffe 0000000000000000
0x0000000100cff2d0:   0000000000000001 00007ff920480000
0x0000000100cff2e0:   0000000100cff368 00007ff94e4c006e
0x0000000100cff2f0:   0000000000000000 0000000100cff378
0x0000000100cff300:   0000000100cff660 0000000000000001
0x0000000100cff310:   0000000000000001 00007ff94e4bda1d
0x0000000100cff320:   0000000000000000 00007ff9204a3539
0x0000000100cff330:   00007ff949025ed0 0000000100cff368
0x0000000100cff340:   fffffffffffffffe 0000000100cff330
0x0000000100cff350:   0000000000000000 00007ff9204a3bcd
0x0000000100cff360:   00007ff9204b9f88 00007ff900000002 

Instructions: (pc=0x00007ff9204a6407)
0x00007ff9204a6307:   8b 4d 58 e8 7d cf ff ff 48 8b 4d 60 e8 74 cf ff
0x00007ff9204a6317:   ff 48 8b 95 80 00 00 00 48 8b 8d 18 01 00 00 e8
0x00007ff9204a6327:   66 c4 ff ff 33 d2 33 c9 e8 bc e1 ff ff 90 48 89
0x00007ff9204a6337:   54 24 10 55 48 83 ec 20 48 8b ea 48 b8 00 00 00
0x00007ff9204a6347:   00 00 00 00 00 48 83 c4 20 5d c3 cc 40 55 48 8b
0x00007ff9204a6357:   ea 48 8b 01 33 c9 81 38 05 00 00 c0 0f 94 c1 8b
0x00007ff9204a6367:   c1 5d c3 cc 40 55 48 83 ec 20 48 8b ea 8a 4d 40
0x00007ff9204a6377:   48 83 c4 20 5d e9 63 d3 ff ff cc 40 55 48 83 ec
0x00007ff9204a6387:   20 48 8b ea 8a 4d 20 e8 51 d3 ff ff 90 48 83 c4
0x00007ff9204a6397:   20 5d c3 cc 40 55 48 83 ec 20 48 8b ea 48 83 c4
0x00007ff9204a63a7:   20 5d e9 b2 d1 ff ff cc 40 55 48 83 ec 30 48 8b
0x00007ff9204a63b7:   ea 48 8b 01 8b 10 48 89 4c 24 28 89 54 24 20 4c
0x00007ff9204a63c7:   8d 0d 53 d6 ff ff 4c 8b 45 70 8b 55 68 48 8b 4d
0x00007ff9204a63d7:   60 e8 f3 d0 ff ff 90 48 83 c4 30 5d c3 cc cc cc
0x00007ff9204a63e7:   cc cc cc cc cc cc cc cc cc 40 53 48 83 ec 20 48
0x00007ff9204a63f7:   8b 1d 8b 35 01 00 48 85 db 74 16 e8 79 8b ff ff
0x00007ff9204a6407:   4c 8b 00 48 8b d3 48 8b c8 41 ff 90 b0 00 00 00
0x00007ff9204a6417:   90 48 83 c4 20 5b c3 cc cc 40 53 48 83 ec 20 48
0x00007ff9204a6427:   8b 1d fb 36 01 00 48 85 db 74 57 b8 ff ff ff ff
0x00007ff9204a6437:   f0 0f c1 43 10 83 f8 01 75 3d 48 85 db 74 38 48
0x00007ff9204a6447:   8b 0b 48 85 c9 74 0d ff 15 54 0e 00 00 48 c7 03
0x00007ff9204a6457:   00 00 00 00 48 8b 4b 08 48 85 c9 74 0d e8 23 ce
0x00007ff9204a6467:   ff ff 48 c7 43 08 00 00 00 00 ba 18 00 00 00 48
0x00007ff9204a6477:   8b cb e8 0e ce ff ff 48 c7 05 9f 36 01 00 00 00
0x00007ff9204a6487:   00 00 48 83 c4 20 5b c3 cc 40 53 48 83 ec 20 48
0x00007ff9204a6497:   8b 1d 6b 36 01 00 48 85 db 74 57 b8 ff ff ff ff
0x00007ff9204a64a7:   f0 0f c1 43 10 83 f8 01 75 3d 48 85 db 74 38 48
0x00007ff9204a64b7:   8b 0b 48 85 c9 74 0d ff 15 e4 0d 00 00 48 c7 03
0x00007ff9204a64c7:   00 00 00 00 48 8b 4b 08 48 85 c9 74 0d e8 b3 cd
0x00007ff9204a64d7:   ff ff 48 c7 43 08 00 00 00 00 ba 18 00 00 00 48
0x00007ff9204a64e7:   8b cb e8 9e cd ff ff 48 c7 05 0f 36 01 00 00 00
0x00007ff9204a64f7:   00 00 48 83 c4 20 5b c3 cc 40 53 48 83 ec 20 48 


Stack slot to memory mapping:
stack at sp + 0 slots: 0x0 is NULL
stack at sp + 1 slots: 0x0000000100cff378 points into unknown readable memory: 0x0000000100cff360 | 60 f3 cf 00 01 00 00 00
stack at sp + 2 slots: 0x00007ff8cfad2940 jvm.dll
stack at sp + 3 slots: 0x00007ff9204a3d40 glass.dll
stack at sp + 4 slots: 0x000001635fbd46d8 points into unknown readable memory: 0x0000c84e0cc3c791 | 91 c7 c3 0c 4e c8 00 00
stack at sp + 5 slots: 0x00007ff94e4f3a83 ucrtbase.dll
stack at sp + 6 slots: 0x000001635fbd46d0 points into unknown readable memory: 0xfff288da7c73c791 | 91 c7 73 7c da 88 f2 ff
stack at sp + 7 slots: 0x0000016300000000 is an unknown value

VM_Operation (0x0000000101cfa160): Exit, mode: safepoint, requested by thread 0x000001635fe8e290


---------------  P R O C E S S  ---------------

Threads class SMR info:
_java_thread_list=0x00000163650e97a0, length=18, elements={
0x0000016340ae2950, 0x000001635eb3cad0, 0x000001635eb3d550, 0x000001635eb53970,
0x000001635eb56650, 0x000001635eb5f020, 0x000001635eb676f0, 0x000001635eb68be0,
0x000001635eb7c0f0, 0x000001635eb28d20, 0x000001635f84ad40, 0x000001635fcab980,
0x000001635fe8c630, 0x000001635fe8e290, 0x000001635fe19a50, 0x000001635fef9090,
0x0000016364b6fb80, 0x000001636589c790
}

Java Threads: ( => current thread )
  0x0000016340ae2950 JavaThread "main" [_thread_blocked, id=3512, stack(0x0000000100600000,0x0000000100700000)]
  0x000001635eb3cad0 JavaThread "Reference Handler" daemon [_thread_blocked, id=10976, stack(0x0000000100d00000,0x0000000100e00000)]
  0x000001635eb3d550 JavaThread "Finalizer" daemon [_thread_blocked, id=19836, stack(0x0000000100e00000,0x0000000100f00000)]
  0x000001635eb53970 JavaThread "Attach Listener" daemon [_thread_blocked, id=716, stack(0x0000000101000000,0x0000000101100000)]
  0x000001635eb56650 JavaThread "Service Thread" daemon [_thread_blocked, id=3536, stack(0x0000000101100000,0x0000000101200000)]
  0x000001635eb5f020 JavaThread "Monitor Deflation Thread" daemon [_thread_blocked, id=10980, stack(0x0000000101200000,0x0000000101300000)]
  0x000001635eb676f0 JavaThread "C2 CompilerThread0" daemon [_thread_blocked, id=3712, stack(0x0000000101300000,0x0000000101400000)]
  0x000001635eb68be0 JavaThread "C1 CompilerThread0" daemon [_thread_blocked, id=12172, stack(0x0000000101400000,0x0000000101500000)]
  0x000001635eb7c0f0 JavaThread "Sweeper thread" daemon [_thread_blocked, id=17200, stack(0x0000000101500000,0x0000000101600000)]
  0x000001635eb28d20 JavaThread "Common-Cleaner" daemon [_thread_blocked, id=10792, stack(0x0000000101600000,0x0000000101700000)]
  0x000001635f84ad40 JavaThread "Notification Thread" daemon [_thread_blocked, id=18936, stack(0x0000000101900000,0x0000000101a00000)]
  0x000001635fcab980 JavaThread "QuantumRenderer-0" daemon [_thread_blocked, id=19212, stack(0x0000000101800000,0x0000000101900000)]
  0x000001635fe8c630 JavaThread "InvokeLaterDispatcher" daemon [_thread_blocked, id=16884, stack(0x0000000101b00000,0x0000000101c00000)]
  0x000001635fe8e290 JavaThread "JavaFX Application Thread" [_thread_blocked, id=22420, stack(0x0000000101c00000,0x0000000101d00000)]
  0x000001635fe19a50 JavaThread "Thread-1" daemon [_thread_in_native, id=17172, stack(0x0000000101700000,0x0000000101800000)]
  0x000001635fef9090 JavaThread "JavaFX-Launcher" [_thread_blocked, id=22496, stack(0x0000000102100000,0x0000000102200000)]
  0x0000016364b6fb80 JavaThread "Prism Font Disposer" daemon [_thread_blocked, id=4156, stack(0x0000000102700000,0x0000000102800000)]
  0x000001636589c790 JavaThread "Cleaner-0" daemon [_thread_blocked, id=21888, stack(0x0000000102b00000,0x0000000102c00000)]

Other Threads:
=>0x000001635eb36ad0 VMThread "VM Thread" [stack: 0x0000000100c00000,0x0000000100d00000] [id=18032]
  0x0000016340b20a60 GCTaskThread "GC Thread#0" [stack: 0x0000000100700000,0x0000000100800000] [id=20012]
  0x000001635ffd4180 GCTaskThread "GC Thread#1" [stack: 0x0000000102200000,0x0000000102300000] [id=15452]
  0x000001635ffd4430 GCTaskThread "GC Thread#2" [stack: 0x0000000102300000,0x0000000102400000] [id=21740]
  0x000001635ff6fcf0 GCTaskThread "GC Thread#3" [stack: 0x0000000102400000,0x0000000102500000] [id=16128]
  0x000001635ff6ffa0 GCTaskThread "GC Thread#4" [stack: 0x0000000102500000,0x0000000102600000] [id=4472]
  0x000001635fe06450 GCTaskThread "GC Thread#5" [stack: 0x0000000102600000,0x0000000102700000] [id=8428]
  0x0000016368dbcfc0 GCTaskThread "GC Thread#6" [stack: 0x0000000102000000,0x0000000102100000] [id=14396]
  0x0000016368dbdfe0 GCTaskThread "GC Thread#7" [stack: 0x0000000102c00000,0x0000000102d00000] [id=2900]
  0x0000016340b31660 ConcurrentGCThread "G1 Main Marker" terminated
  0x0000016340b32810 ConcurrentGCThread "G1 Conc#0" [stack: 0x0000000100900000,0x0000000100a00000] [id=15332]
  0x0000016340bae3b0 ConcurrentGCThread "G1 Refine#0" terminated
  0x0000016340bae9e0 ConcurrentGCThread "G1 Service" terminated

Threads with active compile tasks:
C2 CompilerThread0  
[error occurred during error reporting (printing all threads), id 0xc0000005, EXCEPTION_ACCESS_VIOLATION (0xc0000005) at pc=0x00007ff8cf73cfa3]

VM state: at safepoint (shutting down)

VM Mutex/Monitor currently owned by a thread:  ([mutex/lock_event])
[0x0000016340add300] Threads_lock - owner thread: 0x000001635eb36ad0
[0x0000016340add150] Heap_lock - owner thread: 0x000001635fe8e290

Heap address: 0x0000000081a00000, size: 2022 MB, Compressed Oops mode: 32-bit

CDS archive(s) mapped at: [0x0000000800000000-0x0000000800bc0000-0x0000000800bc0000), size 12320768, SharedBaseAddress: 0x0000000800000000, ArchiveRelocationMode: 0.
Compressed class space mapped at: 0x0000000800c00000-0x0000000840c00000, reserved size: 1073741824
Narrow klass base: 0x0000000800000000, Narrow klass shift: 0, Narrow klass range: 0x100000000

GC Precious Log:
 CPUs: 8 total, 8 available
 Memory: 8083M
 Large Page Support: Disabled
 NUMA Support: Disabled
 Compressed Oops: Enabled (32-bit)
 Heap Region Size: 1M
 Heap Min Capacity: 8M
 Heap Initial Capacity: 128M
 Heap Max Capacity: 2022M
 Pre-touch: Disabled
 Parallel Workers: 8
 Concurrent Workers: 2
 Concurrent Refinement Workers: 8
 Periodic GC: Disabled

Heap:
 garbage-first heap   total 131072K, used 11028K [0x0000000081a00000, 0x0000000100000000)
  region size 1024K, 8 young (8192K), 5 survivors (5120K)
 Metaspace       used 13060K, committed 13312K, reserved 1064960K
  class space    used 1787K, committed 1920K, reserved 1048576K

Heap Regions: E=young(eden), S=young(survivor), O=old, HS=humongous(starts), HC=humongous(continues), CS=collection set, F=free, OA=open archive, CA=closed archive, TAMS=top-at-mark-start (previous, next)
|   0|0x0000000081a00000, 0x0000000081b00000, 0x0000000081b00000|100%|HS|  |TAMS 0x0000000081a00000, 0x0000000081a00000| Complete 
|   1|0x0000000081b00000, 0x0000000081bc5200, 0x0000000081c00000| 77%| O|  |TAMS 0x0000000081b00000, 0x0000000081b00000| Untracked 
|   2|0x0000000081c00000, 0x0000000081d00000, 0x0000000081d00000|100%|HS|  |TAMS 0x0000000081c00000, 0x0000000081c00000| Complete 
|   3|0x0000000081d00000, 0x0000000081e00000, 0x0000000081e00000|100%|HC|  |TAMS 0x0000000081d00000, 0x0000000081d00000| Complete 
|   4|0x0000000081e00000, 0x0000000081e00000, 0x0000000081f00000|  0%| F|  |TAMS 0x0000000081e00000, 0x0000000081e00000| Untracked 
|   5|0x0000000081f00000, 0x0000000081f00000, 0x0000000082000000|  0%| F|  |TAMS 0x0000000081f00000, 0x0000000081f00000| Untracked 
|   6|0x0000000082000000, 0x0000000082000000, 0x0000000082100000|  0%| F|  |TAMS 0x0000000082000000, 0x0000000082000000| Untracked 
|   7|0x0000000082100000, 0x0000000082100000, 0x0000000082200000|  0%| F|  |TAMS 0x0000000082100000, 0x0000000082100000| Untracked 
|   8|0x0000000082200000, 0x0000000082200000, 0x0000000082300000|  0%| F|  |TAMS 0x0000000082200000, 0x0000000082200000| Untracked 
|   9|0x0000000082300000, 0x0000000082300000, 0x0000000082400000|  0%| F|  |TAMS 0x0000000082300000, 0x0000000082300000| Untracked 
|  10|0x0000000082400000, 0x0000000082400000, 0x0000000082500000|  0%| F|  |TAMS 0x0000000082400000, 0x0000000082400000| Untracked 
|  11|0x0000000082500000, 0x0000000082500000, 0x0000000082600000|  0%| F|  |TAMS 0x0000000082500000, 0x0000000082500000| Untracked 
|  12|0x0000000082600000, 0x0000000082600000, 0x0000000082700000|  0%| F|  |TAMS 0x0000000082600000, 0x0000000082600000| Untracked 
|  13|0x0000000082700000, 0x0000000082700000, 0x0000000082800000|  0%| F|  |TAMS 0x0000000082700000, 0x0000000082700000| Untracked 
|  14|0x0000000082800000, 0x0000000082800000, 0x0000000082900000|  0%| F|  |TAMS 0x0000000082800000, 0x0000000082800000| Untracked 
|  15|0x0000000082900000, 0x0000000082900000, 0x0000000082a00000|  0%| F|  |TAMS 0x0000000082900000, 0x0000000082900000| Untracked 
|  16|0x0000000082a00000, 0x0000000082a00000, 0x0000000082b00000|  0%| F|  |TAMS 0x0000000082a00000, 0x0000000082a00000| Untracked 
|  17|0x0000000082b00000, 0x0000000082b00000, 0x0000000082c00000|  0%| F|  |TAMS 0x0000000082b00000, 0x0000000082b00000| Untracked 
|  18|0x0000000082c00000, 0x0000000082c00000, 0x0000000082d00000|  0%| F|  |TAMS 0x0000000082c00000, 0x0000000082c00000| Untracked 
|  19|0x0000000082d00000, 0x0000000082d00000, 0x0000000082e00000|  0%| F|  |TAMS 0x0000000082d00000, 0x0000000082d00000| Untracked 
|  20|0x0000000082e00000, 0x0000000082e00000, 0x0000000082f00000|  0%| F|  |TAMS 0x0000000082e00000, 0x0000000082e00000| Untracked 
|  21|0x0000000082f00000, 0x0000000082f00000, 0x0000000083000000|  0%| F|  |TAMS 0x0000000082f00000, 0x0000000082f00000| Untracked 
|  22|0x0000000083000000, 0x0000000083000000, 0x0000000083100000|  0%| F|  |TAMS 0x0000000083000000, 0x0000000083000000| Untracked 
|  23|0x0000000083100000, 0x0000000083100000, 0x0000000083200000|  0%| F|  |TAMS 0x0000000083100000, 0x0000000083100000| Untracked 
|  24|0x0000000083200000, 0x0000000083200000, 0x0000000083300000|  0%| F|  |TAMS 0x0000000083200000, 0x0000000083200000| Untracked 
|  25|0x0000000083300000, 0x0000000083300000, 0x0000000083400000|  0%| F|  |TAMS 0x0000000083300000, 0x0000000083300000| Untracked 
|  26|0x0000000083400000, 0x0000000083400000, 0x0000000083500000|  0%| F|  |TAMS 0x0000000083400000, 0x0000000083400000| Untracked 
|  27|0x0000000083500000, 0x0000000083500000, 0x0000000083600000|  0%| F|  |TAMS 0x0000000083500000, 0x0000000083500000| Untracked 
|  28|0x0000000083600000, 0x0000000083600000, 0x0000000083700000|  0%| F|  |TAMS 0x0000000083600000, 0x0000000083600000| Untracked 
|  29|0x0000000083700000, 0x0000000083700000, 0x0000000083800000|  0%| F|  |TAMS 0x0000000083700000, 0x0000000083700000| Untracked 
|  30|0x0000000083800000, 0x0000000083800000, 0x0000000083900000|  0%| F|  |TAMS 0x0000000083800000, 0x0000000083800000| Untracked 
|  31|0x0000000083900000, 0x0000000083900000, 0x0000000083a00000|  0%| F|  |TAMS 0x0000000083900000, 0x0000000083900000| Untracked 
|  32|0x0000000083a00000, 0x0000000083a00000, 0x0000000083b00000|  0%| F|  |TAMS 0x0000000083a00000, 0x0000000083a00000| Untracked 
|  33|0x0000000083b00000, 0x0000000083b00000, 0x0000000083c00000|  0%| F|  |TAMS 0x0000000083b00000, 0x0000000083b00000| Untracked 
|  34|0x0000000083c00000, 0x0000000083c00000, 0x0000000083d00000|  0%| F|  |TAMS 0x0000000083c00000, 0x0000000083c00000| Untracked 
|  35|0x0000000083d00000, 0x0000000083d00000, 0x0000000083e00000|  0%| F|  |TAMS 0x0000000083d00000, 0x0000000083d00000| Untracked 
|  36|0x0000000083e00000, 0x0000000083e00000, 0x0000000083f00000|  0%| F|  |TAMS 0x0000000083e00000, 0x0000000083e00000| Untracked 
|  37|0x0000000083f00000, 0x0000000083f00000, 0x0000000084000000|  0%| F|  |TAMS 0x0000000083f00000, 0x0000000083f00000| Untracked 
|  38|0x0000000084000000, 0x0000000084000000, 0x0000000084100000|  0%| F|  |TAMS 0x0000000084000000, 0x0000000084000000| Untracked 
|  39|0x0000000084100000, 0x0000000084100000, 0x0000000084200000|  0%| F|  |TAMS 0x0000000084100000, 0x0000000084100000| Untracked 
|  40|0x0000000084200000, 0x0000000084200000, 0x0000000084300000|  0%| F|  |TAMS 0x0000000084200000, 0x0000000084200000| Untracked 
|  41|0x0000000084300000, 0x0000000084300000, 0x0000000084400000|  0%| F|  |TAMS 0x0000000084300000, 0x0000000084300000| Untracked 
|  42|0x0000000084400000, 0x0000000084400000, 0x0000000084500000|  0%| F|  |TAMS 0x0000000084400000, 0x0000000084400000| Untracked 
|  43|0x0000000084500000, 0x0000000084500000, 0x0000000084600000|  0%| F|  |TAMS 0x0000000084500000, 0x0000000084500000| Untracked 
|  44|0x0000000084600000, 0x0000000084600000, 0x0000000084700000|  0%| F|  |TAMS 0x0000000084600000, 0x0000000084600000| Untracked 
|  45|0x0000000084700000, 0x0000000084700000, 0x0000000084800000|  0%| F|  |TAMS 0x0000000084700000, 0x0000000084700000| Untracked 
|  46|0x0000000084800000, 0x0000000084800000, 0x0000000084900000|  0%| F|  |TAMS 0x0000000084800000, 0x0000000084800000| Untracked 
|  47|0x0000000084900000, 0x0000000084900000, 0x0000000084a00000|  0%| F|  |TAMS 0x0000000084900000, 0x0000000084900000| Untracked 
|  48|0x0000000084a00000, 0x0000000084a00000, 0x0000000084b00000|  0%| F|  |TAMS 0x0000000084a00000, 0x0000000084a00000| Untracked 
|  49|0x0000000084b00000, 0x0000000084b00000, 0x0000000084c00000|  0%| F|  |TAMS 0x0000000084b00000, 0x0000000084b00000| Untracked 
|  50|0x0000000084c00000, 0x0000000084c00000, 0x0000000084d00000|  0%| F|  |TAMS 0x0000000084c00000, 0x0000000084c00000| Untracked 
|  51|0x0000000084d00000, 0x0000000084d00000, 0x0000000084e00000|  0%| F|  |TAMS 0x0000000084d00000, 0x0000000084d00000| Untracked 
|  52|0x0000000084e00000, 0x0000000084e00000, 0x0000000084f00000|  0%| F|  |TAMS 0x0000000084e00000, 0x0000000084e00000| Untracked 
|  53|0x0000000084f00000, 0x0000000084f00000, 0x0000000085000000|  0%| F|  |TAMS 0x0000000084f00000, 0x0000000084f00000| Untracked 
|  54|0x0000000085000000, 0x0000000085000000, 0x0000000085100000|  0%| F|  |TAMS 0x0000000085000000, 0x0000000085000000| Untracked 
|  55|0x0000000085100000, 0x0000000085100000, 0x0000000085200000|  0%| F|  |TAMS 0x0000000085100000, 0x0000000085100000| Untracked 
|  56|0x0000000085200000, 0x0000000085200000, 0x0000000085300000|  0%| F|  |TAMS 0x0000000085200000, 0x0000000085200000| Untracked 
|  57|0x0000000085300000, 0x0000000085300000, 0x0000000085400000|  0%| F|  |TAMS 0x0000000085300000, 0x0000000085300000| Untracked 
|  58|0x0000000085400000, 0x0000000085400000, 0x0000000085500000|  0%| F|  |TAMS 0x0000000085400000, 0x0000000085400000| Untracked 
|  59|0x0000000085500000, 0x0000000085500000, 0x0000000085600000|  0%| F|  |TAMS 0x0000000085500000, 0x0000000085500000| Untracked 
|  60|0x0000000085600000, 0x0000000085600000, 0x0000000085700000|  0%| F|  |TAMS 0x0000000085600000, 0x0000000085600000| Untracked 
|  61|0x0000000085700000, 0x0000000085700000, 0x0000000085800000|  0%| F|  |TAMS 0x0000000085700000, 0x0000000085700000| Untracked 
|  62|0x0000000085800000, 0x0000000085800000, 0x0000000085900000|  0%| F|  |TAMS 0x0000000085800000, 0x0000000085800000| Untracked 
|  63|0x0000000085900000, 0x0000000085900000, 0x0000000085a00000|  0%| F|  |TAMS 0x0000000085900000, 0x0000000085900000| Untracked 
|  64|0x0000000085a00000, 0x0000000085a00000, 0x0000000085b00000|  0%| F|  |TAMS 0x0000000085a00000, 0x0000000085a00000| Untracked 
|  65|0x0000000085b00000, 0x0000000085b00000, 0x0000000085c00000|  0%| F|  |TAMS 0x0000000085b00000, 0x0000000085b00000| Untracked 
|  66|0x0000000085c00000, 0x0000000085c00000, 0x0000000085d00000|  0%| F|  |TAMS 0x0000000085c00000, 0x0000000085c00000| Untracked 
|  67|0x0000000085d00000, 0x0000000085d00000, 0x0000000085e00000|  0%| F|  |TAMS 0x0000000085d00000, 0x0000000085d00000| Untracked 
|  68|0x0000000085e00000, 0x0000000085e00000, 0x0000000085f00000|  0%| F|  |TAMS 0x0000000085e00000, 0x0000000085e00000| Untracked 
|  69|0x0000000085f00000, 0x0000000085f00000, 0x0000000086000000|  0%| F|  |TAMS 0x0000000085f00000, 0x0000000085f00000| Untracked 
|  70|0x0000000086000000, 0x0000000086000000, 0x0000000086100000|  0%| F|  |TAMS 0x0000000086000000, 0x0000000086000000| Untracked 
|  71|0x0000000086100000, 0x0000000086100000, 0x0000000086200000|  0%| F|  |TAMS 0x0000000086100000, 0x0000000086100000| Untracked 
|  72|0x0000000086200000, 0x0000000086200000, 0x0000000086300000|  0%| F|  |TAMS 0x0000000086200000, 0x0000000086200000| Untracked 
|  73|0x0000000086300000, 0x0000000086300000, 0x0000000086400000|  0%| F|  |TAMS 0x0000000086300000, 0x0000000086300000| Untracked 
|  74|0x0000000086400000, 0x0000000086400000, 0x0000000086500000|  0%| F|  |TAMS 0x0000000086400000, 0x0000000086400000| Untracked 
|  75|0x0000000086500000, 0x0000000086500000, 0x0000000086600000|  0%| F|  |TAMS 0x0000000086500000, 0x0000000086500000| Untracked 
|  76|0x0000000086600000, 0x0000000086600000, 0x0000000086700000|  0%| F|  |TAMS 0x0000000086600000, 0x0000000086600000| Untracked 
|  77|0x0000000086700000, 0x0000000086700000, 0x0000000086800000|  0%| F|  |TAMS 0x0000000086700000, 0x0000000086700000| Untracked 
|  78|0x0000000086800000, 0x0000000086800000, 0x0000000086900000|  0%| F|  |TAMS 0x0000000086800000, 0x0000000086800000| Untracked 
|  79|0x0000000086900000, 0x0000000086900000, 0x0000000086a00000|  0%| F|  |TAMS 0x0000000086900000, 0x0000000086900000| Untracked 
|  80|0x0000000086a00000, 0x0000000086a00000, 0x0000000086b00000|  0%| F|  |TAMS 0x0000000086a00000, 0x0000000086a00000| Untracked 
|  81|0x0000000086b00000, 0x0000000086b00000, 0x0000000086c00000|  0%| F|  |TAMS 0x0000000086b00000, 0x0000000086b00000| Untracked 
|  82|0x0000000086c00000, 0x0000000086c00000, 0x0000000086d00000|  0%| F|  |TAMS 0x0000000086c00000, 0x0000000086c00000| Untracked 
|  83|0x0000000086d00000, 0x0000000086d00000, 0x0000000086e00000|  0%| F|  |TAMS 0x0000000086d00000, 0x0000000086d00000| Untracked 
|  84|0x0000000086e00000, 0x0000000086e00000, 0x0000000086f00000|  0%| F|  |TAMS 0x0000000086e00000, 0x0000000086e00000| Untracked 
|  85|0x0000000086f00000, 0x0000000086f00000, 0x0000000087000000|  0%| F|  |TAMS 0x0000000086f00000, 0x0000000086f00000| Untracked 
|  86|0x0000000087000000, 0x0000000087000000, 0x0000000087100000|  0%| F|  |TAMS 0x0000000087000000, 0x0000000087000000| Untracked 
|  87|0x0000000087100000, 0x0000000087100000, 0x0000000087200000|  0%| F|  |TAMS 0x0000000087100000, 0x0000000087100000| Untracked 
|  88|0x0000000087200000, 0x0000000087300000, 0x0000000087300000|100%| S|CS|TAMS 0x0000000087200000, 0x0000000087200000| Complete 
|  89|0x0000000087300000, 0x0000000087400000, 0x0000000087400000|100%| S|CS|TAMS 0x0000000087300000, 0x0000000087300000| Complete 
|  90|0x0000000087400000, 0x0000000087500000, 0x0000000087500000|100%| S|CS|TAMS 0x0000000087400000, 0x0000000087400000| Complete 
|  91|0x0000000087500000, 0x0000000087600000, 0x0000000087600000|100%| S|CS|TAMS 0x0000000087500000, 0x0000000087500000| Complete 
|  92|0x0000000087600000, 0x0000000087700000, 0x0000000087700000|100%| S|CS|TAMS 0x0000000087600000, 0x0000000087600000| Complete 
|  93|0x0000000087700000, 0x0000000087700000, 0x0000000087800000|  0%| F|  |TAMS 0x0000000087700000, 0x0000000087700000| Untracked 
|  94|0x0000000087800000, 0x0000000087800000, 0x0000000087900000|  0%| F|  |TAMS 0x0000000087800000, 0x0000000087800000| Untracked 
|  95|0x0000000087900000, 0x0000000087900000, 0x0000000087a00000|  0%| F|  |TAMS 0x0000000087900000, 0x0000000087900000| Untracked 
|  96|0x0000000087a00000, 0x0000000087a00000, 0x0000000087b00000|  0%| F|  |TAMS 0x0000000087a00000, 0x0000000087a00000| Untracked 
|  97|0x0000000087b00000, 0x0000000087b00000, 0x0000000087c00000|  0%| F|  |TAMS 0x0000000087b00000, 0x0000000087b00000| Untracked 
|  98|0x0000000087c00000, 0x0000000087c00000, 0x0000000087d00000|  0%| F|  |TAMS 0x0000000087c00000, 0x0000000087c00000| Untracked 
|  99|0x0000000087d00000, 0x0000000087d00000, 0x0000000087e00000|  0%| F|  |TAMS 0x0000000087d00000, 0x0000000087d00000| Untracked 
| 100|0x0000000087e00000, 0x0000000087e00000, 0x0000000087f00000|  0%| F|  |TAMS 0x0000000087e00000, 0x0000000087e00000| Untracked 
| 101|0x0000000087f00000, 0x0000000087f00000, 0x0000000088000000|  0%| F|  |TAMS 0x0000000087f00000, 0x0000000087f00000| Untracked 
| 102|0x0000000088000000, 0x0000000088000000, 0x0000000088100000|  0%| F|  |TAMS 0x0000000088000000, 0x0000000088000000| Untracked 
| 103|0x0000000088100000, 0x0000000088100000, 0x0000000088200000|  0%| F|  |TAMS 0x0000000088100000, 0x0000000088100000| Untracked 
| 104|0x0000000088200000, 0x0000000088200000, 0x0000000088300000|  0%| F|  |TAMS 0x0000000088200000, 0x0000000088200000| Untracked 
| 105|0x0000000088300000, 0x0000000088300000, 0x0000000088400000|  0%| F|  |TAMS 0x0000000088300000, 0x0000000088300000| Untracked 
| 106|0x0000000088400000, 0x0000000088400000, 0x0000000088500000|  0%| F|  |TAMS 0x0000000088400000, 0x0000000088400000| Untracked 
| 107|0x0000000088500000, 0x0000000088500000, 0x0000000088600000|  0%| F|  |TAMS 0x0000000088500000, 0x0000000088500000| Untracked 
| 108|0x0000000088600000, 0x0000000088600000, 0x0000000088700000|  0%| F|  |TAMS 0x0000000088600000, 0x0000000088600000| Untracked 
| 109|0x0000000088700000, 0x0000000088700000, 0x0000000088800000|  0%| F|  |TAMS 0x0000000088700000, 0x0000000088700000| Untracked 
| 110|0x0000000088800000, 0x0000000088800000, 0x0000000088900000|  0%| F|  |TAMS 0x0000000088800000, 0x0000000088800000| Untracked 
| 111|0x0000000088900000, 0x0000000088900000, 0x0000000088a00000|  0%| F|  |TAMS 0x0000000088900000, 0x0000000088900000| Untracked 
| 112|0x0000000088a00000, 0x0000000088a00000, 0x0000000088b00000|  0%| F|  |TAMS 0x0000000088a00000, 0x0000000088a00000| Untracked 
| 113|0x0000000088b00000, 0x0000000088b00000, 0x0000000088c00000|  0%| F|  |TAMS 0x0000000088b00000, 0x0000000088b00000| Untracked 
| 114|0x0000000088c00000, 0x0000000088c00000, 0x0000000088d00000|  0%| F|  |TAMS 0x0000000088c00000, 0x0000000088c00000| Untracked 
| 115|0x0000000088d00000, 0x0000000088d00000, 0x0000000088e00000|  0%| F|  |TAMS 0x0000000088d00000, 0x0000000088d00000| Untracked 
| 116|0x0000000088e00000, 0x0000000088e00000, 0x0000000088f00000|  0%| F|  |TAMS 0x0000000088e00000, 0x0000000088e00000| Untracked 
| 117|0x0000000088f00000, 0x0000000088f00000, 0x0000000089000000|  0%| F|  |TAMS 0x0000000088f00000, 0x0000000088f00000| Untracked 
| 118|0x0000000089000000, 0x0000000089000000, 0x0000000089100000|  0%| F|  |TAMS 0x0000000089000000, 0x0000000089000000| Untracked 
| 119|0x0000000089100000, 0x0000000089100000, 0x0000000089200000|  0%| F|  |TAMS 0x0000000089100000, 0x0000000089100000| Untracked 
| 120|0x0000000089200000, 0x0000000089200000, 0x0000000089300000|  0%| F|  |TAMS 0x0000000089200000, 0x0000000089200000| Untracked 
| 121|0x0000000089300000, 0x0000000089300000, 0x0000000089400000|  0%| F|  |TAMS 0x0000000089300000, 0x0000000089300000| Untracked 
| 122|0x0000000089400000, 0x0000000089400000, 0x0000000089500000|  0%| F|  |TAMS 0x0000000089400000, 0x0000000089400000| Untracked 
| 123|0x0000000089500000, 0x0000000089500000, 0x0000000089600000|  0%| F|  |TAMS 0x0000000089500000, 0x0000000089500000| Untracked 
| 124|0x0000000089600000, 0x0000000089600000, 0x0000000089700000|  0%| F|  |TAMS 0x0000000089600000, 0x0000000089600000| Untracked 
| 125|0x0000000089700000, 0x0000000089800000, 0x0000000089800000|100%| E|  |TAMS 0x0000000089700000, 0x0000000089700000| Complete 
| 126|0x0000000089800000, 0x0000000089900000, 0x0000000089900000|100%| E|CS|TAMS 0x0000000089800000, 0x0000000089800000| Complete 
| 127|0x0000000089900000, 0x0000000089a00000, 0x0000000089a00000|100%| E|CS|TAMS 0x0000000089900000, 0x0000000089900000| Complete 

Card table byte_map: [0x0000016357a20000,0x0000016357e20000] _byte_map_base: 0x0000016357613000

Marking Bits (Prev, Next): (CMBitMap*) 0x0000016340b21070, (CMBitMap*) 0x0000016340b210b0
 Prev Bits: [0x0000016358220000, 0x000001635a1b8000)
 Next Bits: [0x000001635a1c0000, 0x000001635c158000)

Polling page: 0x00000163402b0000

Metaspace:

Usage:
  Non-class:     11.01 MB used.
      Class:      1.75 MB used.
       Both:     12.75 MB used.

Virtual space:
  Non-class space:       16.00 MB reserved,      11.12 MB ( 70%) committed,  2 nodes.
      Class space:        1.00 GB reserved,       1.88 MB ( <1%) committed,  1 nodes.
             Both:        1.02 GB reserved,      13.00 MB (  1%) committed. 

Chunk freelists:
   Non-Class:  3.66 MB
       Class:  2.08 MB
        Both:  5.73 MB

MaxMetaspaceSize: unlimited
CompressedClassSpaceSize: 1.00 GB
Initial GC threshold: 21.00 MB
Current GC threshold: 21.00 MB
CDS: on
MetaspaceReclaimPolicy: balanced
 - commit_granule_bytes: 65536.
 - commit_granule_words: 8192.
 - virtual_space_node_default_size: 1048576.
 - enlarge_chunks_in_place: 1.
 - new_chunks_are_fully_committed: 0.
 - uncommit_free_chunks: 1.
 - use_allocation_guard: 0.
 - handle_deallocations: 1.


Internal statistics:

num_allocs_failed_limit: 0.
num_arena_births: 162.
num_arena_deaths: 0.
num_vsnodes_births: 3.
num_vsnodes_deaths: 0.
num_space_committed: 208.
num_space_uncommitted: 0.
num_chunks_returned_to_freelist: 0.
num_chunks_taken_from_freelist: 583.
num_chunk_merges: 0.
num_chunk_splits: 418.
num_chunks_enlarged: 351.
num_purges: 0.
num_inconsistent_stats: 0.

CodeHeap 'non-profiled nmethods': size=120000Kb used=1108Kb max_used=1108Kb free=118891Kb
 bounds [0x000001634fdb0000, 0x0000016350020000, 0x00000163572e0000]
CodeHeap 'profiled nmethods': size=120000Kb used=5315Kb max_used=5315Kb free=114684Kb
 bounds [0x0000016348880000, 0x0000016348dc0000, 0x000001634fdb0000]
CodeHeap 'non-nmethods': size=5760Kb used=1438Kb max_used=1484Kb free=4321Kb
 bounds [0x00000163482e0000, 0x0000016348550000, 0x0000016348880000]
 total_blobs=3625 nmethods=2857 adapters=678
 compilation: enabled
              stopped_count=0, restarted_count=0
 full_count=0

Compilation events (20 events):
Event: 28.158 Thread 0x000001635eb68be0 nmethod 2864 0x0000016348dab590 code [0x0000016348dab720, 0x0000016348dab858]
Event: 28.158 Thread 0x000001635eb68be0 2862       1       com.sun.glass.ui.Screen::getHeight (5 bytes)
Event: 28.158 Thread 0x000001635eb68be0 nmethod 2862 0x000001634fec4b10 code [0x000001634fec4ca0, 0x000001634fec4d78]
Event: 28.158 Thread 0x000001635eb68be0 2863       1       com.sun.glass.ui.Screen::getWidth (5 bytes)
Event: 28.158 Thread 0x000001635eb68be0 nmethod 2863 0x000001634fec4e10 code [0x000001634fec4fa0, 0x000001634fec5078]
Event: 28.210 Thread 0x000001635eb68be0 2866       3       javafx.scene.Node$FocusPropertyBase::notifyListeners (74 bytes)
Event: 28.212 Thread 0x000001635eb68be0 nmethod 2866 0x0000016348dab910 code [0x0000016348dabb80, 0x0000016348dac708]
Event: 28.220 Thread 0x000001635eb68be0 2867       3       javafx.scene.Node::setScenes (75 bytes)
Event: 28.222 Thread 0x000001635eb68be0 nmethod 2867 0x0000016348daca10 code [0x0000016348dacc80, 0x0000016348dadb08]
Event: 28.222 Thread 0x000001635eb68be0 2868       3       javafx.beans.property.ReadOnlyObjectWrapper::fireValueChangedEvent (19 bytes)
Event: 28.223 Thread 0x000001635eb68be0 nmethod 2868 0x0000016348dadf10 code [0x0000016348dae0e0, 0x0000016348dae638]
Event: 28.223 Thread 0x000001635eb68be0 2869       3       javafx.scene.Node::doTransformsChanged (32 bytes)
Event: 28.224 Thread 0x000001635eb68be0 nmethod 2869 0x0000016348dae810 code [0x0000016348daea60, 0x0000016348daf568]
Event: 28.224 Thread 0x000001635eb68be0 2873       3       java.lang.invoke.MethodHandles$Lookup$ClassOption::optionsToFlag (40 bytes)
Event: 28.224 Thread 0x000001635eb68be0 nmethod 2873 0x0000016348daf890 code [0x0000016348dafa60, 0x0000016348daff68]
Event: 28.224 Thread 0x000001635eb68be0 2870       3       javafx.scene.Node::invalidateLocalToParentTransform (15 bytes)
Event: 28.225 Thread 0x000001635eb68be0 nmethod 2870 0x0000016348db0110 code [0x0000016348db02e0, 0x0000016348db0768]
Event: 28.225 Thread 0x000001635eb68be0 2871       3       java.lang.invoke.MethodHandles$Lookup$ClassFile::<init> (20 bytes)
Event: 28.225 Thread 0x000001635eb68be0 nmethod 2871 0x0000016348db0910 code [0x0000016348db0ac0, 0x0000016348db0cf8]
Event: 28.225 Thread 0x000001635eb68be0 2872       3       java.lang.invoke.MethodHandles$Lookup::makeHiddenClassDefiner (42 bytes)

GC Heap History (4 events):
Event: 0.950 GC heap before
{Heap before GC invocations=0 (full 0):
 garbage-first heap   total 131072K, used 23552K [0x0000000081a00000, 0x0000000100000000)
  region size 1024K, 23 young (23552K), 0 survivors (0K)
 Metaspace       used 4428K, committed 4608K, reserved 1056768K
  class space    used 538K, committed 640K, reserved 1048576K
}
Event: 0.956 GC heap after
{Heap after GC invocations=1 (full 0):
 garbage-first heap   total 131072K, used 3104K [0x0000000081a00000, 0x0000000100000000)
  region size 1024K, 3 young (3072K), 3 survivors (3072K)
 Metaspace       used 4428K, committed 4608K, reserved 1056768K
  class space    used 538K, committed 640K, reserved 1048576K
}
Event: 20.752 GC heap before
{Heap before GC invocations=1 (full 0):
 garbage-first heap   total 131072K, used 38944K [0x0000000081a00000, 0x0000000100000000)
  region size 1024K, 35 young (35840K), 3 survivors (3072K)
 Metaspace       used 12932K, committed 13184K, reserved 1064960K
  class space    used 1784K, committed 1920K, reserved 1048576K
}
Event: 20.769 GC heap after
{Heap after GC invocations=2 (full 0):
 garbage-first heap   total 131072K, used 8980K [0x0000000081a00000, 0x0000000100000000)
  region size 1024K, 5 young (5120K), 5 survivors (5120K)
 Metaspace       used 12932K, committed 13184K, reserved 1064960K
  class space    used 1784K, committed 1920K, reserved 1048576K
}

Deoptimization events (20 events):
Event: 21.239 Thread 0x000001635fe8e290 Uncommon trap: trap_request=0xffffff45 fr.pc=0x000001634fe54940 relative=0x00000000000002a0
Event: 21.239 Thread 0x000001635fe8e290 Uncommon trap: reason=unstable_if action=reinterpret pc=0x000001634fe54940 method=java.util.WeakHashMap.expungeStaleEntries()V @ 9 c2
Event: 21.239 Thread 0x000001635fe8e290 DEOPT PACKING pc=0x000001634fe54940 sp=0x0000000101cfb500
Event: 21.239 Thread 0x000001635fe8e290 DEOPT UNPACKING pc=0x00000163483323a3 sp=0x0000000101cfb498 mode 2
Event: 23.196 Thread 0x000001635fe8e290 Uncommon trap: trap_request=0xffffffbe fr.pc=0x000001634feb60f4 relative=0x00000000000005b4
Event: 23.196 Thread 0x000001635fe8e290 Uncommon trap: reason=profile_predicate action=maybe_recompile pc=0x000001634feb60f4 method=com.sun.javafx.css.BitSet.addAll(Ljava/util/Collection;)Z @ 88 c2
Event: 23.196 Thread 0x000001635fe8e290 DEOPT PACKING pc=0x000001634feb60f4 sp=0x0000000101cfc1c0
Event: 23.196 Thread 0x000001635fe8e290 DEOPT UNPACKING pc=0x00000163483323a3 sp=0x0000000101cfc120 mode 2
Event: 23.196 Thread 0x000001635fe8e290 Uncommon trap: trap_request=0xffffffbe fr.pc=0x000001634feb60f4 relative=0x00000000000005b4
Event: 23.196 Thread 0x000001635fe8e290 Uncommon trap: reason=profile_predicate action=maybe_recompile pc=0x000001634feb60f4 method=com.sun.javafx.css.BitSet.addAll(Ljava/util/Collection;)Z @ 88 c2
Event: 23.196 Thread 0x000001635fe8e290 DEOPT PACKING pc=0x000001634feb60f4 sp=0x0000000101cfc1d0
Event: 23.196 Thread 0x000001635fe8e290 DEOPT UNPACKING pc=0x00000163483323a3 sp=0x0000000101cfc130 mode 2
Event: 23.196 Thread 0x000001635fe8e290 Uncommon trap: trap_request=0xffffffbe fr.pc=0x000001634feb60f4 relative=0x00000000000005b4
Event: 23.196 Thread 0x000001635fe8e290 Uncommon trap: reason=profile_predicate action=maybe_recompile pc=0x000001634feb60f4 method=com.sun.javafx.css.BitSet.addAll(Ljava/util/Collection;)Z @ 88 c2
Event: 23.196 Thread 0x000001635fe8e290 DEOPT PACKING pc=0x000001634feb60f4 sp=0x0000000101cfc1d0
Event: 23.196 Thread 0x000001635fe8e290 DEOPT UNPACKING pc=0x00000163483323a3 sp=0x0000000101cfc130 mode 2
Event: 23.198 Thread 0x000001635fe8e290 Uncommon trap: trap_request=0xffffffbe fr.pc=0x000001634feb60f4 relative=0x00000000000005b4
Event: 23.198 Thread 0x000001635fe8e290 Uncommon trap: reason=profile_predicate action=maybe_recompile pc=0x000001634feb60f4 method=com.sun.javafx.css.BitSet.addAll(Ljava/util/Collection;)Z @ 88 c2
Event: 23.198 Thread 0x000001635fe8e290 DEOPT PACKING pc=0x000001634feb60f4 sp=0x0000000101cfbe20
Event: 23.198 Thread 0x000001635fe8e290 DEOPT UNPACKING pc=0x00000163483323a3 sp=0x0000000101cfbd80 mode 2

Classes unloaded (0 events):
No events

Classes redefined (0 events):
No events

Internal exceptions (20 events):
Event: 1.055 Thread 0x000001635fe8e290 Exception <a 'java/lang/ClassNotFoundException'{0x0000000089551318}: com/sun/glass/ui/win/themes_en_US> (0x0000000089551318) 
thrown [t:\workspace\open\src\hotspot\share\prims\jni.cpp, line 535]
Event: 1.182 Thread 0x000001635fe8e290 Exception <a 'java/lang/NoSuchMethodError'{0x00000000891daa98}: 'void java.lang.invoke.DirectMethodHandle$Holder.invokeStaticInit(java.lang.Object, java.lang.Object)'> (0x00000000891daa98) 
thrown [t:\workspace\open\src\hotspot\share\interpreter\linkResolver.cpp, line 766]
Event: 1.201 Thread 0x000001635fe8e290 Exception <a 'java/lang/NoSuchMethodError'{0x00000000890cc6d8}: 'java.lang.Object java.lang.invoke.DirectMethodHandle$Holder.newInvokeSpecial(java.lang.Object, java.lang.Object, int, int)'> (0x00000000890cc6d8) 
thrown [t:\workspace\open\src\hotspot\share\interpreter\linkResolver.cpp, line 766]
Event: 1.271 Thread 0x000001635fe8e290 Exception <a 'sun/nio/fs/WindowsException'{0x0000000088e5d4c8}> (0x0000000088e5d4c8) 
thrown [t:\workspace\open\src\hotspot\share\prims\jni.cpp, line 516]
Event: 1.313 Thread 0x000001635fe8e290 Implicit null exception at 0x000001634fdcfae0 to 0x000001634fdcfd92
Event: 1.428 Thread 0x000001635fe8e290 Implicit null exception at 0x000001634fe0628d to 0x000001634fe068d8
Event: 1.430 Thread 0x000001635fe8e290 Implicit null exception at 0x000001634fe0438f to 0x000001634fe049b4
Event: 1.430 Thread 0x000001635fe8e290 Implicit null exception at 0x000001634fdceb2f to 0x000001634fdced95
Event: 1.756 Thread 0x000001635fe8e290 Exception <a 'java/lang/NoSuchMethodError'{0x000000008874e638}: 'void java.lang.invoke.DirectMethodHandle$Holder.invokeSpecial(java.lang.Object, java.lang.Object, java.lang.Object, java.lang.Object, java.lang.Object)'> (0x000000008874e638) 
thrown [t:\workspace\open\src\hotspot\share\interpreter\linkResolver.cpp, line 766]
Event: 1.761 Thread 0x000001635fe8e290 Exception <a 'java/lang/NoSuchMethodError'{0x000000008875f190}: 'java.lang.Object java.lang.invoke.DirectMethodHandle$Holder.invokeInterface(java.lang.Object, java.lang.Object, java.lang.Object)'> (0x000000008875f190) 
thrown [t:\workspace\open\src\hotspot\share\interpreter\linkResolver.cpp, line 766]
Event: 1.761 Thread 0x000001635fe8e290 Exception <a 'java/lang/IncompatibleClassChangeError'{0x0000000088762b18}: Found class java.lang.Object, but interface was expected> (0x0000000088762b18) 
thrown [t:\workspace\open\src\hotspot\share\interpreter\linkResolver.cpp, line 833]
Event: 1.857 Thread 0x000001635fe8e290 Exception <a 'java/lang/NoSuchMethodError'{0x0000000088539e50}: 'java.lang.Object java.lang.invoke.DirectMethodHandle$Holder.newInvokeSpecial(java.lang.Object, java.lang.Object, int)'> (0x0000000088539e50) 
thrown [t:\workspace\open\src\hotspot\share\interpreter\linkResolver.cpp, line 766]
Event: 2.098 Thread 0x000001635fcab980 Exception <a 'java/lang/NoSuchMethodError'{0x000000008848ab80}: 'int java.lang.invoke.DirectMethodHandle$Holder.invokeStaticInit(java.lang.Object, java.lang.Object)'> (0x000000008848ab80) 
thrown [t:\workspace\open\src\hotspot\share\interpreter\linkResolver.cpp, line 766]
Event: 2.777 Thread 0x000001635fe8e290 Exception <a 'java/lang/NoSuchMethodError'{0x0000000087d6a8c0}: 'long java.lang.invoke.DirectMethodHandle$Holder.invokeStatic(java.lang.Object, java.lang.Object, java.lang.Object)'> (0x0000000087d6a8c0) 
thrown [t:\workspace\open\src\hotspot\share\interpreter\linkResolver.cpp, line 766]
Event: 2.777 Thread 0x000001635fe8e290 Exception <a 'java/lang/NoSuchMethodError'{0x0000000087d6e068}: 'long java.lang.invoke.DirectMethodHandle$Holder.invokeStaticInit(java.lang.Object, java.lang.Object, java.lang.Object)'> (0x0000000087d6e068) 
thrown [t:\workspace\open\src\hotspot\share\interpreter\linkResolver.cpp, line 766]
Event: 2.780 Thread 0x000001635fe8e290 Exception <a 'java/lang/NoSuchMethodError'{0x0000000087d85c70}: 'java.lang.Object java.lang.invoke.DirectMethodHandle$Holder.newInvokeSpecial(java.lang.Object, java.lang.Object, long)'> (0x0000000087d85c70) 
thrown [t:\workspace\open\src\hotspot\share\interpreter\linkResolver.cpp, line 766]
Event: 2.781 Thread 0x000001635fe8e290 Exception <a 'java/lang/NoSuchMethodError'{0x0000000087d897e0}: 'java.lang.Object java.lang.invoke.Invokers$Holder.linkToTargetMethod(java.lang.Object, long, java.lang.Object)'> (0x0000000087d897e0) 
thrown [t:\workspace\open\src\hotspot\share\interpreter\linkResolver.cpp, line 766]
Event: 5.759 Thread 0x000001635fe8e290 Exception <a 'java/lang/ClassNotFoundException'{0x0000000087cf43f8}: com/sun/javafx/scene/control/skin/resources/controls> (0x0000000087cf43f8) 
thrown [t:\workspace\open\src\hotspot\share\prims\jni.cpp, line 535]
Event: 5.760 Thread 0x000001635fe8e290 Exception <a 'java/lang/ClassNotFoundException'{0x0000000087b02b10}: com/sun/javafx/scene/control/skin/resources/controls_en> (0x0000000087b02b10) 
thrown [t:\workspace\open\src\hotspot\share\prims\jni.cpp, line 535]
Event: 5.760 Thread 0x000001635fe8e290 Exception <a 'java/lang/ClassNotFoundException'{0x0000000087b03d70}: com/sun/javafx/scene/control/skin/resources/controls_en_US> (0x0000000087b03d70) 
thrown [t:\workspace\open\src\hotspot\share\prims\jni.cpp, line 535]

VM Operations (20 events):
Event: 9.791 Executing VM operation: Cleanup done
Event: 10.792 Executing VM operation: Cleanup
Event: 10.792 Executing VM operation: Cleanup done
Event: 11.792 Executing VM operation: Cleanup
Event: 11.793 Executing VM operation: Cleanup done
Event: 13.793 Executing VM operation: Cleanup
Event: 13.794 Executing VM operation: Cleanup done
Event: 15.794 Executing VM operation: Cleanup
Event: 15.794 Executing VM operation: Cleanup done
Event: 17.794 Executing VM operation: Cleanup
Event: 17.795 Executing VM operation: Cleanup done
Event: 18.796 Executing VM operation: Cleanup
Event: 18.796 Executing VM operation: Cleanup done
Event: 20.752 Executing VM operation: G1CollectForAllocation
Event: 20.769 Executing VM operation: G1CollectForAllocation done
Event: 22.769 Executing VM operation: Cleanup
Event: 22.770 Executing VM operation: Cleanup done
Event: 24.769 Executing VM operation: Cleanup
Event: 24.770 Executing VM operation: Cleanup done
Event: 28.226 Executing VM operation: Exit

Events (20 events):
Event: 5.844 loading class sun/text/resources/BreakIteratorResources_en_US done
Event: 5.844 loading class sun/text/RuleBasedBreakIterator
Event: 5.844 loading class sun/text/RuleBasedBreakIterator done
Event: 5.845 loading class jdk/internal/misc/ScopedMemoryAccess$Scope
Event: 5.845 loading class jdk/internal/misc/ScopedMemoryAccess$Scope done
Event: 5.845 loading class sun/text/CompactByteArray
Event: 5.846 loading class sun/text/CompactByteArray done
Event: 5.846 loading class sun/text/SupplementaryCharacterData
Event: 5.846 loading class sun/text/SupplementaryCharacterData done
Event: 5.846 loading class java/text/BreakIterator$BreakIteratorCache
Event: 5.846 loading class java/text/BreakIterator$BreakIteratorCache done
Event: 12.745 Thread 0x0000016369222670 Thread added: 0x0000016369222670
Event: 12.888 Thread 0x0000016369222670 Thread exited: 0x0000016369222670
Event: 28.221 Thread 0x0000016364cf7180 Thread added: 0x0000016364cf7180
Event: 28.221 Thread 0x0000016364cf7b20 Thread added: 0x0000016364cf7b20
Event: 28.222 Thread 0x0000016364cf7180 Thread exited: 0x0000016364cf7180
Event: 28.224 Thread 0x0000016364cf7b20 Thread exited: 0x0000016364cf7b20
Event: 28.224 loading class java/util/LinkedList$ListItr
Event: 28.224 Thread 0x000001635eb531b0 Thread exited: 0x000001635eb531b0
Event: 28.224 loading class java/util/LinkedList$ListItr done


Dynamic libraries:
0x00007ff6583b0000 - 0x00007ff6583c0000 	C:\Program Files\Java\jdk-17.0.1\bin\javaw.exe
0x00007ff950a50000 - 0x00007ff950c67000 	C:\WINDOWS\SYSTEM32\ntdll.dll
0x00007ff950050000 - 0x00007ff950114000 	C:\WINDOWS\System32\KERNEL32.DLL
0x00007ff94df90000 - 0x00007ff94e336000 	C:\WINDOWS\System32\KERNELBASE.dll
0x00007ff94e4a0000 - 0x00007ff94e5b1000 	C:\WINDOWS\System32\ucrtbase.dll
0x00007ff943cd0000 - 0x00007ff943cea000 	C:\Program Files\Java\jdk-17.0.1\bin\VCRUNTIME140.dll
0x00007ff932870000 - 0x00007ff932888000 	C:\Program Files\Java\jdk-17.0.1\bin\jli.dll
0x00007ff94e970000 - 0x00007ff94ea23000 	C:\WINDOWS\System32\ADVAPI32.dll
0x00007ff94ea30000 - 0x00007ff94ead7000 	C:\WINDOWS\System32\msvcrt.dll
0x00007ff9503a0000 - 0x00007ff950448000 	C:\WINDOWS\System32\sechost.dll
0x00007ff94df60000 - 0x00007ff94df88000 	C:\WINDOWS\System32\bcrypt.dll
0x00007ff94faf0000 - 0x00007ff94fc07000 	C:\WINDOWS\System32\RPCRT4.dll
0x00007ff94e7c0000 - 0x00007ff94e96e000 	C:\WINDOWS\System32\USER32.dll
0x00007ff94de10000 - 0x00007ff94de36000 	C:\WINDOWS\System32\win32u.dll
0x00007ff92d6c0000 - 0x00007ff92d953000 	C:\WINDOWS\WinSxS\amd64_microsoft.windows.common-controls_6595b64144ccf1df_6.0.22621.2506_none_270c5ae97388e100\COMCTL32.dll
0x00007ff950020000 - 0x00007ff950049000 	C:\WINDOWS\System32\GDI32.dll
0x00007ff94de40000 - 0x00007ff94df58000 	C:\WINDOWS\System32\gdi32full.dll
0x00007ff94e400000 - 0x00007ff94e49a000 	C:\WINDOWS\System32\msvcp_win.dll
0x00007ff9420d0000 - 0x00007ff9420da000 	C:\WINDOWS\SYSTEM32\VERSION.dll
0x00007ff94f070000 - 0x00007ff94f0a1000 	C:\WINDOWS\System32\IMM32.DLL
0x00007ff94ace0000 - 0x00007ff94acec000 	C:\Program Files\Java\jdk-17.0.1\bin\vcruntime140_1.dll
0x00007ff924200000 - 0x00007ff92428d000 	C:\Program Files\Java\jdk-17.0.1\bin\msvcp140.dll
0x00007ff8cefb0000 - 0x00007ff8cfb6e000 	C:\Program Files\Java\jdk-17.0.1\bin\server\jvm.dll
0x00007ff94f060000 - 0x00007ff94f068000 	C:\WINDOWS\System32\PSAPI.DLL
0x00007ff943030000 - 0x00007ff943064000 	C:\WINDOWS\SYSTEM32\WINMM.dll
0x00007ff94acb0000 - 0x00007ff94acb9000 	C:\WINDOWS\SYSTEM32\WSOCK32.dll
0x00007ff950910000 - 0x00007ff950981000 	C:\WINDOWS\System32\ws2_32.DLL
0x00007ff94cd80000 - 0x00007ff94cd98000 	C:\WINDOWS\SYSTEM32\kernel.appcore.dll
0x00007ff94aca0000 - 0x00007ff94acaa000 	C:\Program Files\Java\jdk-17.0.1\bin\jimage.dll
0x00007ff94b830000 - 0x00007ff94ba63000 	C:\WINDOWS\SYSTEM32\DBGHELP.DLL
0x00007ff94fc30000 - 0x00007ff94ffb9000 	C:\WINDOWS\System32\combase.dll
0x00007ff9502c0000 - 0x00007ff950397000 	C:\WINDOWS\System32\OLEAUT32.dll
0x00007ff92ece0000 - 0x00007ff92ed12000 	C:\WINDOWS\SYSTEM32\dbgcore.DLL
0x00007ff94dd90000 - 0x00007ff94de0a000 	C:\WINDOWS\System32\bcryptPrimitives.dll
0x00007ff943e90000 - 0x00007ff943eb5000 	C:\Program Files\Java\jdk-17.0.1\bin\java.dll
0x00007ff91ed60000 - 0x00007ff91ee36000 	C:\Program Files\Java\jdk-17.0.1\bin\svml.dll
0x00007ff94f290000 - 0x00007ff94faea000 	C:\WINDOWS\System32\SHELL32.dll
0x00007ff94bc90000 - 0x00007ff94c586000 	C:\WINDOWS\SYSTEM32\windows.storage.dll
0x00007ff94bb50000 - 0x00007ff94bc8e000 	C:\WINDOWS\SYSTEM32\wintypes.dll
0x00007ff950760000 - 0x00007ff950853000 	C:\WINDOWS\System32\SHCORE.dll
0x00007ff94ffc0000 - 0x00007ff95001e000 	C:\WINDOWS\System32\shlwapi.dll
0x00007ff94dcc0000 - 0x00007ff94dce6000 	C:\WINDOWS\SYSTEM32\profapi.dll
0x00007ff944980000 - 0x00007ff944999000 	C:\Program Files\Java\jdk-17.0.1\bin\net.dll
0x00007ff9433d0000 - 0x00007ff943507000 	C:\WINDOWS\SYSTEM32\WINHTTP.dll
0x00007ff94d290000 - 0x00007ff94d2f9000 	C:\WINDOWS\system32\mswsock.dll
0x00007ff944940000 - 0x00007ff944955000 	C:\Program Files\Java\jdk-17.0.1\bin\nio.dll
0x00007ff943f10000 - 0x00007ff943f28000 	C:\Program Files\Java\jdk-17.0.1\bin\zip.dll
0x000001635ebf0000 - 0x000001635ebf3000 	C:\Program Files\Java\openjfx-19.0.2.1_windows-x64_bin-sdk\javafx-sdk-19.0.2.1\bin\api-ms-win-core-console-l1-1-0.dll
0x0000016360120000 - 0x0000016360123000 	C:\Program Files\Java\openjfx-19.0.2.1_windows-x64_bin-sdk\javafx-sdk-19.0.2.1\bin\api-ms-win-core-console-l1-2-0.dll
0x0000016360130000 - 0x0000016360133000 	C:\Program Files\Java\openjfx-19.0.2.1_windows-x64_bin-sdk\javafx-sdk-19.0.2.1\bin\api-ms-win-core-datetime-l1-1-0.dll
0x0000016360140000 - 0x0000016360143000 	C:\Program Files\Java\openjfx-19.0.2.1_windows-x64_bin-sdk\javafx-sdk-19.0.2.1\bin\api-ms-win-core-debug-l1-1-0.dll
0x0000016360150000 - 0x0000016360153000 	C:\Program Files\Java\openjfx-19.0.2.1_windows-x64_bin-sdk\javafx-sdk-19.0.2.1\bin\api-ms-win-core-errorhandling-l1-1-0.dll
0x0000016360160000 - 0x0000016360164000 	C:\Program Files\Java\openjfx-19.0.2.1_windows-x64_bin-sdk\javafx-sdk-19.0.2.1\bin\api-ms-win-core-file-l1-1-0.dll
0x0000016360170000 - 0x0000016360173000 	C:\Program Files\Java\openjfx-19.0.2.1_windows-x64_bin-sdk\javafx-sdk-19.0.2.1\bin\api-ms-win-core-file-l1-2-0.dll
0x0000016360180000 - 0x0000016360183000 	C:\Program Files\Java\openjfx-19.0.2.1_windows-x64_bin-sdk\javafx-sdk-19.0.2.1\bin\api-ms-win-core-file-l2-1-0.dll
0x0000016360190000 - 0x0000016360193000 	C:\Program Files\Java\openjfx-19.0.2.1_windows-x64_bin-sdk\javafx-sdk-19.0.2.1\bin\api-ms-win-core-handle-l1-1-0.dll
0x00000163601a0000 - 0x00000163601a3000 	C:\Program Files\Java\openjfx-19.0.2.1_windows-x64_bin-sdk\javafx-sdk-19.0.2.1\bin\api-ms-win-core-heap-l1-1-0.dll
0x00000163601b0000 - 0x00000163601b3000 	C:\Program Files\Java\openjfx-19.0.2.1_windows-x64_bin-sdk\javafx-sdk-19.0.2.1\bin\api-ms-win-core-interlocked-l1-1-0.dll
0x00000163601c0000 - 0x00000163601c3000 	C:\Program Files\Java\openjfx-19.0.2.1_windows-x64_bin-sdk\javafx-sdk-19.0.2.1\bin\api-ms-win-core-libraryloader-l1-1-0.dll
0x00000163601d0000 - 0x00000163601d3000 	C:\Program Files\Java\openjfx-19.0.2.1_windows-x64_bin-sdk\javafx-sdk-19.0.2.1\bin\api-ms-win-core-localization-l1-2-0.dll
0x00000163601e0000 - 0x00000163601e3000 	C:\Program Files\Java\openjfx-19.0.2.1_windows-x64_bin-sdk\javafx-sdk-19.0.2.1\bin\api-ms-win-core-memory-l1-1-0.dll
0x00000163601f0000 - 0x00000163601f3000 	C:\Program Files\Java\openjfx-19.0.2.1_windows-x64_bin-sdk\javafx-sdk-19.0.2.1\bin\api-ms-win-core-namedpipe-l1-1-0.dll
0x0000016360200000 - 0x0000016360203000 	C:\Program Files\Java\openjfx-19.0.2.1_windows-x64_bin-sdk\javafx-sdk-19.0.2.1\bin\api-ms-win-core-processenvironment-l1-1-0.dll
0x0000016360210000 - 0x0000016360213000 	C:\Program Files\Java\openjfx-19.0.2.1_windows-x64_bin-sdk\javafx-sdk-19.0.2.1\bin\api-ms-win-core-processthreads-l1-1-0.dll
0x0000016360220000 - 0x0000016360223000 	C:\Program Files\Java\openjfx-19.0.2.1_windows-x64_bin-sdk\javafx-sdk-19.0.2.1\bin\api-ms-win-core-processthreads-l1-1-1.dll
0x0000016360230000 - 0x0000016360233000 	C:\Program Files\Java\openjfx-19.0.2.1_windows-x64_bin-sdk\javafx-sdk-19.0.2.1\bin\api-ms-win-core-profile-l1-1-0.dll
0x0000016360240000 - 0x0000016360243000 	C:\Program Files\Java\openjfx-19.0.2.1_windows-x64_bin-sdk\javafx-sdk-19.0.2.1\bin\api-ms-win-core-rtlsupport-l1-1-0.dll
0x0000016360250000 - 0x0000016360253000 	C:\Program Files\Java\openjfx-19.0.2.1_windows-x64_bin-sdk\javafx-sdk-19.0.2.1\bin\api-ms-win-core-string-l1-1-0.dll
0x0000016360260000 - 0x0000016360263000 	C:\Program Files\Java\openjfx-19.0.2.1_windows-x64_bin-sdk\javafx-sdk-19.0.2.1\bin\api-ms-win-core-synch-l1-1-0.dll
0x0000016360270000 - 0x0000016360273000 	C:\Program Files\Java\openjfx-19.0.2.1_windows-x64_bin-sdk\javafx-sdk-19.0.2.1\bin\api-ms-win-core-synch-l1-2-0.dll
0x0000016360280000 - 0x0000016360283000 	C:\Program Files\Java\openjfx-19.0.2.1_windows-x64_bin-sdk\javafx-sdk-19.0.2.1\bin\api-ms-win-core-sysinfo-l1-1-0.dll
0x0000016360290000 - 0x0000016360293000 	C:\Program Files\Java\openjfx-19.0.2.1_windows-x64_bin-sdk\javafx-sdk-19.0.2.1\bin\api-ms-win-core-timezone-l1-1-0.dll
0x00000163602a0000 - 0x00000163602a3000 	C:\Program Files\Java\openjfx-19.0.2.1_windows-x64_bin-sdk\javafx-sdk-19.0.2.1\bin\api-ms-win-core-util-l1-1-0.dll
0x00000163602b0000 - 0x00000163602b3000 	C:\Program Files\Java\openjfx-19.0.2.1_windows-x64_bin-sdk\javafx-sdk-19.0.2.1\bin\api-ms-win-crt-conio-l1-1-0.dll
0x00000163602c0000 - 0x00000163602c4000 	C:\Program Files\Java\openjfx-19.0.2.1_windows-x64_bin-sdk\javafx-sdk-19.0.2.1\bin\api-ms-win-crt-convert-l1-1-0.dll
0x00000163602d0000 - 0x00000163602d3000 	C:\Program Files\Java\openjfx-19.0.2.1_windows-x64_bin-sdk\javafx-sdk-19.0.2.1\bin\api-ms-win-crt-environment-l1-1-0.dll
0x00000163602e0000 - 0x00000163602e3000 	C:\Program Files\Java\openjfx-19.0.2.1_windows-x64_bin-sdk\javafx-sdk-19.0.2.1\bin\api-ms-win-crt-filesystem-l1-1-0.dll
0x00000163602f0000 - 0x00000163602f3000 	C:\Program Files\Java\openjfx-19.0.2.1_windows-x64_bin-sdk\javafx-sdk-19.0.2.1\bin\api-ms-win-crt-heap-l1-1-0.dll
0x0000016360300000 - 0x0000016360303000 	C:\Program Files\Java\openjfx-19.0.2.1_windows-x64_bin-sdk\javafx-sdk-19.0.2.1\bin\api-ms-win-crt-locale-l1-1-0.dll
0x0000016360310000 - 0x0000016360315000 	C:\Program Files\Java\openjfx-19.0.2.1_windows-x64_bin-sdk\javafx-sdk-19.0.2.1\bin\api-ms-win-crt-math-l1-1-0.dll
0x0000016360320000 - 0x0000016360325000 	C:\Program Files\Java\openjfx-19.0.2.1_windows-x64_bin-sdk\javafx-sdk-19.0.2.1\bin\api-ms-win-crt-multibyte-l1-1-0.dll
0x0000016360330000 - 0x0000016360340000 	C:\Program Files\Java\openjfx-19.0.2.1_windows-x64_bin-sdk\javafx-sdk-19.0.2.1\bin\api-ms-win-crt-private-l1-1-0.dll
0x0000016360340000 - 0x0000016360343000 	C:\Program Files\Java\openjfx-19.0.2.1_windows-x64_bin-sdk\javafx-sdk-19.0.2.1\bin\api-ms-win-crt-process-l1-1-0.dll
0x0000016360350000 - 0x0000016360354000 	C:\Program Files\Java\openjfx-19.0.2.1_windows-x64_bin-sdk\javafx-sdk-19.0.2.1\bin\api-ms-win-crt-runtime-l1-1-0.dll
0x0000016360360000 - 0x0000016360364000 	C:\Program Files\Java\openjfx-19.0.2.1_windows-x64_bin-sdk\javafx-sdk-19.0.2.1\bin\api-ms-win-crt-stdio-l1-1-0.dll
0x0000016360370000 - 0x0000016360374000 	C:\Program Files\Java\openjfx-19.0.2.1_windows-x64_bin-sdk\javafx-sdk-19.0.2.1\bin\api-ms-win-crt-string-l1-1-0.dll
0x0000016360380000 - 0x0000016360383000 	C:\Program Files\Java\openjfx-19.0.2.1_windows-x64_bin-sdk\javafx-sdk-19.0.2.1\bin\api-ms-win-crt-time-l1-1-0.dll
0x0000016360390000 - 0x0000016360393000 	C:\Program Files\Java\openjfx-19.0.2.1_windows-x64_bin-sdk\javafx-sdk-19.0.2.1\bin\api-ms-win-crt-utility-l1-1-0.dll
0x00007ff91ec60000 - 0x00007ff91ed5c000 	C:\Program Files\Java\openjfx-19.0.2.1_windows-x64_bin-sdk\javafx-sdk-19.0.2.1\bin\ucrtbase.dll
0x00007ff930d70000 - 0x00007ff930d8b000 	C:\Program Files\Java\openjfx-19.0.2.1_windows-x64_bin-sdk\javafx-sdk-19.0.2.1\bin\vcruntime140.dll
0x00007ff944570000 - 0x00007ff94457c000 	C:\Program Files\Java\openjfx-19.0.2.1_windows-x64_bin-sdk\javafx-sdk-19.0.2.1\bin\vcruntime140_1.dll
0x00007ff924170000 - 0x00007ff9241fe000 	C:\Program Files\Java\openjfx-19.0.2.1_windows-x64_bin-sdk\javafx-sdk-19.0.2.1\bin\msvcp140.dll
0x00007ff943fe0000 - 0x00007ff943fe9000 	C:\Program Files\Java\openjfx-19.0.2.1_windows-x64_bin-sdk\javafx-sdk-19.0.2.1\bin\msvcp140_1.dll
0x00007ff930c60000 - 0x00007ff930c90000 	C:\Program Files\Java\openjfx-19.0.2.1_windows-x64_bin-sdk\javafx-sdk-19.0.2.1\bin\msvcp140_2.dll
0x00007ff924140000 - 0x00007ff92416c000 	C:\Program Files\Java\openjfx-19.0.2.1_windows-x64_bin-sdk\javafx-sdk-19.0.2.1\bin\prism_d3d.dll
0x00007ff93b890000 - 0x00007ff93ba39000 	C:\WINDOWS\system32\d3d9.dll
0x00007ff94b220000 - 0x00007ff94b24b000 	C:\WINDOWS\SYSTEM32\dwmapi.dll
0x00007ff94afe0000 - 0x00007ff94b016000 	C:\WINDOWS\SYSTEM32\dxcore.dll
0x00007ff94aee0000 - 0x00007ff94af8b000 	C:\WINDOWS\system32\uxtheme.dll
0x00007ff950120000 - 0x00007ff9502c0000 	C:\WINDOWS\System32\ole32.dll
0x00007ff941ac0000 - 0x00007ff941b0a000 	C:\WINDOWS\SYSTEM32\directxdatabasehelper.dll
0x00007ff920480000 - 0x00007ff9204c2000 	C:\Program Files\Java\openjfx-19.0.2.1_windows-x64_bin-sdk\javafx-sdk-19.0.2.1\bin\glass.dll
0x00007ff950610000 - 0x00007ff950709000 	C:\WINDOWS\System32\COMDLG32.dll
0x00007ff94f140000 - 0x00007ff94f290000 	C:\WINDOWS\System32\MSCTF.dll
0x00007ff920740000 - 0x00007ff92076d000 	C:\Program Files\Java\openjfx-19.0.2.1_windows-x64_bin-sdk\javafx-sdk-19.0.2.1\bin\javafx_iio.dll
0x00007ff930d50000 - 0x00007ff930d64000 	C:\Program Files\Java\openjfx-19.0.2.1_windows-x64_bin-sdk\javafx-sdk-19.0.2.1\bin\javafx_font.dll
0x00007ff949730000 - 0x00007ff9499a3000 	C:\WINDOWS\SYSTEM32\dwrite.dll
0x00007ff950860000 - 0x00007ff950910000 	C:\WINDOWS\System32\clbcatq.dll
0x00007ff948e90000 - 0x00007ff949040000 	C:\WINDOWS\SYSTEM32\WindowsCodecs.dll
0x00007ff91b500000 - 0x00007ff91b55e000 	C:\WINDOWS\system32\dataexchange.dll
0x00007ff93dad0000 - 0x00007ff93dd55000 	C:\WINDOWS\system32\twinapi.appcore.dll
0x00007ff920630000 - 0x00007ff920662000 	C:\Program Files\Common Files\Microsoft Shared\Ink\rtscom.dll
0x00007ff935780000 - 0x00007ff9358ca000 	C:\WINDOWS\SYSTEM32\textinputframework.dll
0x00007ff94a920000 - 0x00007ff94aa54000 	C:\WINDOWS\SYSTEM32\CoreMessaging.dll
0x00007ff940d20000 - 0x00007ff94108c000 	C:\WINDOWS\SYSTEM32\CoreUIComponents.dll
0x00007ff94d610000 - 0x00007ff94d61c000 	C:\WINDOWS\SYSTEM32\CRYPTBASE.DLL

dbghelp: loaded successfully - version: 4.0.5 - missing functions: none
symbol engine: initialized successfully - sym options: 0x614 - pdb path: .;C:\Program Files\Java\jdk-17.0.1\bin;C:\WINDOWS\SYSTEM32;C:\WINDOWS\WinSxS\amd64_microsoft.windows.common-controls_6595b64144ccf1df_6.0.22621.2506_none_270c5ae97388e100;C:\Program Files\Java\jdk-17.0.1\bin\server;C:\Program Files\Java\openjfx-19.0.2.1_windows-x64_bin-sdk\javafx-sdk-19.0.2.1\bin;C:\WINDOWS\System32\DriverStore\FileRepository\iigd_dch.inf_amd64_51f685305808e3a5;C:\Program Files\Common Files\Microsoft Shared\Ink

VM Arguments:
jvm_args: -Dfile.encoding=Cp1252 --module-path=C:\Users\coolnet\Desktop\Java\P2_Ai\bin;C:\Program Files\Java\openjfx-19.0.2.1_windows-x64_bin-sdk\javafx-sdk-19.0.2.1\lib\javafx-swt.jar;C:\Program Files\Java\openjfx-19.0.2.1_windows-x64_bin-sdk\javafx-sdk-19.0.2.1\lib\javafx.base.jar;C:\Program Files\Java\openjfx-19.0.2.1_windows-x64_bin-sdk\javafx-sdk-19.0.2.1\lib\javafx.controls.jar;C:\Program Files\Java\openjfx-19.0.2.1_windows-x64_bin-sdk\javafx-sdk-19.0.2.1\lib\javafx.fxml.jar;C:\Program Files\Java\openjfx-19.0.2.1_windows-x64_bin-sdk\javafx-sdk-19.0.2.1\lib\javafx.graphics.jar;C:\Program Files\Java\openjfx-19.0.2.1_windows-x64_bin-sdk\javafx-sdk-19.0.2.1\lib\javafx.media.jar;C:\Program Files\Java\openjfx-19.0.2.1_windows-x64_bin-sdk\javafx-sdk-19.0.2.1\lib\javafx.swing.jar;C:\Program Files\Java\openjfx-19.0.2.1_windows-x64_bin-sdk\javafx-sdk-19.0.2.1\lib\javafx.web.jar;C:\Program Files\Java\openjfx-19.0.2.1_windows-x64_bin-sdk\javafx-sdk-19.0.2.1\lib\weka-src.jar;C:\Program Files\Java\openjfx-19.0.2.1_windows-x64_bin-sdk\javafx-sdk-19.0.2.1\lib\weka.jar;C:\Users\coolnet\.p2\pool\plugins\org.eclipse.fx.ide.css.jfx8_3.7.0.202010120832.jar -XX:+ShowCodeDetailsInExceptionMessages -Djdk.module.main=P2_Ai 
java_command: P2_Ai/application.Main
java_class_path (initial): <not set>
Launcher Type: SUN_STANDARD

[Global flags]
     intx CICompilerCount                          = 4                                         {product} {ergonomic}
     uint ConcGCThreads                            = 2                                         {product} {ergonomic}
     uint G1ConcRefinementThreads                  = 8                                         {product} {ergonomic}
   size_t G1HeapRegionSize                         = 1048576                                   {product} {ergonomic}
    uintx GCDrainStackTargetSize                   = 64                                        {product} {ergonomic}
   size_t InitialHeapSize                          = 134217728                                 {product} {ergonomic}
   size_t MarkStackSize                            = 4194304                                   {product} {ergonomic}
   size_t MaxHeapSize                              = 2120220672                                {product} {ergonomic}
   size_t MaxNewSize                               = 1271922688                                {product} {ergonomic}
   size_t MinHeapDeltaBytes                        = 1048576                                   {product} {ergonomic}
   size_t MinHeapSize                              = 8388608                                   {product} {ergonomic}
    uintx NonNMethodCodeHeapSize                   = 5839372                                {pd product} {ergonomic}
    uintx NonProfiledCodeHeapSize                  = 122909434                              {pd product} {ergonomic}
    uintx ProfiledCodeHeapSize                     = 122909434                              {pd product} {ergonomic}
    uintx ReservedCodeCacheSize                    = 251658240                              {pd product} {ergonomic}
     bool SegmentedCodeCache                       = true                                      {product} {ergonomic}
     bool ShowCodeDetailsInExceptionMessages       = true                                   {manageable} {command line}
   size_t SoftMaxHeapSize                          = 2120220672                             {manageable} {ergonomic}
     bool UseCompressedClassPointers               = true                           {product lp64_product} {ergonomic}
     bool UseCompressedOops                        = true                           {product lp64_product} {ergonomic}
     bool UseG1GC                                  = true                                      {product} {ergonomic}
     bool UseLargePagesIndividualAllocation        = false                                  {pd product} {ergonomic}

Logging:
Log output configuration:
 #0: stdout all=off uptime,level,tags
 #1: stderr all=off uptime,level,tags

Environment Variables:
JAVA_HOME=C:\Program Files\Java\jdk-17.0.1
PATH=C:/Program Files/Java/jdk-17.0.1/bin/server;C:/Program Files/Java/jdk-17.0.1/bin;C:\Users\coolnet\OneDrive\ \Scripts\;C:\Users;coolnet\OneDrive\ \;C:\Progr;m Files\Common Files\Oracle\Java\javapath;C:\WINDOWS\system32;C:\WINDOWS;C:\WINDOWS\System32\Wbem;C:\WINDOWS\System32\WindowsPowerShell\v1.0\;C:\WINDOWS\System32\OpenSSH\;c:\users\coolnet\desktop\quartoiz\quartus\bin;C:\Program Files\Git\cmd;C:\Users\coolnet\AppData\Local\Microsoft\WindowsApps;C:\Program Files\Java\jdk-17.0.1\bin;E:\IntelliJ IDEA Community Edition 2021.3\bin;C:\Users\coolnet\OneDrive\ \PyCharm Community Edition 2022.2.1\bin;C:\Users\coolnet\AppData\Local\Programs\Microsoft VS Code\bin;C:\Users\coolnet\AppData\Local\gitkraken\bin;%USERPROFILE%\AppData\Local\Microsoft\WindowsApps;;C:\Users\coolnet\OneDrive\ ;
USERNAME=coolnet
OS=Windows_NT
PROCESSOR_IDENTIFIER=Intel64 Family 6 Model 142 Stepping 10, GenuineIntel



---------------  S Y S T E M  ---------------

OS:
 Windows 10 , 64 bit Build 22621 (10.0.22621.2506)
OS uptime: 1 days 8:13 hours
Hyper-V role detected

CPU: total 8 (initial active 8) (4 cores per cpu, 2 threads per core) family 6 model 142 stepping 10 microcode 0xf0, cx8, cmov, fxsr, ht, mmx, 3dnowpref, sse, sse2, sse3, ssse3, sse4.1, sse4.2, popcnt, lzcnt, tsc, tscinvbit, avx, avx2, aes, erms, clmul, bmi1, bmi2, adx, fma, vzeroupper, clflush, clflushopt, hv

Memory: 4k page, system-wide physical 8083M (1238M free)
TotalPageFile size 14227M (AvailPageFile size 4492M)
current process WorkingSet (physical memory assigned to process): 140M, peak: 163M
current process commit charge ("private bytes"): 268M, peak: 301M

vm_info: Java HotSpot(TM) 64-Bit Server VM (17.0.1+12-LTS-39) for windows-amd64 JRE (17.0.1+12-LTS-39), built on Sep 27 2021 18:41:35 by "mach5one" with MS VC++ 16.8 (VS2019)

END.
