#
# A fatal error has been detected by the Java Runtime Environment:
#
#  EXCEPTION_ACCESS_VIOLATION (0xc0000005) at pc=0x00007ff857606407, pid=8580, tid=16560
#
# JRE version: Java(TM) SE Runtime Environment (17.0.1+12) (build 17.0.1+12-LTS-39)
# Java VM: Java HotSpot(TM) 64-Bit Server VM (17.0.1+12-LTS-39, mixed mode, sharing, tiered, compressed oops, compressed class ptrs, g1 gc, windows-amd64)
# Problematic frame:
# C  [glass.dll+0x26407]
#
# No core dump will be written. Minidumps are not enabled by default on client versions of Windows
#
# If you would like to submit a bug report, please visit:
#   https://bugreport.java.com/bugreport/crash.jsp
#

---------------  S U M M A R Y ------------

Command Line: -Dfile.encoding=Cp1252 --module-path=C:\Users\coolnet\Desktop\Java\P2_Ai\bin;C:\Program Files\Java\openjfx-19.0.2.1_windows-x64_bin-sdk\javafx-sdk-19.0.2.1\lib\javafx-swt.jar;C:\Program Files\Java\openjfx-19.0.2.1_windows-x64_bin-sdk\javafx-sdk-19.0.2.1\lib\javafx.base.jar;C:\Program Files\Java\openjfx-19.0.2.1_windows-x64_bin-sdk\javafx-sdk-19.0.2.1\lib\javafx.controls.jar;C:\Program Files\Java\openjfx-19.0.2.1_windows-x64_bin-sdk\javafx-sdk-19.0.2.1\lib\javafx.fxml.jar;C:\Program Files\Java\openjfx-19.0.2.1_windows-x64_bin-sdk\javafx-sdk-19.0.2.1\lib\javafx.graphics.jar;C:\Program Files\Java\openjfx-19.0.2.1_windows-x64_bin-sdk\javafx-sdk-19.0.2.1\lib\javafx.media.jar;C:\Program Files\Java\openjfx-19.0.2.1_windows-x64_bin-sdk\javafx-sdk-19.0.2.1\lib\javafx.swing.jar;C:\Program Files\Java\openjfx-19.0.2.1_windows-x64_bin-sdk\javafx-sdk-19.0.2.1\lib\javafx.web.jar;C:\Program Files\Java\openjfx-19.0.2.1_windows-x64_bin-sdk\javafx-sdk-19.0.2.1\lib\weka-src.jar;C:\Program Files\Java\openjfx-19.0.2.1_windows-x64_bin-sdk\javafx-sdk-19.0.2.1\lib\weka.jar;C:\Users\coolnet\.p2\pool\plugins\org.eclipse.fx.ide.css.jfx8_3.7.0.202010120832.jar -XX:+ShowCodeDetailsInExceptionMessages -Djdk.module.main=P2_Ai P2_Ai/application.Main

Host: Intel(R) Core(TM) i7-8550U CPU @ 1.80GHz, 8 cores, 7G,  Windows 10 , 64 bit Build 22621 (10.0.22621.2506)
Time: Thu Jan 25 08:59:06 2024 Jerusalem Standard Time elapsed time: 54.197066 seconds (0d 0h 0m 54s)

---------------  T H R E A D  ---------------

Current thread (0x000001d384985310):  VMThread "VM Thread" [stack: 0x000000064c800000,0x000000064c900000] [id=16560]

Stack: [0x000000064c800000,0x000000064c900000],  sp=0x000000064c8fecb0,  free space=1019k
Native frames: (J=compiled Java code, j=interpreted, Vv=VM code, C=native code)
C  [glass.dll+0x26407]


siginfo: EXCEPTION_ACCESS_VIOLATION (0xc0000005), reading address 0x0000000000000000


Register to memory mapping:

RIP=0x00007ff857606407 glass.dll
RAX=0x0 is NULL
RBX=0x000001d38499c018 is a global jni handle
RCX=0x000001d384985310 points into unknown readable memory: 0x00007ff82b8fc5e0 | e0 c5 8f 2b f8 7f 00 00
RDX=0x000000064c8fecb0 points into unknown readable memory: 0x0000000000000000 | 00 00 00 00 00 00 00 00
RSP=0x000000064c8fecb0 points into unknown readable memory: 0x0000000000000000 | 00 00 00 00 00 00 00 00
RBP=0x000001d38593d648 points into unknown readable memory: 0x0000e08a5d0143c7 | c7 43 01 5d 8a e0 00 00
RSI=0x000000064c8fedb8 points into unknown readable memory: 0x000000064c8feda0 | a0 ed 8f 4c 06 00 00 00
RDI=0x000001d38593d620 points into unknown readable memory: 0x003f1ca1ed1d6fc7 | c7 6f 1d ed a1 1c 3f 00
R8 =0x0000000000010002 is an unknown value
R9 =0x000001d38593d620 points into unknown readable memory: 0x003f1ca1ed1d6fc7 | c7 6f 1d ed a1 1c 3f 00
R10=0x85f13e9656da4870 is an unknown value
R11=0x000000064c8fec40 points into unknown readable memory: 0x000001d38593d620 | 20 d6 93 85 d3 01 00 00
R12=0x00007ff857603d40 glass.dll
R13=0x00007ff82baa2940 jvm.dll
R14=0x0000e08a5d0143c7 is an unknown value
R15=0x000001d38593d620 points into unknown readable memory: 0x003f1ca1ed1d6fc7 | c7 6f 1d ed a1 1c 3f 00


Registers:
RAX=0x0000000000000000, RBX=0x000001d38499c018, RCX=0x000001d384985310, RDX=0x000000064c8fecb0
RSP=0x000000064c8fecb0, RBP=0x000001d38593d648, RSI=0x000000064c8fedb8, RDI=0x000001d38593d620
R8 =0x0000000000010002, R9 =0x000001d38593d620, R10=0x85f13e9656da4870, R11=0x000000064c8fec40
R12=0x00007ff857603d40, R13=0x00007ff82baa2940, R14=0x0000e08a5d0143c7, R15=0x000001d38593d620
RIP=0x00007ff857606407, EFLAGS=0x0000000000010202

Top of Stack: (sp=0x000000064c8fecb0)
0x000000064c8fecb0:   0000000000000000 000000064c8fedb8
0x000000064c8fecc0:   00007ff82baa2940 00007ff857603d40
0x000000064c8fecd0:   000001d38593d628 00007ff888da3a83
0x000000064c8fece0:   000001d38593d620 000001d300000000
0x000000064c8fecf0:   000001d38593d648 000000064c8fedb8
0x000000064c8fed00:   fffffffffffffffe 0000000000000000
0x000000064c8fed10:   0000000000000001 00007ff8575e0000
0x000000064c8fed20:   000000064c8feda8 00007ff888d7006e
0x000000064c8fed30:   0000000000000000 000000064c8fedb8
0x000000064c8fed40:   000000064c8ff0a0 0000000000000001
0x000000064c8fed50:   0000000000000001 00007ff888d6da1d
0x000000064c8fed60:   0000000000000000 00007ff857603539
0x000000064c8fed70:   0000000000000000 000000064c8feda8
0x000000064c8fed80:   fffffffffffffffe 000000064c8ff000
0x000000064c8fed90:   0000000000000000 00007ff857603bcd
0x000000064c8feda0:   00007ff857619f88 00007ff800000002 

Instructions: (pc=0x00007ff857606407)
0x00007ff857606307:   8b 4d 58 e8 7d cf ff ff 48 8b 4d 60 e8 74 cf ff
0x00007ff857606317:   ff 48 8b 95 80 00 00 00 48 8b 8d 18 01 00 00 e8
0x00007ff857606327:   66 c4 ff ff 33 d2 33 c9 e8 bc e1 ff ff 90 48 89
0x00007ff857606337:   54 24 10 55 48 83 ec 20 48 8b ea 48 b8 00 00 00
0x00007ff857606347:   00 00 00 00 00 48 83 c4 20 5d c3 cc 40 55 48 8b
0x00007ff857606357:   ea 48 8b 01 33 c9 81 38 05 00 00 c0 0f 94 c1 8b
0x00007ff857606367:   c1 5d c3 cc 40 55 48 83 ec 20 48 8b ea 8a 4d 40
0x00007ff857606377:   48 83 c4 20 5d e9 63 d3 ff ff cc 40 55 48 83 ec
0x00007ff857606387:   20 48 8b ea 8a 4d 20 e8 51 d3 ff ff 90 48 83 c4
0x00007ff857606397:   20 5d c3 cc 40 55 48 83 ec 20 48 8b ea 48 83 c4
0x00007ff8576063a7:   20 5d e9 b2 d1 ff ff cc 40 55 48 83 ec 30 48 8b
0x00007ff8576063b7:   ea 48 8b 01 8b 10 48 89 4c 24 28 89 54 24 20 4c
0x00007ff8576063c7:   8d 0d 53 d6 ff ff 4c 8b 45 70 8b 55 68 48 8b 4d
0x00007ff8576063d7:   60 e8 f3 d0 ff ff 90 48 83 c4 30 5d c3 cc cc cc
0x00007ff8576063e7:   cc cc cc cc cc cc cc cc cc 40 53 48 83 ec 20 48
0x00007ff8576063f7:   8b 1d 8b 35 01 00 48 85 db 74 16 e8 79 8b ff ff
0x00007ff857606407:   4c 8b 00 48 8b d3 48 8b c8 41 ff 90 b0 00 00 00
0x00007ff857606417:   90 48 83 c4 20 5b c3 cc cc 40 53 48 83 ec 20 48
0x00007ff857606427:   8b 1d fb 36 01 00 48 85 db 74 57 b8 ff ff ff ff
0x00007ff857606437:   f0 0f c1 43 10 83 f8 01 75 3d 48 85 db 74 38 48
0x00007ff857606447:   8b 0b 48 85 c9 74 0d ff 15 54 0e 00 00 48 c7 03
0x00007ff857606457:   00 00 00 00 48 8b 4b 08 48 85 c9 74 0d e8 23 ce
0x00007ff857606467:   ff ff 48 c7 43 08 00 00 00 00 ba 18 00 00 00 48
0x00007ff857606477:   8b cb e8 0e ce ff ff 48 c7 05 9f 36 01 00 00 00
0x00007ff857606487:   00 00 48 83 c4 20 5b c3 cc 40 53 48 83 ec 20 48
0x00007ff857606497:   8b 1d 6b 36 01 00 48 85 db 74 57 b8 ff ff ff ff
0x00007ff8576064a7:   f0 0f c1 43 10 83 f8 01 75 3d 48 85 db 74 38 48
0x00007ff8576064b7:   8b 0b 48 85 c9 74 0d ff 15 e4 0d 00 00 48 c7 03
0x00007ff8576064c7:   00 00 00 00 48 8b 4b 08 48 85 c9 74 0d e8 b3 cd
0x00007ff8576064d7:   ff ff 48 c7 43 08 00 00 00 00 ba 18 00 00 00 48
0x00007ff8576064e7:   8b cb e8 9e cd ff ff 48 c7 05 0f 36 01 00 00 00
0x00007ff8576064f7:   00 00 48 83 c4 20 5b c3 cc 40 53 48 83 ec 20 48 


Stack slot to memory mapping:
stack at sp + 0 slots: 0x0 is NULL
stack at sp + 1 slots: 0x000000064c8fedb8 points into unknown readable memory: 0x000000064c8feda0 | a0 ed 8f 4c 06 00 00 00
stack at sp + 2 slots: 0x00007ff82baa2940 jvm.dll
stack at sp + 3 slots: 0x00007ff857603d40 glass.dll
stack at sp + 4 slots: 0x000001d38593d628 points into unknown readable memory: 0x0000e08a5d0143c7 | c7 43 01 5d 8a e0 00 00
stack at sp + 5 slots: 0x00007ff888da3a83 ucrtbase.dll
stack at sp + 6 slots: 0x000001d38593d620 points into unknown readable memory: 0x003f1ca1ed1d6fc7 | c7 6f 1d ed a1 1c 3f 00
stack at sp + 7 slots: 0x000001d300000000 is an unknown value

VM_Operation (0x000000064d7f9fd0): Exit, mode: safepoint, requested by thread 0x000001d3859a0880


---------------  P R O C E S S  ---------------

Threads class SMR info:
_java_thread_list=0x000001d38bf84500, length=19, elements={
0x000001d3e6873aa0, 0x000001d38498b310, 0x000001d38498c180, 0x000001d3849a46b0,
0x000001d3849a5260, 0x000001d3849a7c20, 0x000001d3849a85d0, 0x000001d3849b47c0,
0x000001d3849b5670, 0x000001d3849c0840, 0x000001d38544a760, 0x000001d38575bb90,
0x000001d385541880, 0x000001d385499520, 0x000001d3859a0880, 0x000001d385b0ac80,
0x000001d385b960b0, 0x000001d38c2ba030, 0x000001d38b713150
}

Java Threads: ( => current thread )
  0x000001d3e6873aa0 JavaThread "main" [_thread_blocked, id=10960, stack(0x000000064c200000,0x000000064c300000)]
  0x000001d38498b310 JavaThread "Reference Handler" daemon [_thread_blocked, id=17020, stack(0x000000064c900000,0x000000064ca00000)]
  0x000001d38498c180 JavaThread "Finalizer" daemon [_thread_blocked, id=7060, stack(0x000000064ca00000,0x000000064cb00000)]
  0x000001d3849a46b0 JavaThread "Signal Dispatcher" daemon [_thread_blocked, id=16896, stack(0x000000064cb00000,0x000000064cc00000)]
  0x000001d3849a5260 JavaThread "Attach Listener" daemon [_thread_blocked, id=8548, stack(0x000000064cc00000,0x000000064cd00000)]
  0x000001d3849a7c20 JavaThread "Service Thread" daemon [_thread_blocked, id=10876, stack(0x000000064cd00000,0x000000064ce00000)]
  0x000001d3849a85d0 JavaThread "Monitor Deflation Thread" daemon [_thread_blocked, id=17220, stack(0x000000064ce00000,0x000000064cf00000)]
  0x000001d3849b47c0 JavaThread "C2 CompilerThread0" daemon [_thread_blocked, id=6432, stack(0x000000064cf00000,0x000000064d000000)]
  0x000001d3849b5670 JavaThread "C1 CompilerThread0" daemon [_thread_blocked, id=3472, stack(0x000000064d000000,0x000000064d100000)]
  0x000001d3849c0840 JavaThread "Sweeper thread" daemon [_thread_blocked, id=5756, stack(0x000000064d100000,0x000000064d200000)]
  0x000001d38544a760 JavaThread "Common-Cleaner" daemon [_thread_blocked, id=5148, stack(0x000000064d200000,0x000000064d300000)]
  0x000001d38575bb90 JavaThread "Notification Thread" daemon [_thread_blocked, id=6840, stack(0x000000064d500000,0x000000064d600000)]
  0x000001d385541880 JavaThread "QuantumRenderer-0" daemon [_thread_blocked, id=14504, stack(0x000000064d300000,0x000000064d400000)]
  0x000001d385499520 JavaThread "InvokeLaterDispatcher" daemon [_thread_blocked, id=4516, stack(0x000000064d400000,0x000000064d500000)]
  0x000001d3859a0880 JavaThread "JavaFX Application Thread" [_thread_blocked, id=8424, stack(0x000000064d700000,0x000000064d800000)]
  0x000001d385b0ac80 JavaThread "Thread-1" daemon [_thread_in_native, id=9180, stack(0x000000064db00000,0x000000064dc00000)]
  0x000001d385b960b0 JavaThread "JavaFX-Launcher" [_thread_blocked, id=7568, stack(0x000000064dd00000,0x000000064de00000)]
  0x000001d38c2ba030 JavaThread "Prism Font Disposer" daemon [_thread_blocked, id=6388, stack(0x000000064e300000,0x000000064e400000)]
  0x000001d38b713150 JavaThread "Cleaner-0" daemon [_thread_blocked, id=16716, stack(0x000000064e800000,0x000000064e900000)]

Other Threads:
=>0x000001d384985310 VMThread "VM Thread" [stack: 0x000000064c800000,0x000000064c900000] [id=16560]
  0x000001d3e68b30c0 GCTaskThread "GC Thread#0" [stack: 0x000000064c300000,0x000000064c400000] [id=16220]
  0x000001d385b25c10 GCTaskThread "GC Thread#1" [stack: 0x000000064de00000,0x000000064df00000] [id=1564]
  0x000001d385b4cad0 GCTaskThread "GC Thread#2" [stack: 0x000000064df00000,0x000000064e000000] [id=168]
  0x000001d385bf5aa0 GCTaskThread "GC Thread#3" [stack: 0x000000064e000000,0x000000064e100000] [id=10608]
  0x000001d385c74280 GCTaskThread "GC Thread#4" [stack: 0x000000064e100000,0x000000064e200000] [id=16844]
  0x000001d385c74530 GCTaskThread "GC Thread#5" [stack: 0x000000064e200000,0x000000064e300000] [id=10584]
  0x000001d38b9e5dc0 GCTaskThread "GC Thread#6" [stack: 0x000000064dc00000,0x000000064dd00000] [id=11456]
  0x000001d3858c2b40 GCTaskThread "GC Thread#7" [stack: 0x000000064e700000,0x000000064e800000] [id=13084]
  0x000001d3e68c3cc0 ConcurrentGCThread "G1 Main Marker" terminated
  0x000001d3e68c4e70 ConcurrentGCThread "G1 Conc#0" [stack: 0x000000064c500000,0x000000064c600000] [id=11460]
  0x000001d3e693dd40 ConcurrentGCThread "G1 Refine#0" terminated
  0x000001d3848417e0 ConcurrentGCThread "G1 Service" terminated

Threads with active compile tasks:
C1 CompilerThread0  
[error occurred during error reporting (printing all threads), id 0xc0000005, EXCEPTION_ACCESS_VIOLATION (0xc0000005) at pc=0x00007ff82b70cfa3]

VM state: at safepoint (shutting down)

VM Mutex/Monitor currently owned by a thread:  ([mutex/lock_event])
[0x000001d3e686dcf0] Threads_lock - owner thread: 0x000001d384985310
[0x000001d3e686e4d0] Heap_lock - owner thread: 0x000001d3859a0880

Heap address: 0x0000000081a00000, size: 2022 MB, Compressed Oops mode: 32-bit

CDS archive(s) mapped at: [0x0000000800000000-0x0000000800bc0000-0x0000000800bc0000), size 12320768, SharedBaseAddress: 0x0000000800000000, ArchiveRelocationMode: 0.
Compressed class space mapped at: 0x0000000800c00000-0x0000000840c00000, reserved size: 1073741824
Narrow klass base: 0x0000000800000000, Narrow klass shift: 0, Narrow klass range: 0x100000000

GC Precious Log:
 CPUs: 8 total, 8 available
 Memory: 8083M
 Large Page Support: Disabled
 NUMA Support: Disabled
 Compressed Oops: Enabled (32-bit)
 Heap Region Size: 1M
 Heap Min Capacity: 8M
 Heap Initial Capacity: 128M
 Heap Max Capacity: 2022M
 Pre-touch: Disabled
 Parallel Workers: 8
 Concurrent Workers: 2
 Concurrent Refinement Workers: 8
 Periodic GC: Disabled

Heap:
 garbage-first heap   total 131072K, used 12056K [0x0000000081a00000, 0x0000000100000000)
  region size 1024K, 9 young (9216K), 5 survivors (5120K)
 Metaspace       used 13104K, committed 13312K, reserved 1064960K
  class space    used 1785K, committed 1920K, reserved 1048576K

Heap Regions: E=young(eden), S=young(survivor), O=old, HS=humongous(starts), HC=humongous(continues), CS=collection set, F=free, OA=open archive, CA=closed archive, TAMS=top-at-mark-start (previous, next)
|   0|0x0000000081a00000, 0x0000000081ac6200, 0x0000000081b00000| 77%| O|  |TAMS 0x0000000081a00000, 0x0000000081a00000| Untracked 
|   1|0x0000000081b00000, 0x0000000081c00000, 0x0000000081c00000|100%|HS|  |TAMS 0x0000000081b00000, 0x0000000081b00000| Complete 
|   2|0x0000000081c00000, 0x0000000081d00000, 0x0000000081d00000|100%|HS|  |TAMS 0x0000000081c00000, 0x0000000081c00000| Complete 
|   3|0x0000000081d00000, 0x0000000081e00000, 0x0000000081e00000|100%|HC|  |TAMS 0x0000000081d00000, 0x0000000081d00000| Complete 
|   4|0x0000000081e00000, 0x0000000081e00000, 0x0000000081f00000|  0%| F|  |TAMS 0x0000000081e00000, 0x0000000081e00000| Untracked 
|   5|0x0000000081f00000, 0x0000000081f00000, 0x0000000082000000|  0%| F|  |TAMS 0x0000000081f00000, 0x0000000081f00000| Untracked 
|   6|0x0000000082000000, 0x0000000082000000, 0x0000000082100000|  0%| F|  |TAMS 0x0000000082000000, 0x0000000082000000| Untracked 
|   7|0x0000000082100000, 0x0000000082100000, 0x0000000082200000|  0%| F|  |TAMS 0x0000000082100000, 0x0000000082100000| Untracked 
|   8|0x0000000082200000, 0x0000000082200000, 0x0000000082300000|  0%| F|  |TAMS 0x0000000082200000, 0x0000000082200000| Untracked 
|   9|0x0000000082300000, 0x0000000082300000, 0x0000000082400000|  0%| F|  |TAMS 0x0000000082300000, 0x0000000082300000| Untracked 
|  10|0x0000000082400000, 0x0000000082400000, 0x0000000082500000|  0%| F|  |TAMS 0x0000000082400000, 0x0000000082400000| Untracked 
|  11|0x0000000082500000, 0x0000000082500000, 0x0000000082600000|  0%| F|  |TAMS 0x0000000082500000, 0x0000000082500000| Untracked 
|  12|0x0000000082600000, 0x0000000082600000, 0x0000000082700000|  0%| F|  |TAMS 0x0000000082600000, 0x0000000082600000| Untracked 
|  13|0x0000000082700000, 0x0000000082700000, 0x0000000082800000|  0%| F|  |TAMS 0x0000000082700000, 0x0000000082700000| Untracked 
|  14|0x0000000082800000, 0x0000000082800000, 0x0000000082900000|  0%| F|  |TAMS 0x0000000082800000, 0x0000000082800000| Untracked 
|  15|0x0000000082900000, 0x0000000082900000, 0x0000000082a00000|  0%| F|  |TAMS 0x0000000082900000, 0x0000000082900000| Untracked 
|  16|0x0000000082a00000, 0x0000000082a00000, 0x0000000082b00000|  0%| F|  |TAMS 0x0000000082a00000, 0x0000000082a00000| Untracked 
|  17|0x0000000082b00000, 0x0000000082b00000, 0x0000000082c00000|  0%| F|  |TAMS 0x0000000082b00000, 0x0000000082b00000| Untracked 
|  18|0x0000000082c00000, 0x0000000082c00000, 0x0000000082d00000|  0%| F|  |TAMS 0x0000000082c00000, 0x0000000082c00000| Untracked 
|  19|0x0000000082d00000, 0x0000000082d00000, 0x0000000082e00000|  0%| F|  |TAMS 0x0000000082d00000, 0x0000000082d00000| Untracked 
|  20|0x0000000082e00000, 0x0000000082e00000, 0x0000000082f00000|  0%| F|  |TAMS 0x0000000082e00000, 0x0000000082e00000| Untracked 
|  21|0x0000000082f00000, 0x0000000082f00000, 0x0000000083000000|  0%| F|  |TAMS 0x0000000082f00000, 0x0000000082f00000| Untracked 
|  22|0x0000000083000000, 0x0000000083000000, 0x0000000083100000|  0%| F|  |TAMS 0x0000000083000000, 0x0000000083000000| Untracked 
|  23|0x0000000083100000, 0x0000000083100000, 0x0000000083200000|  0%| F|  |TAMS 0x0000000083100000, 0x0000000083100000| Untracked 
|  24|0x0000000083200000, 0x0000000083200000, 0x0000000083300000|  0%| F|  |TAMS 0x0000000083200000, 0x0000000083200000| Untracked 
|  25|0x0000000083300000, 0x0000000083300000, 0x0000000083400000|  0%| F|  |TAMS 0x0000000083300000, 0x0000000083300000| Untracked 
|  26|0x0000000083400000, 0x0000000083400000, 0x0000000083500000|  0%| F|  |TAMS 0x0000000083400000, 0x0000000083400000| Untracked 
|  27|0x0000000083500000, 0x0000000083500000, 0x0000000083600000|  0%| F|  |TAMS 0x0000000083500000, 0x0000000083500000| Untracked 
|  28|0x0000000083600000, 0x0000000083600000, 0x0000000083700000|  0%| F|  |TAMS 0x0000000083600000, 0x0000000083600000| Untracked 
|  29|0x0000000083700000, 0x0000000083700000, 0x0000000083800000|  0%| F|  |TAMS 0x0000000083700000, 0x0000000083700000| Untracked 
|  30|0x0000000083800000, 0x0000000083800000, 0x0000000083900000|  0%| F|  |TAMS 0x0000000083800000, 0x0000000083800000| Untracked 
|  31|0x0000000083900000, 0x0000000083900000, 0x0000000083a00000|  0%| F|  |TAMS 0x0000000083900000, 0x0000000083900000| Untracked 
|  32|0x0000000083a00000, 0x0000000083a00000, 0x0000000083b00000|  0%| F|  |TAMS 0x0000000083a00000, 0x0000000083a00000| Untracked 
|  33|0x0000000083b00000, 0x0000000083b00000, 0x0000000083c00000|  0%| F|  |TAMS 0x0000000083b00000, 0x0000000083b00000| Untracked 
|  34|0x0000000083c00000, 0x0000000083c00000, 0x0000000083d00000|  0%| F|  |TAMS 0x0000000083c00000, 0x0000000083c00000| Untracked 
|  35|0x0000000083d00000, 0x0000000083d00000, 0x0000000083e00000|  0%| F|  |TAMS 0x0000000083d00000, 0x0000000083d00000| Untracked 
|  36|0x0000000083e00000, 0x0000000083e00000, 0x0000000083f00000|  0%| F|  |TAMS 0x0000000083e00000, 0x0000000083e00000| Untracked 
|  37|0x0000000083f00000, 0x0000000083f00000, 0x0000000084000000|  0%| F|  |TAMS 0x0000000083f00000, 0x0000000083f00000| Untracked 
|  38|0x0000000084000000, 0x0000000084000000, 0x0000000084100000|  0%| F|  |TAMS 0x0000000084000000, 0x0000000084000000| Untracked 
|  39|0x0000000084100000, 0x0000000084100000, 0x0000000084200000|  0%| F|  |TAMS 0x0000000084100000, 0x0000000084100000| Untracked 
|  40|0x0000000084200000, 0x0000000084200000, 0x0000000084300000|  0%| F|  |TAMS 0x0000000084200000, 0x0000000084200000| Untracked 
|  41|0x0000000084300000, 0x0000000084300000, 0x0000000084400000|  0%| F|  |TAMS 0x0000000084300000, 0x0000000084300000| Untracked 
|  42|0x0000000084400000, 0x0000000084400000, 0x0000000084500000|  0%| F|  |TAMS 0x0000000084400000, 0x0000000084400000| Untracked 
|  43|0x0000000084500000, 0x0000000084500000, 0x0000000084600000|  0%| F|  |TAMS 0x0000000084500000, 0x0000000084500000| Untracked 
|  44|0x0000000084600000, 0x0000000084600000, 0x0000000084700000|  0%| F|  |TAMS 0x0000000084600000, 0x0000000084600000| Untracked 
|  45|0x0000000084700000, 0x0000000084700000, 0x0000000084800000|  0%| F|  |TAMS 0x0000000084700000, 0x0000000084700000| Untracked 
|  46|0x0000000084800000, 0x0000000084800000, 0x0000000084900000|  0%| F|  |TAMS 0x0000000084800000, 0x0000000084800000| Untracked 
|  47|0x0000000084900000, 0x0000000084900000, 0x0000000084a00000|  0%| F|  |TAMS 0x0000000084900000, 0x0000000084900000| Untracked 
|  48|0x0000000084a00000, 0x0000000084a00000, 0x0000000084b00000|  0%| F|  |TAMS 0x0000000084a00000, 0x0000000084a00000| Untracked 
|  49|0x0000000084b00000, 0x0000000084b00000, 0x0000000084c00000|  0%| F|  |TAMS 0x0000000084b00000, 0x0000000084b00000| Untracked 
|  50|0x0000000084c00000, 0x0000000084c00000, 0x0000000084d00000|  0%| F|  |TAMS 0x0000000084c00000, 0x0000000084c00000| Untracked 
|  51|0x0000000084d00000, 0x0000000084d00000, 0x0000000084e00000|  0%| F|  |TAMS 0x0000000084d00000, 0x0000000084d00000| Untracked 
|  52|0x0000000084e00000, 0x0000000084e00000, 0x0000000084f00000|  0%| F|  |TAMS 0x0000000084e00000, 0x0000000084e00000| Untracked 
|  53|0x0000000084f00000, 0x0000000084f00000, 0x0000000085000000|  0%| F|  |TAMS 0x0000000084f00000, 0x0000000084f00000| Untracked 
|  54|0x0000000085000000, 0x0000000085000000, 0x0000000085100000|  0%| F|  |TAMS 0x0000000085000000, 0x0000000085000000| Untracked 
|  55|0x0000000085100000, 0x0000000085100000, 0x0000000085200000|  0%| F|  |TAMS 0x0000000085100000, 0x0000000085100000| Untracked 
|  56|0x0000000085200000, 0x0000000085200000, 0x0000000085300000|  0%| F|  |TAMS 0x0000000085200000, 0x0000000085200000| Untracked 
|  57|0x0000000085300000, 0x0000000085300000, 0x0000000085400000|  0%| F|  |TAMS 0x0000000085300000, 0x0000000085300000| Untracked 
|  58|0x0000000085400000, 0x0000000085400000, 0x0000000085500000|  0%| F|  |TAMS 0x0000000085400000, 0x0000000085400000| Untracked 
|  59|0x0000000085500000, 0x0000000085500000, 0x0000000085600000|  0%| F|  |TAMS 0x0000000085500000, 0x0000000085500000| Untracked 
|  60|0x0000000085600000, 0x0000000085600000, 0x0000000085700000|  0%| F|  |TAMS 0x0000000085600000, 0x0000000085600000| Untracked 
|  61|0x0000000085700000, 0x0000000085700000, 0x0000000085800000|  0%| F|  |TAMS 0x0000000085700000, 0x0000000085700000| Untracked 
|  62|0x0000000085800000, 0x0000000085800000, 0x0000000085900000|  0%| F|  |TAMS 0x0000000085800000, 0x0000000085800000| Untracked 
|  63|0x0000000085900000, 0x0000000085900000, 0x0000000085a00000|  0%| F|  |TAMS 0x0000000085900000, 0x0000000085900000| Untracked 
|  64|0x0000000085a00000, 0x0000000085a00000, 0x0000000085b00000|  0%| F|  |TAMS 0x0000000085a00000, 0x0000000085a00000| Untracked 
|  65|0x0000000085b00000, 0x0000000085b00000, 0x0000000085c00000|  0%| F|  |TAMS 0x0000000085b00000, 0x0000000085b00000| Untracked 
|  66|0x0000000085c00000, 0x0000000085c00000, 0x0000000085d00000|  0%| F|  |TAMS 0x0000000085c00000, 0x0000000085c00000| Untracked 
|  67|0x0000000085d00000, 0x0000000085d00000, 0x0000000085e00000|  0%| F|  |TAMS 0x0000000085d00000, 0x0000000085d00000| Untracked 
|  68|0x0000000085e00000, 0x0000000085e00000, 0x0000000085f00000|  0%| F|  |TAMS 0x0000000085e00000, 0x0000000085e00000| Untracked 
|  69|0x0000000085f00000, 0x0000000085f00000, 0x0000000086000000|  0%| F|  |TAMS 0x0000000085f00000, 0x0000000085f00000| Untracked 
|  70|0x0000000086000000, 0x0000000086000000, 0x0000000086100000|  0%| F|  |TAMS 0x0000000086000000, 0x0000000086000000| Untracked 
|  71|0x0000000086100000, 0x0000000086100000, 0x0000000086200000|  0%| F|  |TAMS 0x0000000086100000, 0x0000000086100000| Untracked 
|  72|0x0000000086200000, 0x0000000086200000, 0x0000000086300000|  0%| F|  |TAMS 0x0000000086200000, 0x0000000086200000| Untracked 
|  73|0x0000000086300000, 0x0000000086300000, 0x0000000086400000|  0%| F|  |TAMS 0x0000000086300000, 0x0000000086300000| Untracked 
|  74|0x0000000086400000, 0x0000000086400000, 0x0000000086500000|  0%| F|  |TAMS 0x0000000086400000, 0x0000000086400000| Untracked 
|  75|0x0000000086500000, 0x0000000086500000, 0x0000000086600000|  0%| F|  |TAMS 0x0000000086500000, 0x0000000086500000| Untracked 
|  76|0x0000000086600000, 0x0000000086600000, 0x0000000086700000|  0%| F|  |TAMS 0x0000000086600000, 0x0000000086600000| Untracked 
|  77|0x0000000086700000, 0x0000000086700000, 0x0000000086800000|  0%| F|  |TAMS 0x0000000086700000, 0x0000000086700000| Untracked 
|  78|0x0000000086800000, 0x0000000086800000, 0x0000000086900000|  0%| F|  |TAMS 0x0000000086800000, 0x0000000086800000| Untracked 
|  79|0x0000000086900000, 0x0000000086900000, 0x0000000086a00000|  0%| F|  |TAMS 0x0000000086900000, 0x0000000086900000| Untracked 
|  80|0x0000000086a00000, 0x0000000086a00000, 0x0000000086b00000|  0%| F|  |TAMS 0x0000000086a00000, 0x0000000086a00000| Untracked 
|  81|0x0000000086b00000, 0x0000000086b00000, 0x0000000086c00000|  0%| F|  |TAMS 0x0000000086b00000, 0x0000000086b00000| Untracked 
|  82|0x0000000086c00000, 0x0000000086c00000, 0x0000000086d00000|  0%| F|  |TAMS 0x0000000086c00000, 0x0000000086c00000| Untracked 
|  83|0x0000000086d00000, 0x0000000086d00000, 0x0000000086e00000|  0%| F|  |TAMS 0x0000000086d00000, 0x0000000086d00000| Untracked 
|  84|0x0000000086e00000, 0x0000000086e00000, 0x0000000086f00000|  0%| F|  |TAMS 0x0000000086e00000, 0x0000000086e00000| Untracked 
|  85|0x0000000086f00000, 0x0000000086f00000, 0x0000000087000000|  0%| F|  |TAMS 0x0000000086f00000, 0x0000000086f00000| Untracked 
|  86|0x0000000087000000, 0x0000000087000000, 0x0000000087100000|  0%| F|  |TAMS 0x0000000087000000, 0x0000000087000000| Untracked 
|  87|0x0000000087100000, 0x0000000087100000, 0x0000000087200000|  0%| F|  |TAMS 0x0000000087100000, 0x0000000087100000| Untracked 
|  88|0x0000000087200000, 0x0000000087300000, 0x0000000087300000|100%| S|CS|TAMS 0x0000000087200000, 0x0000000087200000| Complete 
|  89|0x0000000087300000, 0x0000000087400000, 0x0000000087400000|100%| S|CS|TAMS 0x0000000087300000, 0x0000000087300000| Complete 
|  90|0x0000000087400000, 0x0000000087500000, 0x0000000087500000|100%| S|CS|TAMS 0x0000000087400000, 0x0000000087400000| Complete 
|  91|0x0000000087500000, 0x0000000087600000, 0x0000000087600000|100%| S|CS|TAMS 0x0000000087500000, 0x0000000087500000| Complete 
|  92|0x0000000087600000, 0x0000000087700000, 0x0000000087700000|100%| S|CS|TAMS 0x0000000087600000, 0x0000000087600000| Complete 
|  93|0x0000000087700000, 0x0000000087700000, 0x0000000087800000|  0%| F|  |TAMS 0x0000000087700000, 0x0000000087700000| Untracked 
|  94|0x0000000087800000, 0x0000000087800000, 0x0000000087900000|  0%| F|  |TAMS 0x0000000087800000, 0x0000000087800000| Untracked 
|  95|0x0000000087900000, 0x0000000087900000, 0x0000000087a00000|  0%| F|  |TAMS 0x0000000087900000, 0x0000000087900000| Untracked 
|  96|0x0000000087a00000, 0x0000000087a00000, 0x0000000087b00000|  0%| F|  |TAMS 0x0000000087a00000, 0x0000000087a00000| Untracked 
|  97|0x0000000087b00000, 0x0000000087b00000, 0x0000000087c00000|  0%| F|  |TAMS 0x0000000087b00000, 0x0000000087b00000| Untracked 
|  98|0x0000000087c00000, 0x0000000087c00000, 0x0000000087d00000|  0%| F|  |TAMS 0x0000000087c00000, 0x0000000087c00000| Untracked 
|  99|0x0000000087d00000, 0x0000000087d00000, 0x0000000087e00000|  0%| F|  |TAMS 0x0000000087d00000, 0x0000000087d00000| Untracked 
| 100|0x0000000087e00000, 0x0000000087e00000, 0x0000000087f00000|  0%| F|  |TAMS 0x0000000087e00000, 0x0000000087e00000| Untracked 
| 101|0x0000000087f00000, 0x0000000087f00000, 0x0000000088000000|  0%| F|  |TAMS 0x0000000087f00000, 0x0000000087f00000| Untracked 
| 102|0x0000000088000000, 0x0000000088000000, 0x0000000088100000|  0%| F|  |TAMS 0x0000000088000000, 0x0000000088000000| Untracked 
| 103|0x0000000088100000, 0x0000000088100000, 0x0000000088200000|  0%| F|  |TAMS 0x0000000088100000, 0x0000000088100000| Untracked 
| 104|0x0000000088200000, 0x0000000088200000, 0x0000000088300000|  0%| F|  |TAMS 0x0000000088200000, 0x0000000088200000| Untracked 
| 105|0x0000000088300000, 0x0000000088300000, 0x0000000088400000|  0%| F|  |TAMS 0x0000000088300000, 0x0000000088300000| Untracked 
| 106|0x0000000088400000, 0x0000000088400000, 0x0000000088500000|  0%| F|  |TAMS 0x0000000088400000, 0x0000000088400000| Untracked 
| 107|0x0000000088500000, 0x0000000088500000, 0x0000000088600000|  0%| F|  |TAMS 0x0000000088500000, 0x0000000088500000| Untracked 
| 108|0x0000000088600000, 0x0000000088600000, 0x0000000088700000|  0%| F|  |TAMS 0x0000000088600000, 0x0000000088600000| Untracked 
| 109|0x0000000088700000, 0x0000000088700000, 0x0000000088800000|  0%| F|  |TAMS 0x0000000088700000, 0x0000000088700000| Untracked 
| 110|0x0000000088800000, 0x0000000088800000, 0x0000000088900000|  0%| F|  |TAMS 0x0000000088800000, 0x0000000088800000| Untracked 
| 111|0x0000000088900000, 0x0000000088900000, 0x0000000088a00000|  0%| F|  |TAMS 0x0000000088900000, 0x0000000088900000| Untracked 
| 112|0x0000000088a00000, 0x0000000088a00000, 0x0000000088b00000|  0%| F|  |TAMS 0x0000000088a00000, 0x0000000088a00000| Untracked 
| 113|0x0000000088b00000, 0x0000000088b00000, 0x0000000088c00000|  0%| F|  |TAMS 0x0000000088b00000, 0x0000000088b00000| Untracked 
| 114|0x0000000088c00000, 0x0000000088c00000, 0x0000000088d00000|  0%| F|  |TAMS 0x0000000088c00000, 0x0000000088c00000| Untracked 
| 115|0x0000000088d00000, 0x0000000088d00000, 0x0000000088e00000|  0%| F|  |TAMS 0x0000000088d00000, 0x0000000088d00000| Untracked 
| 116|0x0000000088e00000, 0x0000000088e00000, 0x0000000088f00000|  0%| F|  |TAMS 0x0000000088e00000, 0x0000000088e00000| Untracked 
| 117|0x0000000088f00000, 0x0000000088f00000, 0x0000000089000000|  0%| F|  |TAMS 0x0000000088f00000, 0x0000000088f00000| Untracked 
| 118|0x0000000089000000, 0x0000000089000000, 0x0000000089100000|  0%| F|  |TAMS 0x0000000089000000, 0x0000000089000000| Untracked 
| 119|0x0000000089100000, 0x0000000089100000, 0x0000000089200000|  0%| F|  |TAMS 0x0000000089100000, 0x0000000089100000| Untracked 
| 120|0x0000000089200000, 0x0000000089200000, 0x0000000089300000|  0%| F|  |TAMS 0x0000000089200000, 0x0000000089200000| Untracked 
| 121|0x0000000089300000, 0x0000000089300000, 0x0000000089400000|  0%| F|  |TAMS 0x0000000089300000, 0x0000000089300000| Untracked 
| 122|0x0000000089400000, 0x0000000089400000, 0x0000000089500000|  0%| F|  |TAMS 0x0000000089400000, 0x0000000089400000| Untracked 
| 123|0x0000000089500000, 0x0000000089500000, 0x0000000089600000|  0%| F|  |TAMS 0x0000000089500000, 0x0000000089500000| Untracked 
| 124|0x0000000089600000, 0x0000000089691ed0, 0x0000000089700000| 57%| E|  |TAMS 0x0000000089600000, 0x0000000089600000| Complete 
| 125|0x0000000089700000, 0x0000000089800000, 0x0000000089800000|100%| E|CS|TAMS 0x0000000089700000, 0x0000000089700000| Complete 
| 126|0x0000000089800000, 0x0000000089900000, 0x0000000089900000|100%| E|CS|TAMS 0x0000000089800000, 0x0000000089800000| Complete 
| 127|0x0000000089900000, 0x0000000089a00000, 0x0000000089a00000|100%| E|CS|TAMS 0x0000000089900000, 0x0000000089900000| Complete 

Card table byte_map: [0x000001d3fd7a0000,0x000001d3fdba0000] _byte_map_base: 0x000001d3fd393000

Marking Bits (Prev, Next): (CMBitMap*) 0x000001d3e68b36d0, (CMBitMap*) 0x000001d3e68b3710
 Prev Bits: [0x000001d3fdfa0000, 0x000001d3fff38000)
 Next Bits: [0x000001d380000000, 0x000001d381f98000)

Polling page: 0x000001d3e6040000

Metaspace:

Usage:
  Non-class:     11.05 MB used.
      Class:      1.74 MB used.
       Both:     12.80 MB used.

Virtual space:
  Non-class space:       16.00 MB reserved,      11.12 MB ( 70%) committed,  2 nodes.
      Class space:        1.00 GB reserved,       1.88 MB ( <1%) committed,  1 nodes.
             Both:        1.02 GB reserved,      13.00 MB (  1%) committed. 

Chunk freelists:
   Non-Class:  3.62 MB
       Class:  2.08 MB
        Both:  5.70 MB

MaxMetaspaceSize: unlimited
CompressedClassSpaceSize: 1.00 GB
Initial GC threshold: 21.00 MB
Current GC threshold: 21.00 MB
CDS: on
MetaspaceReclaimPolicy: balanced
 - commit_granule_bytes: 65536.
 - commit_granule_words: 8192.
 - virtual_space_node_default_size: 1048576.
 - enlarge_chunks_in_place: 1.
 - new_chunks_are_fully_committed: 0.
 - uncommit_free_chunks: 1.
 - use_allocation_guard: 0.
 - handle_deallocations: 1.


Internal statistics:

num_allocs_failed_limit: 0.
num_arena_births: 162.
num_arena_deaths: 0.
num_vsnodes_births: 3.
num_vsnodes_deaths: 0.
num_space_committed: 208.
num_space_uncommitted: 0.
num_chunks_returned_to_freelist: 0.
num_chunks_taken_from_freelist: 584.
num_chunk_merges: 0.
num_chunk_splits: 422.
num_chunks_enlarged: 352.
num_purges: 0.
num_inconsistent_stats: 0.

CodeHeap 'non-profiled nmethods': size=120000Kb used=1236Kb max_used=1236Kb free=118763Kb
 bounds [0x000001d3f5b40000, 0x000001d3f5db0000, 0x000001d3fd070000]
CodeHeap 'profiled nmethods': size=120000Kb used=5445Kb max_used=5445Kb free=114555Kb
 bounds [0x000001d3ee610000, 0x000001d3eeb70000, 0x000001d3f5b40000]
CodeHeap 'non-nmethods': size=5760Kb used=1413Kb max_used=1476Kb free=4346Kb
 bounds [0x000001d3ee070000, 0x000001d3ee2e0000, 0x000001d3ee610000]
 total_blobs=3744 nmethods=2976 adapters=678
 compilation: enabled
              stopped_count=0, restarted_count=0
 full_count=0

Compilation events (20 events):
Event: 50.050 Thread 0x000001d38d7ca5d0 nmethod 2967 0x000001d3f5c74490 code [0x000001d3f5c74660, 0x000001d3f5c74bd8]
Event: 52.498 Thread 0x000001d3849b5670 2983       3       com.sun.javafx.event.EventHandlerManager::dispatchBubblingEvent (41 bytes)
Event: 52.499 Thread 0x000001d3849b5670 nmethod 2983 0x000001d3eeb5d810 code [0x000001d3eeb5da00, 0x000001d3eeb5e178]
Event: 53.761 Thread 0x000001d3849b5670 2984       3       com.sun.glass.ui.Window::checkNotClosed (20 bytes)
Event: 53.762 Thread 0x000001d3849b5670 nmethod 2984 0x000001d3eeb5e390 code [0x000001d3eeb5e540, 0x000001d3eeb5e768]
Event: 53.774 Thread 0x000001d3849b5670 2985       3       javafx.scene.Node::requestCssStateTransition (40 bytes)
Event: 53.775 Thread 0x000001d3849b5670 nmethod 2985 0x000001d3eeb5e890 code [0x000001d3eeb5ea80, 0x000001d3eeb5f098]
Event: 53.781 Thread 0x000001d3849b5670 2986       3       javafx.beans.value.WeakChangeListener::changed (38 bytes)
Event: 53.781 Thread 0x000001d3849b5670 nmethod 2986 0x000001d3eeb5f210 code [0x000001d3eeb5f3e0, 0x000001d3eeb5f8d8]
Event: 53.790 Thread 0x000001d3849b5670 2987       3       javafx.scene.Node$ReadOnlyObjectWrapperManualFire::fireValueChangedEvent (1 bytes)
Event: 53.790 Thread 0x000001d3849b5670 nmethod 2987 0x000001d3eeb5fa10 code [0x000001d3eeb5fba0, 0x000001d3eeb5fcb8]
Event: 53.790 Thread 0x000001d3849b5670 2988       3       javafx.scene.Node$ReadOnlyObjectWrapperManualFire::fireSuperValueChangedEvent (5 bytes)
Event: 53.791 Thread 0x000001d3849b5670 nmethod 2988 0x000001d3eeb5fd90 code [0x000001d3eeb5ff80, 0x000001d3eeb60538]
Event: 53.793 Thread 0x000001d3849b5670 2989       3       java.lang.invoke.MethodHandles$Lookup$ClassFile::<init> (20 bytes)
Event: 53.794 Thread 0x000001d3849b5670 nmethod 2989 0x000001d3eeb60710 code [0x000001d3eeb608c0, 0x000001d3eeb60af8]
Event: 53.795 Thread 0x000001d3849b5670 2991       3       java.lang.invoke.MethodHandles$Lookup$ClassOption::optionsToFlag (40 bytes)
Event: 53.795 Thread 0x000001d3849b47c0 2995       4       java.lang.invoke.MemberName::getModifiers (8 bytes)
Event: 53.796 Thread 0x000001d3849b5670 nmethod 2991 0x000001d3eeb60b90 code [0x000001d3eeb60d60, 0x000001d3eeb61268]
Event: 53.796 Thread 0x000001d3849b5670 2990       3       java.lang.invoke.MethodHandles$Lookup::makeHiddenClassDefiner (42 bytes)
Event: 53.796 Thread 0x000001d3849b47c0 nmethod 2995 0x000001d3f5c74f90 code [0x000001d3f5c75100, 0x000001d3f5c75178]

GC Heap History (4 events):
Event: 0.882 GC heap before
{Heap before GC invocations=0 (full 0):
 garbage-first heap   total 131072K, used 24576K [0x0000000081a00000, 0x0000000100000000)
  region size 1024K, 23 young (23552K), 0 survivors (0K)
 Metaspace       used 4526K, committed 4736K, reserved 1056768K
  class space    used 552K, committed 640K, reserved 1048576K
}
Event: 0.887 GC heap after
{Heap after GC invocations=1 (full 0):
 garbage-first heap   total 131072K, used 3665K [0x0000000081a00000, 0x0000000100000000)
  region size 1024K, 3 young (3072K), 3 survivors (3072K)
 Metaspace       used 4526K, committed 4736K, reserved 1056768K
  class space    used 552K, committed 640K, reserved 1048576K
}
Event: 39.610 GC heap before
{Heap before GC invocations=1 (full 0):
 garbage-first heap   total 131072K, used 38481K [0x0000000081a00000, 0x0000000100000000)
  region size 1024K, 35 young (35840K), 3 survivors (3072K)
 Metaspace       used 12937K, committed 13184K, reserved 1064960K
  class space    used 1784K, committed 1920K, reserved 1048576K
}
Event: 39.620 GC heap after
{Heap after GC invocations=2 (full 0):
 garbage-first heap   total 131072K, used 8984K [0x0000000081a00000, 0x0000000100000000)
  region size 1024K, 5 young (5120K), 5 survivors (5120K)
 Metaspace       used 12937K, committed 13184K, reserved 1064960K
  class space    used 1784K, committed 1920K, reserved 1048576K
}

Deoptimization events (20 events):
Event: 44.834 Thread 0x000001d3859a0880 Uncommon trap: trap_request=0xffffffbe fr.pc=0x000001d3f5c50774 relative=0x00000000000005b4
Event: 44.834 Thread 0x000001d3859a0880 Uncommon trap: reason=profile_predicate action=maybe_recompile pc=0x000001d3f5c50774 method=com.sun.javafx.css.BitSet.addAll(Ljava/util/Collection;)Z @ 88 c2
Event: 44.834 Thread 0x000001d3859a0880 DEOPT PACKING pc=0x000001d3f5c50774 sp=0x000000064d7fbf70
Event: 44.835 Thread 0x000001d3859a0880 DEOPT UNPACKING pc=0x000001d3ee0c23a3 sp=0x000000064d7fbed0 mode 2
Event: 44.835 Thread 0x000001d3859a0880 Uncommon trap: trap_request=0xffffffbe fr.pc=0x000001d3f5c50774 relative=0x00000000000005b4
Event: 44.835 Thread 0x000001d3859a0880 Uncommon trap: reason=profile_predicate action=maybe_recompile pc=0x000001d3f5c50774 method=com.sun.javafx.css.BitSet.addAll(Ljava/util/Collection;)Z @ 88 c2
Event: 44.835 Thread 0x000001d3859a0880 DEOPT PACKING pc=0x000001d3f5c50774 sp=0x000000064d7fbf80
Event: 44.835 Thread 0x000001d3859a0880 DEOPT UNPACKING pc=0x000001d3ee0c23a3 sp=0x000000064d7fbee0 mode 2
Event: 44.835 Thread 0x000001d3859a0880 Uncommon trap: trap_request=0xffffffbe fr.pc=0x000001d3f5c50774 relative=0x00000000000005b4
Event: 44.835 Thread 0x000001d3859a0880 Uncommon trap: reason=profile_predicate action=maybe_recompile pc=0x000001d3f5c50774 method=com.sun.javafx.css.BitSet.addAll(Ljava/util/Collection;)Z @ 88 c2
Event: 44.835 Thread 0x000001d3859a0880 DEOPT PACKING pc=0x000001d3f5c50774 sp=0x000000064d7fbf80
Event: 44.835 Thread 0x000001d3859a0880 DEOPT UNPACKING pc=0x000001d3ee0c23a3 sp=0x000000064d7fbee0 mode 2
Event: 44.837 Thread 0x000001d3859a0880 Uncommon trap: trap_request=0xffffffbe fr.pc=0x000001d3f5c50774 relative=0x00000000000005b4
Event: 44.837 Thread 0x000001d3859a0880 Uncommon trap: reason=profile_predicate action=maybe_recompile pc=0x000001d3f5c50774 method=com.sun.javafx.css.BitSet.addAll(Ljava/util/Collection;)Z @ 88 c2
Event: 44.837 Thread 0x000001d3859a0880 DEOPT PACKING pc=0x000001d3f5c50774 sp=0x000000064d7fbbf0
Event: 44.837 Thread 0x000001d3859a0880 DEOPT UNPACKING pc=0x000001d3ee0c23a3 sp=0x000000064d7fbb50 mode 2
Event: 52.483 Thread 0x000001d3859a0880 Uncommon trap: trap_request=0xffffff45 fr.pc=0x000001d3f5c436e8 relative=0x0000000000000228
Event: 52.483 Thread 0x000001d3859a0880 Uncommon trap: reason=unstable_if action=reinterpret pc=0x000001d3f5c436e8 method=com.sun.javafx.event.EventHandlerManager.dispatchBubblingEvent(Ljavafx/event/EventType;Ljavafx/event/Event;)Ljavafx/event/Event; @ 22 c2
Event: 52.483 Thread 0x000001d3859a0880 DEOPT PACKING pc=0x000001d3f5c436e8 sp=0x000000064d7fb100
Event: 52.483 Thread 0x000001d3859a0880 DEOPT UNPACKING pc=0x000001d3ee0c23a3 sp=0x000000064d7fb0f0 mode 2

Classes unloaded (0 events):
No events

Classes redefined (0 events):
No events

Internal exceptions (20 events):
Event: 0.970 Thread 0x000001d3859a0880 Exception <a 'java/lang/ClassNotFoundException'{0x0000000089529c28}: com/sun/glass/ui/win/themes> (0x0000000089529c28) 
thrown [t:\workspace\open\src\hotspot\share\prims\jni.cpp, line 535]
Event: 0.972 Thread 0x000001d3859a0880 Exception <a 'java/lang/ClassNotFoundException'{0x0000000089535fa0}: com/sun/glass/ui/win/themes_en> (0x0000000089535fa0) 
thrown [t:\workspace\open\src\hotspot\share\prims\jni.cpp, line 535]
Event: 0.972 Thread 0x000001d3859a0880 Exception <a 'java/lang/ClassNotFoundException'{0x000000008953dd30}: com/sun/glass/ui/win/themes_en_US> (0x000000008953dd30) 
thrown [t:\workspace\open\src\hotspot\share\prims\jni.cpp, line 535]
Event: 1.101 Thread 0x000001d3859a0880 Exception <a 'java/lang/NoSuchMethodError'{0x00000000891c69c0}: 'void java.lang.invoke.DirectMethodHandle$Holder.invokeStaticInit(java.lang.Object, java.lang.Object)'> (0x00000000891c69c0) 
thrown [t:\workspace\open\src\hotspot\share\interpreter\linkResolver.cpp, line 766]
Event: 1.137 Thread 0x000001d3859a0880 Exception <a 'java/lang/NoSuchMethodError'{0x0000000089038818}: 'java.lang.Object java.lang.invoke.DirectMethodHandle$Holder.newInvokeSpecial(java.lang.Object, java.lang.Object, int, int)'> (0x0000000089038818) 
thrown [t:\workspace\open\src\hotspot\share\interpreter\linkResolver.cpp, line 766]
Event: 1.194 Thread 0x000001d3859a0880 Exception <a 'sun/nio/fs/WindowsException'{0x0000000088e486a8}> (0x0000000088e486a8) 
thrown [t:\workspace\open\src\hotspot\share\prims\jni.cpp, line 516]
Event: 1.217 Thread 0x000001d3859a0880 Implicit null exception at 0x000001d3f5b8f480 to 0x000001d3f5b9065c
Event: 1.334 Thread 0x000001d3859a0880 Implicit null exception at 0x000001d3f5b8d68d to 0x000001d3f5b8dcd8
Event: 1.613 Thread 0x000001d3859a0880 Exception <a 'java/lang/NoSuchMethodError'{0x0000000088744558}: 'void java.lang.invoke.DirectMethodHandle$Holder.invokeSpecial(java.lang.Object, java.lang.Object, java.lang.Object, java.lang.Object, java.lang.Object)'> (0x0000000088744558) 
thrown [t:\workspace\open\src\hotspot\share\interpreter\linkResolver.cpp, line 766]
Event: 1.617 Thread 0x000001d3859a0880 Exception <a 'java/lang/NoSuchMethodError'{0x0000000088754b28}: 'java.lang.Object java.lang.invoke.DirectMethodHandle$Holder.invokeInterface(java.lang.Object, java.lang.Object, java.lang.Object)'> (0x0000000088754b28) 
thrown [t:\workspace\open\src\hotspot\share\interpreter\linkResolver.cpp, line 766]
Event: 1.617 Thread 0x000001d3859a0880 Exception <a 'java/lang/IncompatibleClassChangeError'{0x00000000887584b0}: Found class java.lang.Object, but interface was expected> (0x00000000887584b0) 
thrown [t:\workspace\open\src\hotspot\share\interpreter\linkResolver.cpp, line 833]
Event: 1.714 Thread 0x000001d3859a0880 Exception <a 'java/lang/NoSuchMethodError'{0x000000008852f0b8}: 'java.lang.Object java.lang.invoke.DirectMethodHandle$Holder.newInvokeSpecial(java.lang.Object, java.lang.Object, int)'> (0x000000008852f0b8) 
thrown [t:\workspace\open\src\hotspot\share\interpreter\linkResolver.cpp, line 766]
Event: 2.007 Thread 0x000001d385541880 Exception <a 'java/lang/NoSuchMethodError'{0x000000008847fc78}: 'int java.lang.invoke.DirectMethodHandle$Holder.invokeStaticInit(java.lang.Object, java.lang.Object)'> (0x000000008847fc78) 
thrown [t:\workspace\open\src\hotspot\share\interpreter\linkResolver.cpp, line 766]
Event: 6.824 Thread 0x000001d3859a0880 Exception <a 'java/lang/NoSuchMethodError'{0x0000000087d6e6c8}: 'long java.lang.invoke.DirectMethodHandle$Holder.invokeStatic(java.lang.Object, java.lang.Object, java.lang.Object)'> (0x0000000087d6e6c8) 
thrown [t:\workspace\open\src\hotspot\share\interpreter\linkResolver.cpp, line 766]
Event: 6.825 Thread 0x000001d3859a0880 Exception <a 'java/lang/NoSuchMethodError'{0x0000000087d71e70}: 'long java.lang.invoke.DirectMethodHandle$Holder.invokeStaticInit(java.lang.Object, java.lang.Object, java.lang.Object)'> (0x0000000087d71e70) 
thrown [t:\workspace\open\src\hotspot\share\interpreter\linkResolver.cpp, line 766]
Event: 6.829 Thread 0x000001d3859a0880 Exception <a 'java/lang/NoSuchMethodError'{0x0000000087d89a78}: 'java.lang.Object java.lang.invoke.DirectMethodHandle$Holder.newInvokeSpecial(java.lang.Object, java.lang.Object, long)'> (0x0000000087d89a78) 
thrown [t:\workspace\open\src\hotspot\share\interpreter\linkResolver.cpp, line 766]
Event: 6.829 Thread 0x000001d3859a0880 Exception <a 'java/lang/NoSuchMethodError'{0x0000000087d8d5e8}: 'java.lang.Object java.lang.invoke.Invokers$Holder.linkToTargetMethod(java.lang.Object, long, java.lang.Object)'> (0x0000000087d8d5e8) 
thrown [t:\workspace\open\src\hotspot\share\interpreter\linkResolver.cpp, line 766]
Event: 12.507 Thread 0x000001d3859a0880 Exception <a 'java/lang/ClassNotFoundException'{0x0000000087cc0f58}: com/sun/javafx/scene/control/skin/resources/controls> (0x0000000087cc0f58) 
thrown [t:\workspace\open\src\hotspot\share\prims\jni.cpp, line 535]
Event: 12.508 Thread 0x000001d3859a0880 Exception <a 'java/lang/ClassNotFoundException'{0x0000000087ccf1c0}: com/sun/javafx/scene/control/skin/resources/controls_en> (0x0000000087ccf1c0) 
thrown [t:\workspace\open\src\hotspot\share\prims\jni.cpp, line 535]
Event: 12.508 Thread 0x000001d3859a0880 Exception <a 'java/lang/ClassNotFoundException'{0x0000000087cd0420}: com/sun/javafx/scene/control/skin/resources/controls_en_US> (0x0000000087cd0420) 
thrown [t:\workspace\open\src\hotspot\share\prims\jni.cpp, line 535]

VM Operations (20 events):
Event: 37.552 Executing VM operation: Cleanup done
Event: 38.554 Executing VM operation: Cleanup
Event: 38.554 Executing VM operation: Cleanup done
Event: 39.609 Executing VM operation: G1CollectForAllocation
Event: 39.620 Executing VM operation: G1CollectForAllocation done
Event: 40.620 Executing VM operation: Cleanup
Event: 40.621 Executing VM operation: Cleanup done
Event: 41.621 Executing VM operation: Cleanup
Event: 41.621 Executing VM operation: Cleanup done
Event: 43.622 Executing VM operation: Cleanup
Event: 43.622 Executing VM operation: Cleanup done
Event: 45.622 Executing VM operation: Cleanup
Event: 45.623 Executing VM operation: Cleanup done
Event: 47.623 Executing VM operation: Cleanup
Event: 47.623 Executing VM operation: Cleanup done
Event: 48.624 Executing VM operation: Cleanup
Event: 48.624 Executing VM operation: Cleanup done
Event: 50.624 Executing VM operation: Cleanup
Event: 50.625 Executing VM operation: Cleanup done
Event: 53.796 Executing VM operation: Exit

Events (20 events):
Event: 12.600 loading class jdk/internal/misc/ScopedMemoryAccess$Scope
Event: 12.600 loading class jdk/internal/misc/ScopedMemoryAccess$Scope done
Event: 12.601 loading class sun/text/CompactByteArray
Event: 12.601 loading class sun/text/CompactByteArray done
Event: 12.601 Thread 0x000001d385b25700 Thread added: 0x000001d385b25700
Event: 12.601 loading class sun/text/SupplementaryCharacterData
Event: 12.601 loading class sun/text/SupplementaryCharacterData done
Event: 12.601 loading class java/text/BreakIterator$BreakIteratorCache
Event: 12.601 loading class java/text/BreakIterator$BreakIteratorCache done
Event: 12.854 Thread 0x000001d385b25700 Thread exited: 0x000001d385b25700
Event: 31.455 Thread 0x000001d38551cab0 Thread added: 0x000001d38551cab0
Event: 32.309 Thread 0x000001d38551cab0 Thread exited: 0x000001d38551cab0
Event: 39.628 Thread 0x000001d385d82230 Thread added: 0x000001d385d82230
Event: 40.645 Thread 0x000001d385d82230 Thread exited: 0x000001d385d82230
Event: 50.022 Thread 0x000001d38d7ca5d0 Thread added: 0x000001d38d7ca5d0
Event: 52.498 Thread 0x000001d38d7ca5d0 Thread exited: 0x000001d38d7ca5d0
Event: 53.791 Thread 0x000001d3858be290 Thread added: 0x000001d3858be290
Event: 53.791 Thread 0x000001d3858bcf50 Thread added: 0x000001d3858bcf50
Event: 53.792 Thread 0x000001d3858be290 Thread exited: 0x000001d3858be290
Event: 53.796 Thread 0x000001d3858bcf50 Thread exited: 0x000001d3858bcf50


Dynamic libraries:
0x00007ff7147d0000 - 0x00007ff7147e0000 	C:\Program Files\Java\jdk-17.0.1\bin\javaw.exe
0x00007ff88b470000 - 0x00007ff88b687000 	C:\WINDOWS\SYSTEM32\ntdll.dll
0x00007ff88aeb0000 - 0x00007ff88af74000 	C:\WINDOWS\System32\KERNEL32.DLL
0x00007ff8887b0000 - 0x00007ff888b56000 	C:\WINDOWS\System32\KERNELBASE.dll
0x00007ff888d50000 - 0x00007ff888e61000 	C:\WINDOWS\System32\ucrtbase.dll
0x00007ff877080000 - 0x00007ff87709a000 	C:\Program Files\Java\jdk-17.0.1\bin\VCRUNTIME140.dll
0x00007ff876f00000 - 0x00007ff876f18000 	C:\Program Files\Java\jdk-17.0.1\bin\jli.dll
0x00007ff88ac00000 - 0x00007ff88acb3000 	C:\WINDOWS\System32\ADVAPI32.dll
0x00007ff88af80000 - 0x00007ff88b027000 	C:\WINDOWS\System32\msvcrt.dll
0x00007ff88b050000 - 0x00007ff88b0f8000 	C:\WINDOWS\System32\sechost.dll
0x00007ff8890d0000 - 0x00007ff8890f8000 	C:\WINDOWS\System32\bcrypt.dll
0x00007ff88b310000 - 0x00007ff88b427000 	C:\WINDOWS\System32\RPCRT4.dll
0x00007ff88b140000 - 0x00007ff88b2ee000 	C:\WINDOWS\System32\USER32.dll
0x00007ff868430000 - 0x00007ff8686c3000 	C:\WINDOWS\WinSxS\amd64_microsoft.windows.common-controls_6595b64144ccf1df_6.0.22621.2506_none_270c5ae97388e100\COMCTL32.dll
0x00007ff888d20000 - 0x00007ff888d46000 	C:\WINDOWS\System32\win32u.dll
0x00007ff88ad50000 - 0x00007ff88ad79000 	C:\WINDOWS\System32\GDI32.dll
0x00007ff888b60000 - 0x00007ff888c78000 	C:\WINDOWS\System32\gdi32full.dll
0x00007ff888c80000 - 0x00007ff888d1a000 	C:\WINDOWS\System32\msvcp_win.dll
0x00007ff87cc60000 - 0x00007ff87cc6a000 	C:\WINDOWS\SYSTEM32\VERSION.dll
0x00007ff88b100000 - 0x00007ff88b131000 	C:\WINDOWS\System32\IMM32.DLL
0x00007ff883970000 - 0x00007ff88397c000 	C:\Program Files\Java\jdk-17.0.1\bin\vcruntime140_1.dll
0x00007ff857630000 - 0x00007ff8576bd000 	C:\Program Files\Java\jdk-17.0.1\bin\msvcp140.dll
0x00007ff82af80000 - 0x00007ff82bb3e000 	C:\Program Files\Java\jdk-17.0.1\bin\server\jvm.dll
0x00007ff88acc0000 - 0x00007ff88acc8000 	C:\WINDOWS\System32\PSAPI.DLL
0x00007ff87da20000 - 0x00007ff87da54000 	C:\WINDOWS\SYSTEM32\WINMM.dll
0x00007ff8783a0000 - 0x00007ff8783a9000 	C:\WINDOWS\SYSTEM32\WSOCK32.dll
0x00007ff8891c0000 - 0x00007ff889231000 	C:\WINDOWS\System32\WS2_32.dll
0x00007ff8877a0000 - 0x00007ff8877b8000 	C:\WINDOWS\SYSTEM32\kernel.appcore.dll
0x00007ff878390000 - 0x00007ff87839a000 	C:\Program Files\Java\jdk-17.0.1\bin\jimage.dll
0x00007ff8860f0000 - 0x00007ff886323000 	C:\WINDOWS\SYSTEM32\DBGHELP.DLL
0x00007ff889db0000 - 0x00007ff88a139000 	C:\WINDOWS\System32\combase.dll
0x00007ff88ad80000 - 0x00007ff88ae57000 	C:\WINDOWS\System32\OLEAUT32.dll
0x00007ff869380000 - 0x00007ff8693b2000 	C:\WINDOWS\SYSTEM32\dbgcore.DLL
0x00007ff888e70000 - 0x00007ff888eea000 	C:\WINDOWS\System32\bcryptPrimitives.dll
0x00007ff86dad0000 - 0x00007ff86daf5000 	C:\Program Files\Java\jdk-17.0.1\bin\java.dll
0x00007ff85df60000 - 0x00007ff85e036000 	C:\Program Files\Java\jdk-17.0.1\bin\svml.dll
0x00007ff8892c0000 - 0x00007ff889b1a000 	C:\WINDOWS\System32\SHELL32.dll
0x00007ff8866b0000 - 0x00007ff886fa6000 	C:\WINDOWS\SYSTEM32\windows.storage.dll
0x00007ff886570000 - 0x00007ff8866ae000 	C:\WINDOWS\SYSTEM32\wintypes.dll
0x00007ff88a4d0000 - 0x00007ff88a5c3000 	C:\WINDOWS\System32\SHCORE.dll
0x00007ff88a290000 - 0x00007ff88a2ee000 	C:\WINDOWS\System32\shlwapi.dll
0x00007ff8886e0000 - 0x00007ff888706000 	C:\WINDOWS\SYSTEM32\profapi.dll
0x00007ff86dab0000 - 0x00007ff86dac9000 	C:\Program Files\Java\jdk-17.0.1\bin\net.dll
0x00007ff87dcc0000 - 0x00007ff87ddf7000 	C:\WINDOWS\SYSTEM32\WINHTTP.dll
0x00007ff887cb0000 - 0x00007ff887d19000 	C:\WINDOWS\system32\mswsock.dll
0x00007ff86da90000 - 0x00007ff86daa5000 	C:\Program Files\Java\jdk-17.0.1\bin\nio.dll
0x00007ff86c850000 - 0x00007ff86c868000 	C:\Program Files\Java\jdk-17.0.1\bin\zip.dll
0x000001d384b60000 - 0x000001d384b63000 	C:\Program Files\Java\openjfx-19.0.2.1_windows-x64_bin-sdk\javafx-sdk-19.0.2.1\bin\api-ms-win-core-console-l1-1-0.dll
0x000001d384b70000 - 0x000001d384b73000 	C:\Program Files\Java\openjfx-19.0.2.1_windows-x64_bin-sdk\javafx-sdk-19.0.2.1\bin\api-ms-win-core-console-l1-2-0.dll
0x000001d384b80000 - 0x000001d384b83000 	C:\Program Files\Java\openjfx-19.0.2.1_windows-x64_bin-sdk\javafx-sdk-19.0.2.1\bin\api-ms-win-core-datetime-l1-1-0.dll
0x000001d384b90000 - 0x000001d384b93000 	C:\Program Files\Java\openjfx-19.0.2.1_windows-x64_bin-sdk\javafx-sdk-19.0.2.1\bin\api-ms-win-core-debug-l1-1-0.dll
0x000001d384ba0000 - 0x000001d384ba3000 	C:\Program Files\Java\openjfx-19.0.2.1_windows-x64_bin-sdk\javafx-sdk-19.0.2.1\bin\api-ms-win-core-errorhandling-l1-1-0.dll
0x000001d384bb0000 - 0x000001d384bb4000 	C:\Program Files\Java\openjfx-19.0.2.1_windows-x64_bin-sdk\javafx-sdk-19.0.2.1\bin\api-ms-win-core-file-l1-1-0.dll
0x000001d384bc0000 - 0x000001d384bc3000 	C:\Program Files\Java\openjfx-19.0.2.1_windows-x64_bin-sdk\javafx-sdk-19.0.2.1\bin\api-ms-win-core-file-l1-2-0.dll
0x000001d384bd0000 - 0x000001d384bd3000 	C:\Program Files\Java\openjfx-19.0.2.1_windows-x64_bin-sdk\javafx-sdk-19.0.2.1\bin\api-ms-win-core-file-l2-1-0.dll
0x000001d384be0000 - 0x000001d384be3000 	C:\Program Files\Java\openjfx-19.0.2.1_windows-x64_bin-sdk\javafx-sdk-19.0.2.1\bin\api-ms-win-core-handle-l1-1-0.dll
0x000001d384bf0000 - 0x000001d384bf3000 	C:\Program Files\Java\openjfx-19.0.2.1_windows-x64_bin-sdk\javafx-sdk-19.0.2.1\bin\api-ms-win-core-heap-l1-1-0.dll
0x000001d386000000 - 0x000001d386003000 	C:\Program Files\Java\openjfx-19.0.2.1_windows-x64_bin-sdk\javafx-sdk-19.0.2.1\bin\api-ms-win-core-interlocked-l1-1-0.dll
0x000001d386010000 - 0x000001d386013000 	C:\Program Files\Java\openjfx-19.0.2.1_windows-x64_bin-sdk\javafx-sdk-19.0.2.1\bin\api-ms-win-core-libraryloader-l1-1-0.dll
0x000001d386020000 - 0x000001d386023000 	C:\Program Files\Java\openjfx-19.0.2.1_windows-x64_bin-sdk\javafx-sdk-19.0.2.1\bin\api-ms-win-core-localization-l1-2-0.dll
0x000001d386030000 - 0x000001d386033000 	C:\Program Files\Java\openjfx-19.0.2.1_windows-x64_bin-sdk\javafx-sdk-19.0.2.1\bin\api-ms-win-core-memory-l1-1-0.dll
0x000001d386040000 - 0x000001d386043000 	C:\Program Files\Java\openjfx-19.0.2.1_windows-x64_bin-sdk\javafx-sdk-19.0.2.1\bin\api-ms-win-core-namedpipe-l1-1-0.dll
0x000001d386050000 - 0x000001d386053000 	C:\Program Files\Java\openjfx-19.0.2.1_windows-x64_bin-sdk\javafx-sdk-19.0.2.1\bin\api-ms-win-core-processenvironment-l1-1-0.dll
0x000001d386060000 - 0x000001d386063000 	C:\Program Files\Java\openjfx-19.0.2.1_windows-x64_bin-sdk\javafx-sdk-19.0.2.1\bin\api-ms-win-core-processthreads-l1-1-0.dll
0x000001d386070000 - 0x000001d386073000 	C:\Program Files\Java\openjfx-19.0.2.1_windows-x64_bin-sdk\javafx-sdk-19.0.2.1\bin\api-ms-win-core-processthreads-l1-1-1.dll
0x000001d386080000 - 0x000001d386083000 	C:\Program Files\Java\openjfx-19.0.2.1_windows-x64_bin-sdk\javafx-sdk-19.0.2.1\bin\api-ms-win-core-profile-l1-1-0.dll
0x000001d386090000 - 0x000001d386093000 	C:\Program Files\Java\openjfx-19.0.2.1_windows-x64_bin-sdk\javafx-sdk-19.0.2.1\bin\api-ms-win-core-rtlsupport-l1-1-0.dll
0x000001d3860a0000 - 0x000001d3860a3000 	C:\Program Files\Java\openjfx-19.0.2.1_windows-x64_bin-sdk\javafx-sdk-19.0.2.1\bin\api-ms-win-core-string-l1-1-0.dll
0x000001d3860b0000 - 0x000001d3860b3000 	C:\Program Files\Java\openjfx-19.0.2.1_windows-x64_bin-sdk\javafx-sdk-19.0.2.1\bin\api-ms-win-core-synch-l1-1-0.dll
0x000001d3860c0000 - 0x000001d3860c3000 	C:\Program Files\Java\openjfx-19.0.2.1_windows-x64_bin-sdk\javafx-sdk-19.0.2.1\bin\api-ms-win-core-synch-l1-2-0.dll
0x000001d3860d0000 - 0x000001d3860d3000 	C:\Program Files\Java\openjfx-19.0.2.1_windows-x64_bin-sdk\javafx-sdk-19.0.2.1\bin\api-ms-win-core-sysinfo-l1-1-0.dll
0x000001d3860e0000 - 0x000001d3860e3000 	C:\Program Files\Java\openjfx-19.0.2.1_windows-x64_bin-sdk\javafx-sdk-19.0.2.1\bin\api-ms-win-core-timezone-l1-1-0.dll
0x000001d3860f0000 - 0x000001d3860f3000 	C:\Program Files\Java\openjfx-19.0.2.1_windows-x64_bin-sdk\javafx-sdk-19.0.2.1\bin\api-ms-win-core-util-l1-1-0.dll
0x000001d386100000 - 0x000001d386103000 	C:\Program Files\Java\openjfx-19.0.2.1_windows-x64_bin-sdk\javafx-sdk-19.0.2.1\bin\api-ms-win-crt-conio-l1-1-0.dll
0x000001d386110000 - 0x000001d386114000 	C:\Program Files\Java\openjfx-19.0.2.1_windows-x64_bin-sdk\javafx-sdk-19.0.2.1\bin\api-ms-win-crt-convert-l1-1-0.dll
0x000001d386120000 - 0x000001d386123000 	C:\Program Files\Java\openjfx-19.0.2.1_windows-x64_bin-sdk\javafx-sdk-19.0.2.1\bin\api-ms-win-crt-environment-l1-1-0.dll
0x000001d386130000 - 0x000001d386133000 	C:\Program Files\Java\openjfx-19.0.2.1_windows-x64_bin-sdk\javafx-sdk-19.0.2.1\bin\api-ms-win-crt-filesystem-l1-1-0.dll
0x000001d386140000 - 0x000001d386143000 	C:\Program Files\Java\openjfx-19.0.2.1_windows-x64_bin-sdk\javafx-sdk-19.0.2.1\bin\api-ms-win-crt-heap-l1-1-0.dll
0x000001d386150000 - 0x000001d386153000 	C:\Program Files\Java\openjfx-19.0.2.1_windows-x64_bin-sdk\javafx-sdk-19.0.2.1\bin\api-ms-win-crt-locale-l1-1-0.dll
0x000001d386160000 - 0x000001d386165000 	C:\Program Files\Java\openjfx-19.0.2.1_windows-x64_bin-sdk\javafx-sdk-19.0.2.1\bin\api-ms-win-crt-math-l1-1-0.dll
0x000001d386170000 - 0x000001d386175000 	C:\Program Files\Java\openjfx-19.0.2.1_windows-x64_bin-sdk\javafx-sdk-19.0.2.1\bin\api-ms-win-crt-multibyte-l1-1-0.dll
0x000001d386180000 - 0x000001d386190000 	C:\Program Files\Java\openjfx-19.0.2.1_windows-x64_bin-sdk\javafx-sdk-19.0.2.1\bin\api-ms-win-crt-private-l1-1-0.dll
0x000001d386190000 - 0x000001d386193000 	C:\Program Files\Java\openjfx-19.0.2.1_windows-x64_bin-sdk\javafx-sdk-19.0.2.1\bin\api-ms-win-crt-process-l1-1-0.dll
0x000001d3861a0000 - 0x000001d3861a4000 	C:\Program Files\Java\openjfx-19.0.2.1_windows-x64_bin-sdk\javafx-sdk-19.0.2.1\bin\api-ms-win-crt-runtime-l1-1-0.dll
0x000001d3861b0000 - 0x000001d3861b4000 	C:\Program Files\Java\openjfx-19.0.2.1_windows-x64_bin-sdk\javafx-sdk-19.0.2.1\bin\api-ms-win-crt-stdio-l1-1-0.dll
0x000001d3861c0000 - 0x000001d3861c4000 	C:\Program Files\Java\openjfx-19.0.2.1_windows-x64_bin-sdk\javafx-sdk-19.0.2.1\bin\api-ms-win-crt-string-l1-1-0.dll
0x000001d3861d0000 - 0x000001d3861d3000 	C:\Program Files\Java\openjfx-19.0.2.1_windows-x64_bin-sdk\javafx-sdk-19.0.2.1\bin\api-ms-win-crt-time-l1-1-0.dll
0x000001d3861e0000 - 0x000001d3861e3000 	C:\Program Files\Java\openjfx-19.0.2.1_windows-x64_bin-sdk\javafx-sdk-19.0.2.1\bin\api-ms-win-crt-utility-l1-1-0.dll
0x00007ff8538f0000 - 0x00007ff8539ec000 	C:\Program Files\Java\openjfx-19.0.2.1_windows-x64_bin-sdk\javafx-sdk-19.0.2.1\bin\ucrtbase.dll
0x00007ff876ee0000 - 0x00007ff876efb000 	C:\Program Files\Java\openjfx-19.0.2.1_windows-x64_bin-sdk\javafx-sdk-19.0.2.1\bin\vcruntime140.dll
0x00007ff87f100000 - 0x00007ff87f10c000 	C:\Program Files\Java\openjfx-19.0.2.1_windows-x64_bin-sdk\javafx-sdk-19.0.2.1\bin\vcruntime140_1.dll
0x00007ff851c20000 - 0x00007ff851cae000 	C:\Program Files\Java\openjfx-19.0.2.1_windows-x64_bin-sdk\javafx-sdk-19.0.2.1\bin\msvcp140.dll
0x00007ff87dc60000 - 0x00007ff87dc69000 	C:\Program Files\Java\openjfx-19.0.2.1_windows-x64_bin-sdk\javafx-sdk-19.0.2.1\bin\msvcp140_1.dll
0x00007ff8697c0000 - 0x00007ff8697f0000 	C:\Program Files\Java\openjfx-19.0.2.1_windows-x64_bin-sdk\javafx-sdk-19.0.2.1\bin\msvcp140_2.dll
0x00007ff858ef0000 - 0x00007ff858f1c000 	C:\Program Files\Java\openjfx-19.0.2.1_windows-x64_bin-sdk\javafx-sdk-19.0.2.1\bin\prism_d3d.dll
0x00007ff875bd0000 - 0x00007ff875d79000 	C:\WINDOWS\system32\d3d9.dll
0x00007ff885d30000 - 0x00007ff885d5b000 	C:\WINDOWS\SYSTEM32\dwmapi.dll
0x00007ff885a00000 - 0x00007ff885a36000 	C:\WINDOWS\SYSTEM32\dxcore.dll
0x00007ff885920000 - 0x00007ff8859cb000 	C:\WINDOWS\system32\uxtheme.dll
0x00007ff823b00000 - 0x00007ff823caf000 	C:\WINDOWS\System32\DriverStore\FileRepository\iigd_dch.inf_amd64_51f685305808e3a5\igdumdim64.dll
0x00007ff889c10000 - 0x00007ff889db0000 	C:\WINDOWS\System32\ole32.dll
0x00007ff81fef0000 - 0x00007ff822f93000 	C:\WINDOWS\System32\DriverStore\FileRepository\iigd_dch.inf_amd64_51f685305808e3a5\igd9dxva64.dll
0x00007ff88a780000 - 0x00007ff88abf4000 	C:\WINDOWS\System32\SETUPAPI.dll
0x00007ff8884a0000 - 0x00007ff8884ee000 	C:\WINDOWS\SYSTEM32\cfgmgr32.dll
0x00007ff875050000 - 0x00007ff875459000 	C:\WINDOWS\System32\DriverStore\FileRepository\iigd_dch.inf_amd64_51f685305808e3a5\igdgmm64.dll
0x00007ff87cfb0000 - 0x00007ff87cffa000 	C:\WINDOWS\SYSTEM32\directxdatabasehelper.dll
0x00007ff8575e0000 - 0x00007ff857622000 	C:\Program Files\Java\openjfx-19.0.2.1_windows-x64_bin-sdk\javafx-sdk-19.0.2.1\bin\glass.dll
0x00007ff88a680000 - 0x00007ff88a779000 	C:\WINDOWS\System32\COMDLG32.dll
0x00007ff88a140000 - 0x00007ff88a290000 	C:\WINDOWS\System32\MSCTF.dll
0x00007ff87f4f0000 - 0x00007ff87f517000 	C:\WINDOWS\System32\DriverStore\FileRepository\iigd_dch.inf_amd64_51f685305808e3a5\igdinfo64.dll
0x00007ff86fb60000 - 0x00007ff8732f4000 	C:\WINDOWS\System32\DriverStore\FileRepository\iigd_dch.inf_amd64_51f685305808e3a5\igc64.dll
0x00007ff855230000 - 0x00007ff85525d000 	C:\Program Files\Java\openjfx-19.0.2.1_windows-x64_bin-sdk\javafx-sdk-19.0.2.1\bin\javafx_iio.dll
0x00007ff8575c0000 - 0x00007ff8575d4000 	C:\Program Files\Java\openjfx-19.0.2.1_windows-x64_bin-sdk\javafx-sdk-19.0.2.1\bin\javafx_font.dll
0x00007ff884150000 - 0x00007ff8843c3000 	C:\WINDOWS\SYSTEM32\dwrite.dll
0x00007ff88a5d0000 - 0x00007ff88a680000 	C:\WINDOWS\System32\clbcatq.dll
0x00007ff883b10000 - 0x00007ff883cc0000 	C:\WINDOWS\SYSTEM32\WindowsCodecs.dll
0x00007ff85a170000 - 0x00007ff85a1ce000 	C:\WINDOWS\system32\dataexchange.dll
0x00007ff878470000 - 0x00007ff8786f5000 	C:\WINDOWS\system32\twinapi.appcore.dll
0x00007ff8538b0000 - 0x00007ff8538e2000 	C:\Program Files\Common Files\Microsoft Shared\Ink\rtscom.dll
0x00007ff864930000 - 0x00007ff864a7a000 	C:\WINDOWS\SYSTEM32\textinputframework.dll
0x00007ff885340000 - 0x00007ff885474000 	C:\WINDOWS\SYSTEM32\CoreMessaging.dll
0x00007ff87b8a0000 - 0x00007ff87bc0c000 	C:\WINDOWS\SYSTEM32\CoreUIComponents.dll
0x00007ff888030000 - 0x00007ff88803c000 	C:\WINDOWS\SYSTEM32\CRYPTBASE.DLL

dbghelp: loaded successfully - version: 4.0.5 - missing functions: none
symbol engine: initialized successfully - sym options: 0x614 - pdb path: .;C:\Program Files\Java\jdk-17.0.1\bin;C:\WINDOWS\SYSTEM32;C:\WINDOWS\WinSxS\amd64_microsoft.windows.common-controls_6595b64144ccf1df_6.0.22621.2506_none_270c5ae97388e100;C:\Program Files\Java\jdk-17.0.1\bin\server;C:\Program Files\Java\openjfx-19.0.2.1_windows-x64_bin-sdk\javafx-sdk-19.0.2.1\bin;C:\WINDOWS\System32\DriverStore\FileRepository\iigd_dch.inf_amd64_51f685305808e3a5;C:\Program Files\Common Files\Microsoft Shared\Ink

VM Arguments:
jvm_args: -Dfile.encoding=Cp1252 --module-path=C:\Users\coolnet\Desktop\Java\P2_Ai\bin;C:\Program Files\Java\openjfx-19.0.2.1_windows-x64_bin-sdk\javafx-sdk-19.0.2.1\lib\javafx-swt.jar;C:\Program Files\Java\openjfx-19.0.2.1_windows-x64_bin-sdk\javafx-sdk-19.0.2.1\lib\javafx.base.jar;C:\Program Files\Java\openjfx-19.0.2.1_windows-x64_bin-sdk\javafx-sdk-19.0.2.1\lib\javafx.controls.jar;C:\Program Files\Java\openjfx-19.0.2.1_windows-x64_bin-sdk\javafx-sdk-19.0.2.1\lib\javafx.fxml.jar;C:\Program Files\Java\openjfx-19.0.2.1_windows-x64_bin-sdk\javafx-sdk-19.0.2.1\lib\javafx.graphics.jar;C:\Program Files\Java\openjfx-19.0.2.1_windows-x64_bin-sdk\javafx-sdk-19.0.2.1\lib\javafx.media.jar;C:\Program Files\Java\openjfx-19.0.2.1_windows-x64_bin-sdk\javafx-sdk-19.0.2.1\lib\javafx.swing.jar;C:\Program Files\Java\openjfx-19.0.2.1_windows-x64_bin-sdk\javafx-sdk-19.0.2.1\lib\javafx.web.jar;C:\Program Files\Java\openjfx-19.0.2.1_windows-x64_bin-sdk\javafx-sdk-19.0.2.1\lib\weka-src.jar;C:\Program Files\Java\openjfx-19.0.2.1_windows-x64_bin-sdk\javafx-sdk-19.0.2.1\lib\weka.jar;C:\Users\coolnet\.p2\pool\plugins\org.eclipse.fx.ide.css.jfx8_3.7.0.202010120832.jar -XX:+ShowCodeDetailsInExceptionMessages -Djdk.module.main=P2_Ai 
java_command: P2_Ai/application.Main
java_class_path (initial): <not set>
Launcher Type: SUN_STANDARD

[Global flags]
     intx CICompilerCount                          = 4                                         {product} {ergonomic}
     uint ConcGCThreads                            = 2                                         {product} {ergonomic}
     uint G1ConcRefinementThreads                  = 8                                         {product} {ergonomic}
   size_t G1HeapRegionSize                         = 1048576                                   {product} {ergonomic}
    uintx GCDrainStackTargetSize                   = 64                                        {product} {ergonomic}
   size_t InitialHeapSize                          = 134217728                                 {product} {ergonomic}
   size_t MarkStackSize                            = 4194304                                   {product} {ergonomic}
   size_t MaxHeapSize                              = 2120220672                                {product} {ergonomic}
   size_t MaxNewSize                               = 1271922688                                {product} {ergonomic}
   size_t MinHeapDeltaBytes                        = 1048576                                   {product} {ergonomic}
   size_t MinHeapSize                              = 8388608                                   {product} {ergonomic}
    uintx NonNMethodCodeHeapSize                   = 5839372                                {pd product} {ergonomic}
    uintx NonProfiledCodeHeapSize                  = 122909434                              {pd product} {ergonomic}
    uintx ProfiledCodeHeapSize                     = 122909434                              {pd product} {ergonomic}
    uintx ReservedCodeCacheSize                    = 251658240                              {pd product} {ergonomic}
     bool SegmentedCodeCache                       = true                                      {product} {ergonomic}
     bool ShowCodeDetailsInExceptionMessages       = true                                   {manageable} {command line}
   size_t SoftMaxHeapSize                          = 2120220672                             {manageable} {ergonomic}
     bool UseCompressedClassPointers               = true                           {product lp64_product} {ergonomic}
     bool UseCompressedOops                        = true                           {product lp64_product} {ergonomic}
     bool UseG1GC                                  = true                                      {product} {ergonomic}
     bool UseLargePagesIndividualAllocation        = false                                  {pd product} {ergonomic}

Logging:
Log output configuration:
 #0: stdout all=off uptime,level,tags
 #1: stderr all=off uptime,level,tags

Environment Variables:
JAVA_HOME=C:\Program Files\Java\jdk-17.0.1
PATH=C:/Program Files/Java/jdk-17.0.1/bin/server;C:/Program Files/Java/jdk-17.0.1/bin;C:\Users\coolnet\OneDrive\ \Scripts\;C:\Users;coolnet\OneDrive\ \;C:\Progr;m Files\Common Files\Oracle\Java\javapath;C:\WINDOWS\system32;C:\WINDOWS;C:\WINDOWS\System32\Wbem;C:\WINDOWS\System32\WindowsPowerShell\v1.0\;C:\WINDOWS\System32\OpenSSH\;c:\users\coolnet\desktop\quartoiz\quartus\bin;C:\Program Files\Git\cmd;C:\Users\coolnet\AppData\Local\Microsoft\WindowsApps;C:\Program Files\Java\jdk-17.0.1\bin;E:\IntelliJ IDEA Community Edition 2021.3\bin;C:\Users\coolnet\OneDrive\ \PyCharm Community Edition 2022.2.1\bin;C:\Users\coolnet\AppData\Local\Programs\Microsoft VS Code\bin;C:\Users\coolnet\AppData\Local\gitkraken\bin;%USERPROFILE%\AppData\Local\Microsoft\WindowsApps;;C:\Users\coolnet\OneDrive\ ;
USERNAME=coolnet
OS=Windows_NT
PROCESSOR_IDENTIFIER=Intel64 Family 6 Model 142 Stepping 10, GenuineIntel



---------------  S Y S T E M  ---------------

OS:
 Windows 10 , 64 bit Build 22621 (10.0.22621.2506)
OS uptime: 0 days 9:10 hours
Hyper-V role detected

CPU: total 8 (initial active 8) (4 cores per cpu, 2 threads per core) family 6 model 142 stepping 10 microcode 0xf0, cx8, cmov, fxsr, ht, mmx, 3dnowpref, sse, sse2, sse3, ssse3, sse4.1, sse4.2, popcnt, lzcnt, tsc, tscinvbit, avx, avx2, aes, erms, clmul, bmi1, bmi2, adx, fma, vzeroupper, clflush, clflushopt, hv

Memory: 4k page, system-wide physical 8083M (3177M free)
TotalPageFile size 13459M (AvailPageFile size 5567M)
current process WorkingSet (physical memory assigned to process): 150M, peak: 165M
current process commit charge ("private bytes"): 275M, peak: 305M

vm_info: Java HotSpot(TM) 64-Bit Server VM (17.0.1+12-LTS-39) for windows-amd64 JRE (17.0.1+12-LTS-39), built on Sep 27 2021 18:41:35 by "mach5one" with MS VC++ 16.8 (VS2019)

END.
